2025-02-06 20:29:36,448 - INFO - Baixando análise do Teto MAC de 420245...
2025-02-06 20:29:41,434 - INFO - Acessando SISMAC...
2025-02-06 20:29:41,434 - INFO - Baixando Portarias de 420245...
2025-02-06 20:29:48,221 - INFO - Município 420245 selecionado.
2025-02-06 20:30:18,390 - ERROR - Um erro ocorreu: Message: 

2025-02-06 20:39:32,751 - INFO - Baixando análise do Teto MAC de 420245...
2025-02-06 20:39:37,737 - INFO - Acessando SISMAC...
2025-02-06 20:39:37,737 - INFO - Baixando Portarias de 420245...
2025-02-06 20:39:43,600 - INFO - Município 420245 selecionado.
2025-02-06 20:39:44,752 - INFO - 10 linhas encontradas na tabela.
2025-02-06 20:39:44,848 - INFO - Opção '100' selecionada no dropdown.
2025-02-06 20:39:44,848 - INFO - Aguardando carregamento das linhas da tabela...
2025-02-06 20:39:44,867 - INFO - Linhas da tabela carregadas!
2025-02-06 20:39:49,897 - INFO - 32 linhas encontradas.
2025-02-06 20:39:52,047 - INFO - Dados da tabela extraídos.
2025-02-06 20:39:52,048 - INFO - DataFrame criado:
2025-02-06 20:39:52,048 - INFO -           Portaria        Data                 Tipo                           Incentivo                       Área Competência         Valor
0    GM 05743/2024  06/12/2024            Renovação        Incentivo UPA - Qualificação                        UPA    12ª/2024    840.000,00
1   REM 04210/2024  13/09/2024  Remanejamento_Intra                         DECISÃO CIB  Média e Alta Complexidade    10ª/2024   -391.215,00
2    GM 03406/2024  26/03/2024            Renovação       Incentivo SAMU - Qualificação                       SAMU     3ª/2024    137.186,40
3    GM 01631/2023  24/10/2023            Acréscimo                      Incentivo SAMU                       SAMU     8ª/2023    204.750,00
4   REM 04210/2023  15/09/2023  Remanejamento_Intra                         DECISÃO CIB  Média e Alta Complexidade    10ª/2023     -1.562,88
5   REM 04209/2023  10/08/2023  Remanejamento_Intra                         DECISÃO CIB  Média e Alta Complexidade     9ª/2023       -971,40
6   REM 04207/2021  14/06/2021  Remanejamento_Intra                         DECISÃO CIB  Média e Alta Complexidade     7ª/2021      1.302,72
7   REM 04206/2021  14/05/2021  Remanejamento_Intra                         DECISÃO CIB  Média e Alta Complexidade     6ª/2021        197,64
8    GM 03524/2020  18/12/2020            Acréscimo                       Incentivo UPA                        UPA     1ª/2021  1.200.000,00
9   REM 04211/2020  15/10/2020  Remanejamento_Intra                         DECISÃO CIB  Média e Alta Complexidade    11ª/2020    -49.585,38
10  REM 04210/2020  18/09/2020  Remanejamento_Intra                         DECISÃO CIB  Média e Alta Complexidade    10ª/2020     56.725,02
11  SAS 01435/2019  26/12/2019  Remanejamento_Intra                         DECISÃO CIB  Média e Alta Complexidade     1ª/2020        -12,00
12  SAS 01215/2019  22/10/2019  Remanejamento_Intra                         DECISÃO CIB  Média e Alta Complexidade    11ª/2019         10,74
13  SAS 01141/2019  07/10/2019  Remanejamento_Intra                         DECISÃO CIB  Média e Alta Complexidade    10ª/2019    -66.448,00
14  SAS 00614/2019  24/05/2019  Remanejamento_Intra                         DECISÃO CIB  Média e Alta Complexidade     6ª/2019    361.205,40
15  SAS 01646/2018  25/10/2018  Remanejamento_Intra                         DECISÃO CIB  Média e Alta Complexidade    11ª/2018     43.664,53
16  SAS 01046/2018  16/07/2018  Remanejamento_Intra                         DECISÃO CIB  Média e Alta Complexidade     8ª/2018        498,48
17  SAS 00726/2018  01/06/2018  Remanejamento_Intra                         DECISÃO CIB  Média e Alta Complexidade     6ª/2018     13.788,60
18  SAS 01807/2017  07/12/2017  Remanejamento_Intra                         DECISÃO CIB  Média e Alta Complexidade    12ª/2017     -4.927,08
19  SAS 01647/2017  23/11/2017  Remanejamento_Intra                         DECISÃO CIB  Média e Alta Complexidade    11ª/2017     14.009,40
20  SAS 00777/2017  19/04/2017  Remanejamento_Intra                         DECISÃO CIB  Média e Alta Complexidade     5ª/2017      6.746,28
21  SAS 00236/2017  30/01/2017  Remanejamento_Intra                         DECISÃO CIB  Média e Alta Complexidade     2ª/2017     22.790,73
22  SAS 01545/2016  03/11/2016  Remanejamento_Intra                         DECISÃO CIB  Média e Alta Complexidade    11ª/2016     24.831,72
23  SAS 01287/2015  21/12/2015  Remanejamento_Intra                         DECISÃO CIB  Média e Alta Complexidade     1ª/2016    -44.957,77
24  SAS 01177/2015  20/11/2015  Remanejamento_Intra                         DECISÃO CIB  Média e Alta Complexidade    12ª/2015     50.577,49
25  SAS 00286/2011  20/06/2011  Remanejamento_Intra                         DECISÃO CIB  Média e Alta Complexidade     7ª/2011      9.729,72
26  SAS 00658/2010  06/12/2010  Remanejamento_Intra                         DECISÃO CIB  Média e Alta Complexidade    12ª/2010     48.361,80
27  SAS 00497/2010  24/09/2010  Remanejamento_Intra                         DECISÃO CIB  Média e Alta Complexidade    10ª/2010         -2,04
28  SAS 00297/2010  29/06/2010  Remanejamento_Intra                         DECISÃO CIB  Média e Alta Complexidade     7ª/2010    -35.088,00
29  SAS 00257/2010  01/06/2010  Remanejamento_Intra                         DECISÃO CIB  Média e Alta Complexidade     6ª/2010     92.588,88
30  SAS 00218/2010  05/05/2010  Remanejamento_Intra                         DECISÃO CIB  Média e Alta Complexidade     5ª/2010     94.311,69
31                  31/12/2002       Limite Inicial  Limite Financeiro MAC até Jan/2003  Média e Alta Complexidade     1ª/2003          0,00
2025-02-06 20:39:52,069 - INFO - Dados salvos em tabela_analise.json
2025-02-06 20:45:52,610 - INFO - Baixando análise do Teto MAC de 420245...
2025-02-06 20:45:58,414 - INFO - Acessando SISMAC...
2025-02-06 20:45:58,414 - INFO - Baixando Portarias de 420245...
2025-02-06 20:46:05,518 - INFO - Município 420245 selecionado.
2025-02-06 20:46:35,734 - ERROR - Um erro ocorreu: Message: 

2025-02-06 20:53:10,859 - INFO - Baixando análise do Teto MAC de 420245...
2025-02-06 20:53:16,343 - INFO - Acessando SISMAC...
2025-02-06 20:53:16,344 - INFO - Baixando Portarias de 420245...
2025-02-06 20:53:23,007 - INFO - Município 420245 selecionado.
2025-02-06 20:53:53,197 - ERROR - Um erro ocorreu: Message: 

2025-02-06 21:02:03,400 - INFO - Baixando análise do Teto MAC de 420245...
2025-02-06 21:02:08,653 - INFO - Acessando SISMAC...
2025-02-06 21:02:08,654 - INFO - Baixando Portarias de 420245...
2025-02-06 21:02:15,195 - INFO - Município 420245 selecionado.
2025-02-06 21:02:45,401 - ERROR - Um erro ocorreu: Message: 

2025-02-06 21:36:41,069 - INFO - Baixando análise do Teto MAC de 421350...
2025-02-06 21:36:45,155 - INFO - Acessando SISMAC...
2025-02-06 21:36:45,155 - INFO - Baixando Portarias de 421350...
2025-02-06 21:36:51,120 - INFO - Município 421350 selecionado.
2025-02-06 21:36:52,034 - INFO - 10 linhas encontradas na tabela.
2025-02-06 21:36:52,415 - INFO - Opção '100' selecionada no dropdown.
2025-02-06 21:36:52,415 - INFO - Aguardando carregamento das linhas da tabela...
2025-02-06 21:36:52,482 - INFO - Linhas da tabela carregadas!
2025-02-06 21:36:57,507 - INFO - 32 linhas encontradas.
2025-02-06 21:36:59,525 - INFO - Dados da tabela extraídos.
2025-02-06 21:36:59,526 - INFO - DataFrame criado:
2025-02-06 21:36:59,526 - INFO -           Portaria        Data                 Tipo                           Incentivo                       Área Competência        Valor
0   REM 04210/2024  13/09/2024  Remanejamento_Intra                         DECISÃO CIB  Média e Alta Complexidade    10ª/2024   591.546,48
1    GM 02452/2023  20/12/2023            Acréscimo   Incentivo CAPS I, II, III, i e ad          Saúde Mental-RAPS    12ª/2023   431.736,00
2   REM 04210/2023  15/09/2023  Remanejamento_Intra                         DECISÃO CIB  Média e Alta Complexidade    10ª/2023       372,12
3   REM 04207/2022  13/06/2022  Remanejamento_Intra                         DECISÃO CIB  Média e Alta Complexidade     7ª/2022      -972,24
4    GM 01098/2022  13/05/2022            Acréscimo             TABELA DE PROCEDIMENTOS  Média e Alta Complexidade     6ª/2022     1.619,25
5   REM 04207/2021  14/06/2021  Remanejamento_Intra                         DECISÃO CIB  Média e Alta Complexidade     7ª/2021     1.572,36
6   REM 04206/2021  14/05/2021  Remanejamento_Intra                         DECISÃO CIB  Média e Alta Complexidade     6ª/2021        -3,60
7   REM 04211/2020  15/10/2020  Remanejamento_Intra                         DECISÃO CIB  Média e Alta Complexidade    11ª/2020   -59.591,02
8   REM 04210/2020  18/09/2020  Remanejamento_Intra                         DECISÃO CIB  Média e Alta Complexidade    10ª/2020    59.591,02
9   SAS 01435/2019  26/12/2019  Remanejamento_Intra                         DECISÃO CIB  Média e Alta Complexidade     1ª/2020       -19,20
10  SAS 01215/2019  22/10/2019  Remanejamento_Intra                         DECISÃO CIB  Média e Alta Complexidade    11ª/2019        19,73
11  SAS 01141/2019  07/10/2019  Remanejamento_Intra                         DECISÃO CIB  Média e Alta Complexidade    10ª/2019   -14.574,29
12  SAS 01050/2019  10/09/2019  Remanejamento_Intra                         DECISÃO CIB  Média e Alta Complexidade     9ª/2019  -195.924,96
13  SAS 00854/2019  22/07/2019  Remanejamento_Intra                         DECISÃO CIB  Média e Alta Complexidade     8ª/2019   391.849,92
14  SAS 00777/2019  27/06/2019  Remanejamento_Intra                         DECISÃO CIB  Média e Alta Complexidade     7ª/2019  -156.018,24
15  SAS 00614/2019  24/05/2019  Remanejamento_Intra                         DECISÃO CIB  Média e Alta Complexidade     6ª/2019   244.847,04
16  SAS 01646/2018  25/10/2018  Remanejamento_Intra                         DECISÃO CIB  Média e Alta Complexidade    11ª/2018    47.941,80
17  SAS 01046/2018  16/07/2018  Remanejamento_Intra                         DECISÃO CIB  Média e Alta Complexidade     8ª/2018       514,92
18  SAS 00726/2018  01/06/2018  Remanejamento_Intra                         DECISÃO CIB  Média e Alta Complexidade     6ª/2018        -5,04
19  SAS 01807/2017  07/12/2017  Remanejamento_Intra                         DECISÃO CIB  Média e Alta Complexidade    12ª/2017   -24.248,52
20  SAS 01647/2017  23/11/2017  Remanejamento_Intra                         DECISÃO CIB  Média e Alta Complexidade    11ª/2017    52.029,24
21  SAS 00777/2017  19/04/2017  Remanejamento_Intra                         DECISÃO CIB  Média e Alta Complexidade     5ª/2017     1.407,00
22  SAS 00236/2017  30/01/2017  Remanejamento_Intra                         DECISÃO CIB  Média e Alta Complexidade     2ª/2017    25.023,24
23  SAS 01287/2015  21/12/2015  Remanejamento_Intra                         DECISÃO CIB  Média e Alta Complexidade     1ª/2016   -49.795,05
24  SAS 01177/2015  20/11/2015  Remanejamento_Intra                         DECISÃO CIB  Média e Alta Complexidade    12ª/2015    56.019,43
25  SAS 00305/2015  02/04/2015  Remanejamento_Intra                         DECISÃO CIB  Média e Alta Complexidade     4ª/2015   156.018,24
26  SAS 00128/2014  24/02/2014  Remanejamento_Intra                         DECISÃO CIB  Média e Alta Complexidade     3ª/2014    11.990,64
27  SAS 00665/2012  18/07/2012  Remanejamento_Intra                         DECISÃO CIB  Média e Alta Complexidade     8ª/2012       118,80
28  SAS 00221/2012  20/03/2012  Remanejamento_Intra                         DECISÃO CIB  Média e Alta Complexidade     4ª/2012       411,60
29  SAS 00030/2012  19/01/2012  Remanejamento_Intra                         DECISÃO CIB  Média e Alta Complexidade     2ª/2012    50.697,12
30  SAS 00701/2011  20/10/2011  Remanejamento_Intra                         DECISÃO CIB  Média e Alta Complexidade    11ª/2011   168.436,46
31                  31/12/2002       Limite Inicial  Limite Financeiro MAC até Jan/2003  Média e Alta Complexidade     1ª/2003         0,00
2025-02-06 21:36:59,548 - INFO - Dados salvos em tabela_analise.json
2025-04-10 22:52:31,398 - INFO - Baixando análise do Teto MAC de 261450...
2025-04-10 22:52:34,888 - INFO - Acessando SISMAC...
2025-04-10 22:52:34,888 - INFO - Baixando Portarias de 261450...
2025-04-10 22:52:39,865 - INFO - Município 261450 selecionado.
2025-04-10 22:52:40,618 - INFO - 10 linhas encontradas na tabela.
2025-04-10 22:52:40,716 - INFO - Opção '100' selecionada no dropdown.
2025-04-10 22:52:40,716 - INFO - Aguardando carregamento das linhas da tabela...
2025-04-10 22:52:40,733 - INFO - Linhas da tabela carregadas!
2025-04-10 22:52:45,747 - INFO - 26 linhas encontradas.
2025-04-10 22:52:47,675 - INFO - Dados da tabela extraídos.
2025-04-10 22:52:47,676 - INFO - DataFrame criado:
2025-04-10 22:52:47,676 - INFO -           Portaria        Data                 Tipo                           Incentivo                       Área Competência         Valor
0    GM 03949/2024  28/06/2024            Acréscimo    Incentivo EMAD I, EMAD II e EMAP             Melhor em Casa     1ª/2024    180.000,00
1    GM 03949/2024  28/06/2024      Recurso Mantido    Incentivo EMAD I, EMAD II e EMAP             Melhor em Casa     1ª/2024    600.000,00
2    GM 02619/2023  27/12/2023            Acréscimo    Incentivo EMAD I, EMAD II e EMAP             Melhor em Casa    12ª/2023     93.600,00
3    GM 01631/2023  24/10/2023            Acréscimo                      Incentivo SAMU                       SAMU     8ª/2023    805.350,00
4    GM 01261/2023  13/09/2023            Acréscimo   Incentivo CAPS I, II, III, i e ad          Saúde Mental-RAPS     6ª/2023     92.076,00
5    GM 01388/2022  10/06/2022            Acréscimo             TABELA DE PROCEDIMENTOS  Média e Alta Complexidade     7ª/2022    101.809,01
6    GM 00015/2018  05/01/2018            Acréscimo       ALTERAÇÃO FORMA FINANCIAMENTO  Média e Alta Complexidade     2ª/2018     55.305,00
7    GM 02200/2014  06/10/2014            Acréscimo   Incentivo HOSPITAIS FILANTRÓPICOS          Outros Incentivos    11ª/2014    700.813,44
8    GM 02602/2012  19/11/2012            Acréscimo             TABELA DE PROCEDIMENTOS  Média e Alta Complexidade     1ª/2013      2.000,00
9    GM 01416/2012  09/07/2012            Acréscimo   Incentivo HOSPITAIS FILANTRÓPICOS          Outros Incentivos     2ª/2012    210.847,43
10   GM 03099/2011  26/12/2011            Acréscimo   Incentivo CAPS I, II, III, i e ad          Saúde Mental-RAPS     1ª/2012    149.754,21
11   GM 02506/2011  27/10/2011            Acréscimo   Incentivo HOSPITAIS FILANTRÓPICOS          Outros Incentivos     8ª/2011    229.808,68
12  SAS 00511/2011  06/09/2011            Acréscimo             TABELA DE PROCEDIMENTOS  Média e Alta Complexidade    10ª/2011    114.981,45
13   GM 04120/2010  24/12/2010            Acréscimo             TABELA DE PROCEDIMENTOS  Média e Alta Complexidade     1ª/2011         51,49
14   GM 01946/2009  28/08/2009            Acréscimo             TABELA DE PROCEDIMENTOS  Média e Alta Complexidade    10ª/2009        131,47
15   GM 01195/2009  05/06/2009            Acréscimo   Incentivo CAPS I, II, III, i e ad          Saúde Mental-RAPS     7ª/2009     47.476,44
16  SAS 00056/2009  04/03/2009  Remanejamento_Intra                         DECISÃO CIB  Média e Alta Complexidade     3ª/2009     88.355,32
17   GM 03194/2008  31/12/2008            Acréscimo             TABELA DE PROCEDIMENTOS  Média e Alta Complexidade     1ª/2009    223.965,75
18   GM 02867/2008  28/11/2008            Acréscimo       ALTERAÇÃO FORMA FINANCIAMENTO  Média e Alta Complexidade    12ª/2008     29.659,68
19   GM 02867/2008  28/11/2008            Acréscimo              Incentivo SAUDE MENTAL          Saúde Mental-RAPS    12ª/2008    142.429,35
20  SAS 00300/2008  28/05/2008  Remanejamento_Intra                         DECISÃO CIB  Média e Alta Complexidade     6ª/2008    190.544,35
21  SAS 00149/2008  14/03/2008  Remanejamento_Intra                         DECISÃO CIB  Média e Alta Complexidade     4ª/2008   -160.544,35
22  SAS 00720/2007  31/12/2007            Acréscimo                AMPLIAÇÃO - TETO MAC  Média e Alta Complexidade    10ª/2007    418.678,87
23   GM 02640/2007  17/10/2007            Acréscimo             TABELA DE PROCEDIMENTOS  Média e Alta Complexidade    10ª/2007    539.809,25
24  SAS 00551/2007  15/10/2007  Remanejamento_Intra                         DECISÃO CIB  Média e Alta Complexidade    10ª/2007  2.067.567,84
25                  31/12/2002       Limite Inicial  Limite Financeiro MAC até Jan/2003  Média e Alta Complexidade     1ª/2003  3.498.313,29
2025-04-10 22:52:47,699 - INFO - Dados salvos em tabela_analise.json
