2025-02-06 20:33:03,375 - INFO - Iniciando análise de correlação.
2025-02-06 20:33:03,376 - INFO - Carregando dados do SIA do arquivo: SIA.json
2025-02-06 20:33:03,376 - INFO - Dados do SIA carregados com sucesso. Anos disponíveis: ['2010', '2011', '2012', '2013', '2014', '2015', '2016', '2017', '2018', '2019', '2020', '2021', '2022', '2023', '2024']
2025-02-06 20:33:03,376 - INFO - Carregando dados do SIH do arquivo: SIH.json
2025-02-06 20:33:03,376 - ERROR - Arquivo não encontrado: SIH.json
2025-02-06 20:33:03,376 - INFO - Carregando dados do MAC do arquivo: evolucao_mac.json
2025-02-06 20:33:03,377 - INFO - Último ano repetido para Sem Incentivos: 2025 -> 2026
2025-02-06 20:33:03,377 - INFO - Último ano repetido para Incentivos: 2025 -> 2026
2025-02-06 20:33:03,377 - INFO - Último ano repetido para Teto Financeiro MAC: 2025 -> 2026
2025-02-06 20:33:03,377 - INFO - Dados do MAC carregados com sucesso.
2025-02-06 20:33:03,377 - ERROR - Não foi possível carregar os dados do SIH. Análise abortada.
2025-02-06 20:42:35,739 - INFO - Iniciando análise de correlação.
2025-02-06 20:42:35,739 - INFO - Carregando dados do SIA do arquivo: SIA.json
2025-02-06 20:42:35,739 - INFO - Dados do SIA carregados com sucesso. Anos disponíveis: ['2010', '2011', '2012', '2013', '2014', '2015', '2016', '2017', '2018', '2019', '2020', '2021', '2022', '2023', '2024']
2025-02-06 20:42:35,739 - INFO - Carregando dados do SIH do arquivo: SIH.json
2025-02-06 20:42:35,739 - ERROR - Arquivo não encontrado: SIH.json
2025-02-06 20:42:35,740 - INFO - Carregando dados do MAC do arquivo: evolucao_mac.json
2025-02-06 20:42:35,740 - INFO - Último ano repetido para Sem Incentivos: 2025 -> 2026
2025-02-06 20:42:35,740 - INFO - Último ano repetido para Incentivos: 2025 -> 2026
2025-02-06 20:42:35,740 - INFO - Último ano repetido para Teto Financeiro MAC: 2025 -> 2026
2025-02-06 20:42:35,740 - INFO - Dados do MAC carregados com sucesso.
2025-02-06 20:42:35,740 - ERROR - Não foi possível carregar os dados do SIH. Análise abortada.
2025-02-06 20:49:19,475 - INFO - Iniciando análise de correlação.
2025-02-06 20:49:19,476 - INFO - Carregando dados do SIA do arquivo: SIA.json
2025-02-06 20:49:19,476 - INFO - Dados do SIA carregados com sucesso. Anos disponíveis: ['2010', '2011', '2012', '2013', '2014', '2015', '2016', '2017', '2018', '2019', '2020', '2021', '2022', '2023', '2024']
2025-02-06 20:49:19,476 - INFO - Carregando dados do SIH do arquivo: SIH.json
2025-02-06 20:49:19,476 - WARNING - Dados do SIH ausentes ou em formato inválido no arquivo: SIH.json
2025-02-06 20:49:19,476 - INFO - Carregando dados do MAC do arquivo: evolucao_mac.json
2025-02-06 20:49:19,476 - INFO - Último ano repetido para Sem Incentivos: 2025 -> 2026
2025-02-06 20:49:19,477 - INFO - Último ano repetido para Incentivos: 2025 -> 2026
2025-02-06 20:49:19,477 - INFO - Último ano repetido para Teto Financeiro MAC: 2025 -> 2026
2025-02-06 20:49:19,477 - INFO - Dados do MAC carregados com sucesso.
2025-02-06 20:49:19,477 - ERROR - Não foi possível carregar os dados do SIH. Análise abortada.
2025-02-06 20:56:35,613 - INFO - Iniciando análise de correlação.
2025-02-06 20:56:35,613 - INFO - Carregando dados do SIA do arquivo: SIA.json
2025-02-06 20:56:35,613 - INFO - Dados do SIA carregados com sucesso. Anos disponíveis: ['2010', '2011', '2012', '2013', '2014', '2015', '2016', '2017', '2018', '2019', '2020', '2021', '2022', '2023', '2024']
2025-02-06 20:56:35,614 - INFO - Carregando dados do SIH do arquivo: SIH.json
2025-02-06 20:56:35,614 - WARNING - Dados do SIH ausentes ou em formato inválido no arquivo: SIH.json
2025-02-06 20:56:35,614 - INFO - Carregando dados do MAC do arquivo: evolucao_mac.json
2025-02-06 20:56:35,614 - INFO - Último ano repetido para Sem Incentivos: 2024 -> 2025
2025-02-06 20:56:35,614 - INFO - Último ano repetido para Incentivos: 2024 -> 2025
2025-02-06 20:56:35,614 - INFO - Último ano repetido para Teto Financeiro MAC: 2024 -> 2025
2025-02-06 20:56:35,614 - INFO - Dados do MAC carregados com sucesso.
2025-02-06 20:56:35,615 - ERROR - Não foi possível carregar os dados do SIH. Análise abortada.
2025-02-06 20:58:53,016 - INFO - Último ano repetido para Sem Incentivos: 2024 -> 2025
2025-02-06 20:58:53,017 - INFO - Último ano repetido para Incentivos: 2024 -> 2025
2025-02-06 20:58:53,017 - INFO - Último ano repetido para Teto Financeiro MAC: 2024 -> 2025
2025-02-06 21:05:52,976 - INFO - Iniciando análise de correlação.
2025-02-06 21:05:52,976 - INFO - Carregando dados do SIA do arquivo: SIA.json
2025-02-06 21:05:52,977 - INFO - Dados do SIA carregados com sucesso. Anos disponíveis: ['2010', '2011', '2012', '2013', '2014', '2015', '2016', '2017', '2018', '2019', '2020', '2021', '2022', '2023', '2024']
2025-02-06 21:05:52,977 - INFO - Carregando dados do SIH do arquivo: SIH.json
2025-02-06 21:05:52,977 - WARNING - Dados do SIH ausentes ou em formato inválido no arquivo: SIH.json
2025-02-06 21:05:52,977 - INFO - Carregando dados do MAC do arquivo: evolucao_mac.json
2025-02-06 21:05:52,978 - INFO - Último ano repetido para Sem Incentivos: 2025 -> 2026
2025-02-06 21:05:52,978 - INFO - Último ano repetido para Incentivos: 2025 -> 2026
2025-02-06 21:05:52,978 - INFO - Último ano repetido para Teto Financeiro MAC: 2025 -> 2026
2025-02-06 21:05:52,978 - INFO - Dados do MAC carregados com sucesso.
2025-02-06 21:05:52,978 - ERROR - Não foi possível carregar os dados do SIH. Análise abortada.
2025-02-06 21:40:04,792 - INFO - Iniciando análise de correlação.
2025-02-06 21:40:04,792 - INFO - Carregando dados do SIA do arquivo: SIA.json
2025-02-06 21:40:04,793 - INFO - Dados do SIA carregados com sucesso. Anos disponíveis: ['2011', '2012', '2013', '2014', '2015', '2016', '2017', '2018', '2019', '2020', '2021', '2022', '2023', '2024']
2025-02-06 21:40:04,793 - INFO - Carregando dados do SIH do arquivo: SIH.json
2025-02-06 21:40:04,793 - WARNING - Dados do SIH ausentes ou em formato inválido no arquivo: SIH.json
2025-02-06 21:40:04,793 - INFO - Carregando dados do MAC do arquivo: evolucao_mac.json
2025-02-06 21:40:04,793 - INFO - Último ano repetido para Sem Incentivos: 2025 -> 2026
2025-02-06 21:40:04,793 - INFO - Último ano repetido para Incentivos: 2025 -> 2026
2025-02-06 21:40:04,793 - INFO - Último ano repetido para Teto Financeiro MAC: 2025 -> 2026
2025-02-06 21:40:04,794 - INFO - Dados do MAC carregados com sucesso.
2025-02-06 21:40:04,794 - ERROR - Não foi possível carregar os dados do SIH. Análise abortada.
2025-04-10 22:56:10,644 - INFO - Iniciando análise de correlação.
2025-04-10 22:56:10,683 - INFO - Carregando dados do SIA do arquivo: SIA.json
2025-04-10 22:56:10,683 - INFO - Dados do SIA carregados com sucesso. Anos disponíveis: ['2011', '2012', '2013', '2014', '2015', '2016', '2017', '2018', '2019', '2020', '2021', '2022', '2023', '2024', '2025']
2025-04-10 22:56:10,683 - INFO - Carregando dados do SIH do arquivo: SIH.json
2025-04-10 22:56:10,683 - INFO - Dados do SIH carregados com sucesso. Grupos disponíveis: ['03 Procedimentos clinicos', '04 Procedimentos cirurgicos']
2025-04-10 22:56:10,683 - INFO - Carregando dados do MAC do arquivo: evolucao_mac.json
2025-04-10 22:56:10,684 - INFO - Último ano repetido para Sem Incentivos: 2025 -> 2026
2025-04-10 22:56:10,684 - INFO - Último ano repetido para Incentivos: 2025 -> 2026
2025-04-10 22:56:10,684 - INFO - Último ano repetido para Teto Financeiro MAC: 2025 -> 2026
2025-04-10 22:56:10,684 - INFO - Dados do MAC carregados com sucesso.
2025-04-10 22:56:10,684 - INFO - Anos no SIA: {'2016', '2022', '2011', '2023', '2012', '2018', '2024', '2019', '2014', '2013', '2025', '2020', '2021', '2015', '2017'}
2025-04-10 22:56:10,684 - INFO - Anos no SIH: {'2016', '2022', '2011', '2023', '2012', '2018', '2024', '2019', '2014', '2013', '2025', '2020', '2021', '2015', '2017'}
2025-04-10 22:56:10,684 - INFO - Anos no MAC: {'2010', '2016', '2026', '2015', '2017', '2012', '2018', '2008', '2013', '2020', '2022', '2011', '2025', '2021', '2023', '2009', '2019', '2014', '2024'}
2025-04-10 22:56:10,684 - INFO - Anos comuns: {'2016', '2023', '2011', '2022', '2012', '2018', '2024', '2019', '2014', '2013', '2025', '2020', '2021', '2015', '2017'}
2025-04-10 22:56:14,072 - INFO - Correlação para Média Complexidade: 0.2932229436213606
2025-04-10 22:56:18,121 - INFO - Correlação para Alta Complexidade: 0.15576520820355763
2025-04-10 22:56:22,356 - INFO - Correlação para Total Ambulatorial: 0.2934143053412142
2025-04-10 22:56:27,007 - INFO - Correlação para 03 Procedimentos clinicos: -0.6618298388479047
2025-04-10 22:56:31,001 - INFO - Correlação para 04 Procedimentos cirurgicos: -0.7100833850856609
2025-04-10 22:56:35,631 - INFO - Análise salva em 'analise_correlacao.json'.
