2025-02-06 19:57:56,168 - WARNING - Retrying (Retry(total=2, connect=None, read=None, redirect=None, status=None)) after connection broken by 'ProtocolError('Connection aborted.', ConnectionResetError(104, 'Connection reset by peer'))': /session/5e0b6d40fe420996e8a494da1968b815
2025-02-06 19:57:56,169 - WARNING - Retrying (Retry(total=1, connect=None, read=None, redirect=None, status=None)) after connection broken by 'NewConnectionError('<urllib3.connection.HTTPConnection object at 0x7ff1ea972850>: Failed to establish a new connection: [Errno 111] Connection refused')': /session/5e0b6d40fe420996e8a494da1968b815
2025-02-06 19:57:56,170 - WARNING - Retrying (Retry(total=0, connect=None, read=None, redirect=None, status=None)) after connection broken by 'NewConnectionError('<urllib3.connection.HTTPConnection object at 0x7ff1e9eb9550>: Failed to establish a new connection: [Errno 111] Connection refused')': /session/5e0b6d40fe420996e8a494da1968b815
2025-02-06 19:57:59,981 - INFO - Baixando Evolução do Teto MAC...
2025-02-06 19:57:59,982 - INFO - Waiting for 'Município' link...
2025-02-06 19:58:02,353 - INFO - 'Município' link clicked!
2025-02-06 19:58:11,545 - INFO - Waiting for table to load...
2025-02-06 19:58:11,556 - INFO - Table loaded!
2025-02-06 19:58:12,577 - INFO - Found 4 rows.
2025-02-06 19:58:12,697 - INFO - Table data extracted.
2025-02-06 19:58:12,697 - INFO - JSON atualizado e salvo com sucesso.
2025-02-06 19:58:19,164 - INFO - Baixando Evolução do Teto MAC...
2025-02-06 19:58:19,164 - INFO - Waiting for 'Município' link...
2025-02-06 19:58:19,351 - INFO - 'Município' link clicked!
2025-02-06 19:58:28,618 - INFO - Waiting for dropdown...
2025-02-06 19:58:28,749 - INFO - Dropdown option '80' selected!
2025-02-06 19:58:28,749 - INFO - Waiting for table rows to load...
2025-02-06 19:58:28,784 - INFO - Table rows loaded!
2025-02-06 19:58:29,804 - INFO - Found 15 rows.
2025-02-06 19:58:30,436 - INFO - Table data extracted.
2025-02-06 19:58:30,438 - INFO - DataFrame created:
2025-02-06 19:58:30,438 - INFO -    Referência Sem Incentivos    Incentivos Teto Financeiro MAC
0        2010     103.370,28     50.000,00          153.370,28
1        2011     205.037,19    150.000,00          355.037,19
2        2012     209.902,05    185.000,00          394.902,05
3        2013     209.902,08    230.088,00          439.990,08
4        2014     209.902,08    323.028,00          532.930,08
5        2015     214.116,87    323.028,00          537.144,87
6        2016     219.660,42    323.028,00          542.688,42
7        2017     267.666,88    323.028,00          590.694,88
8        2018     294.501,29    268.028,00          562.529,29
9        2019     531.017,37    241.109,00          772.126,37
10       2020     637.597,60    263.028,00          900.625,60
11       2021     639.586,86  1.363.028,00        2.002.614,86
12       2022     640.320,57  2.233.028,00        2.873.348,57
13       2023     639.606,05  2.309.603,70        2.949.209,75
14       2024     539.982,54  2.289.072,00        2.829.054,54
2025-02-06 19:58:30,457 - INFO - Dados carregados do arquivo evolucao_mac.json.
2025-02-06 19:58:30,458 - INFO - Dados salvos no arquivo evolucao_mac.json.
2025-02-06 19:58:30,460 - INFO - Dados carregados do arquivo evolucao_mac.json.
2025-02-06 19:58:30,460 - INFO - Dados salvos no arquivo evolucao_mac.json.
2025-02-06 19:58:30,462 - INFO - Dados carregados do arquivo evolucao_mac.json.
2025-02-06 19:58:30,462 - INFO - Dados salvos no arquivo evolucao_mac.json.
2025-02-06 19:58:35,445 - INFO - Baixando Evolução do Teto MAC...
2025-02-06 19:58:35,446 - INFO - Waiting for 'Município' link...
2025-02-06 19:58:35,678 - INFO - 'Município' link clicked!
2025-02-06 19:58:44,887 - INFO - Waiting for table to load...
2025-02-06 19:58:44,903 - INFO - Table loaded!
2025-02-06 19:58:45,926 - INFO - Found 4 rows.
2025-02-06 19:58:46,054 - INFO - Table data extracted.
2025-02-06 19:58:46,054 - INFO - Adicionado 2025 para Sem Incentivos: 246571.29
2025-02-06 19:58:46,055 - INFO - Adicionado 2025 para Incentivos: 2381936.4
2025-02-06 19:58:46,055 - INFO - Adicionado 2025 para Teto Financeiro MAC: 2628507.69
2025-02-06 19:58:46,055 - INFO - JSON atualizado e salvo com sucesso.
2025-02-06 20:28:35,366 - INFO - Baixando Evolução do Teto MAC...
2025-02-06 20:28:35,367 - INFO - Waiting for 'Município' link...
2025-02-06 20:28:35,511 - INFO - 'Município' link clicked!
2025-02-06 20:28:44,906 - INFO - Waiting for dropdown...
2025-02-06 20:28:45,014 - INFO - Dropdown option '80' selected!
2025-02-06 20:28:45,015 - INFO - Waiting for table rows to load...
2025-02-06 20:28:45,037 - INFO - Table rows loaded!
2025-02-06 20:28:46,051 - INFO - Found 15 rows.
2025-02-06 20:28:46,603 - INFO - Table data extracted.
2025-02-06 20:28:46,604 - INFO - DataFrame created:
2025-02-06 20:28:46,604 - INFO -    Referência Sem Incentivos    Incentivos Teto Financeiro MAC
0        2010     103.370,28     50.000,00          153.370,28
1        2011     205.037,19    150.000,00          355.037,19
2        2012     209.902,05    185.000,00          394.902,05
3        2013     209.902,08    230.088,00          439.990,08
4        2014     209.902,08    323.028,00          532.930,08
5        2015     214.116,87    323.028,00          537.144,87
6        2016     219.660,42    323.028,00          542.688,42
7        2017     267.666,88    323.028,00          590.694,88
8        2018     294.501,29    268.028,00          562.529,29
9        2019     531.017,37    241.109,00          772.126,37
10       2020     637.597,60    263.028,00          900.625,60
11       2021     639.586,86  1.363.028,00        2.002.614,86
12       2022     640.320,57  2.233.028,00        2.873.348,57
13       2023     639.606,05  2.309.603,70        2.949.209,75
14       2024     539.982,54  2.289.072,00        2.829.054,54
2025-02-06 20:28:46,619 - INFO - Dados carregados do arquivo evolucao_mac.json.
2025-02-06 20:28:46,619 - INFO - Dados salvos no arquivo evolucao_mac.json.
2025-02-06 20:28:46,620 - INFO - Dados carregados do arquivo evolucao_mac.json.
2025-02-06 20:28:46,621 - INFO - Dados salvos no arquivo evolucao_mac.json.
2025-02-06 20:28:46,622 - INFO - Dados carregados do arquivo evolucao_mac.json.
2025-02-06 20:28:46,622 - INFO - Dados salvos no arquivo evolucao_mac.json.
2025-02-06 20:28:52,234 - INFO - Baixando Evolução do Teto MAC...
2025-02-06 20:28:52,234 - INFO - Waiting for 'Município' link...
2025-02-06 20:28:52,366 - INFO - 'Município' link clicked!
2025-02-06 20:29:01,805 - INFO - Waiting for table to load...
2025-02-06 20:29:01,842 - INFO - Table loaded!
2025-02-06 20:29:02,865 - INFO - Found 4 rows.
2025-02-06 20:29:02,977 - INFO - Table data extracted.
2025-02-06 20:29:02,977 - INFO - Adicionado 2025 para Sem Incentivos: 246571.29
2025-02-06 20:29:02,977 - INFO - Adicionado 2025 para Incentivos: 2381936.4
2025-02-06 20:29:02,977 - INFO - Adicionado 2025 para Teto Financeiro MAC: 2628507.69
2025-02-06 20:29:02,977 - INFO - JSON atualizado e salvo com sucesso.
2025-02-06 20:38:33,745 - INFO - Baixando Evolução do Teto MAC...
2025-02-06 20:38:33,746 - INFO - Waiting for 'Município' link...
2025-02-06 20:38:33,896 - INFO - 'Município' link clicked!
2025-02-06 20:38:43,044 - INFO - Waiting for dropdown...
2025-02-06 20:38:43,116 - INFO - Dropdown option '80' selected!
2025-02-06 20:38:43,116 - INFO - Waiting for table rows to load...
2025-02-06 20:38:43,135 - INFO - Table rows loaded!
2025-02-06 20:38:44,148 - INFO - Found 15 rows.
2025-02-06 20:38:44,730 - INFO - Table data extracted.
2025-02-06 20:38:44,731 - INFO - DataFrame created:
2025-02-06 20:38:44,731 - INFO -    Referência Sem Incentivos    Incentivos Teto Financeiro MAC
0        2010     103.370,28     50.000,00          153.370,28
1        2011     205.037,19    150.000,00          355.037,19
2        2012     209.902,05    185.000,00          394.902,05
3        2013     209.902,08    230.088,00          439.990,08
4        2014     209.902,08    323.028,00          532.930,08
5        2015     214.116,87    323.028,00          537.144,87
6        2016     219.660,42    323.028,00          542.688,42
7        2017     267.666,88    323.028,00          590.694,88
8        2018     294.501,29    268.028,00          562.529,29
9        2019     531.017,37    241.109,00          772.126,37
10       2020     637.597,60    263.028,00          900.625,60
11       2021     639.586,86  1.363.028,00        2.002.614,86
12       2022     640.320,57  2.233.028,00        2.873.348,57
13       2023     639.606,05  2.309.603,70        2.949.209,75
14       2024     539.982,54  2.289.072,00        2.829.054,54
2025-02-06 20:38:44,746 - INFO - Dados carregados do arquivo evolucao_mac.json.
2025-02-06 20:38:44,746 - INFO - Dados salvos no arquivo evolucao_mac.json.
2025-02-06 20:38:44,748 - INFO - Dados carregados do arquivo evolucao_mac.json.
2025-02-06 20:38:44,749 - INFO - Dados salvos no arquivo evolucao_mac.json.
2025-02-06 20:38:44,750 - INFO - Dados carregados do arquivo evolucao_mac.json.
2025-02-06 20:38:44,750 - INFO - Dados salvos no arquivo evolucao_mac.json.
2025-02-06 20:38:50,726 - INFO - Baixando Evolução do Teto MAC...
2025-02-06 20:38:50,727 - INFO - Waiting for 'Município' link...
2025-02-06 20:38:50,862 - INFO - 'Município' link clicked!
2025-02-06 20:39:00,083 - INFO - Waiting for table to load...
2025-02-06 20:39:00,114 - INFO - Table loaded!
2025-02-06 20:39:01,137 - INFO - Found 4 rows.
2025-02-06 20:39:01,259 - INFO - Table data extracted.
2025-02-06 20:39:01,259 - INFO - Adicionado 2025 para Sem Incentivos: 246571.29
2025-02-06 20:39:01,259 - INFO - Adicionado 2025 para Incentivos: 2381936.4
2025-02-06 20:39:01,259 - INFO - Adicionado 2025 para Teto Financeiro MAC: 2628507.69
2025-02-06 20:39:01,260 - INFO - JSON atualizado e salvo com sucesso.
2025-02-06 20:44:21,056 - INFO - Baixando Evolução do Teto MAC...
2025-02-06 20:44:21,056 - INFO - Waiting for 'Município' link...
2025-02-06 20:44:21,236 - INFO - 'Município' link clicked!
2025-02-06 20:44:30,503 - INFO - Waiting for dropdown...
2025-02-06 20:44:30,603 - INFO - Dropdown option '80' selected!
2025-02-06 20:44:30,603 - INFO - Waiting for table rows to load...
2025-02-06 20:44:30,639 - INFO - Table rows loaded!
2025-02-06 20:44:51,380 - INFO - Baixando Evolução do Teto MAC...
2025-02-06 20:44:51,380 - INFO - Waiting for 'Município' link...
2025-02-06 20:44:51,507 - INFO - 'Município' link clicked!
2025-02-06 20:45:00,707 - INFO - Waiting for dropdown...
2025-02-06 20:45:00,792 - INFO - Dropdown option '80' selected!
2025-02-06 20:45:00,792 - INFO - Waiting for table rows to load...
2025-02-06 20:45:00,809 - INFO - Table rows loaded!
2025-02-06 20:45:01,824 - INFO - Found 15 rows.
2025-02-06 20:45:02,395 - INFO - Table data extracted.
2025-02-06 20:45:02,396 - INFO - DataFrame created:
2025-02-06 20:45:02,396 - INFO -    Referência Sem Incentivos    Incentivos Teto Financeiro MAC
0        2010     103.370,28     50.000,00          153.370,28
1        2011     205.037,19    150.000,00          355.037,19
2        2012     209.902,05    185.000,00          394.902,05
3        2013     209.902,08    230.088,00          439.990,08
4        2014     209.902,08    323.028,00          532.930,08
5        2015     214.116,87    323.028,00          537.144,87
6        2016     219.660,42    323.028,00          542.688,42
7        2017     267.666,88    323.028,00          590.694,88
8        2018     294.501,29    268.028,00          562.529,29
9        2019     531.017,37    241.109,00          772.126,37
10       2020     637.597,60    263.028,00          900.625,60
11       2021     639.586,86  1.363.028,00        2.002.614,86
12       2022     640.320,57  2.233.028,00        2.873.348,57
13       2023     639.606,05  2.309.603,70        2.949.209,75
14       2024     539.982,54  2.289.072,00        2.829.054,54
2025-02-06 20:45:02,410 - INFO - Dados carregados do arquivo evolucao_mac.json.
2025-02-06 20:45:02,449 - INFO - Dados salvos no arquivo evolucao_mac.json.
2025-02-06 20:45:02,450 - INFO - Dados carregados do arquivo evolucao_mac.json.
2025-02-06 20:45:02,450 - INFO - Dados salvos no arquivo evolucao_mac.json.
2025-02-06 20:45:02,451 - INFO - Dados carregados do arquivo evolucao_mac.json.
2025-02-06 20:45:02,523 - INFO - Dados salvos no arquivo evolucao_mac.json.
2025-02-06 20:45:07,814 - INFO - Baixando Evolução do Teto MAC...
2025-02-06 20:45:07,815 - INFO - Waiting for 'Município' link...
2025-02-06 20:45:07,939 - INFO - 'Município' link clicked!
2025-02-06 20:45:17,195 - INFO - Waiting for table to load...
2025-02-06 20:45:17,214 - INFO - Table loaded!
2025-02-06 20:45:18,237 - INFO - Found 4 rows.
2025-02-06 20:45:18,345 - INFO - Table data extracted.
2025-02-06 20:45:18,345 - INFO - Adicionado 2025 para Sem Incentivos: 246571.29
2025-02-06 20:45:18,345 - INFO - Adicionado 2025 para Incentivos: 2381936.4
2025-02-06 20:45:18,346 - INFO - Adicionado 2025 para Teto Financeiro MAC: 2628507.69
2025-02-06 20:45:18,346 - INFO - JSON atualizado e salvo com sucesso.
2025-02-06 20:51:40,509 - INFO - Baixando Evolução do Teto MAC...
2025-02-06 20:51:40,510 - INFO - Waiting for 'Município' link...
2025-02-06 20:51:40,639 - INFO - 'Município' link clicked!
2025-02-06 20:51:50,037 - INFO - Waiting for dropdown...
2025-02-06 20:51:50,151 - INFO - Dropdown option '80' selected!
2025-02-06 20:51:50,152 - INFO - Waiting for table rows to load...
2025-02-06 20:51:50,172 - INFO - Table rows loaded!
2025-02-06 20:51:51,185 - INFO - Found 15 rows.
2025-02-06 20:51:51,739 - INFO - Table data extracted.
2025-02-06 20:51:51,741 - INFO - DataFrame created:
2025-02-06 20:51:51,741 - INFO -    Referência Sem Incentivos    Incentivos Teto Financeiro MAC
0        2010     103.370,28     50.000,00          153.370,28
1        2011     205.037,19    150.000,00          355.037,19
2        2012     209.902,05    185.000,00          394.902,05
3        2013     209.902,08    230.088,00          439.990,08
4        2014     209.902,08    323.028,00          532.930,08
5        2015     214.116,87    323.028,00          537.144,87
6        2016     219.660,42    323.028,00          542.688,42
7        2017     267.666,88    323.028,00          590.694,88
8        2018     294.501,29    268.028,00          562.529,29
9        2019     531.017,37    241.109,00          772.126,37
10       2020     637.597,60    263.028,00          900.625,60
11       2021     639.586,86  1.363.028,00        2.002.614,86
12       2022     640.320,57  2.233.028,00        2.873.348,57
13       2023     639.606,05  2.309.603,70        2.949.209,75
14       2024     539.982,54  2.289.072,00        2.829.054,54
2025-02-06 20:51:51,753 - INFO - Dados carregados do arquivo evolucao_mac.json.
2025-02-06 20:51:51,754 - INFO - Dados salvos no arquivo evolucao_mac.json.
2025-02-06 20:51:51,755 - INFO - Dados carregados do arquivo evolucao_mac.json.
2025-02-06 20:51:51,770 - INFO - Dados salvos no arquivo evolucao_mac.json.
2025-02-06 20:51:51,771 - INFO - Dados carregados do arquivo evolucao_mac.json.
2025-02-06 20:51:51,792 - INFO - Dados salvos no arquivo evolucao_mac.json.
2025-02-06 20:51:57,300 - INFO - Baixando Evolução do Teto MAC...
2025-02-06 20:51:57,301 - INFO - Waiting for 'Município' link...
2025-02-06 20:51:57,440 - INFO - 'Município' link clicked!
2025-02-06 20:52:06,643 - INFO - Waiting for table to load...
2025-02-06 20:52:37,012 - ERROR - An error occurred: Message: 
Stacktrace:
#0 0x559f8d83653a <unknown>
#1 0x559f8d331f00 <unknown>
#2 0x559f8d381c0c <unknown>
#3 0x559f8d381e31 <unknown>
#4 0x559f8d3c7bd4 <unknown>
#5 0x559f8d3a65cd <unknown>
#6 0x559f8d3c4f84 <unknown>
#7 0x559f8d3a6343 <unknown>
#8 0x559f8d37378a <unknown>
#9 0x559f8d3749de <unknown>
#10 0x559f8d8002cb <unknown>
#11 0x559f8d804242 <unknown>
#12 0x559f8d7ed7ac <unknown>
#13 0x559f8d804df7 <unknown>
#14 0x559f8d7d1b2f <unknown>
#15 0x559f8d8251a8 <unknown>
#16 0x559f8d825370 <unknown>
#17 0x559f8d8353b6 <unknown>
#18 0x7f5b685191c4 <unknown>

2025-02-06 21:01:01,297 - INFO - Baixando Evolução do Teto MAC...
2025-02-06 21:01:01,298 - INFO - Waiting for 'Município' link...
2025-02-06 21:01:01,432 - INFO - 'Município' link clicked!
2025-02-06 21:01:10,985 - INFO - Waiting for dropdown...
2025-02-06 21:01:11,189 - INFO - Dropdown option '80' selected!
2025-02-06 21:01:11,189 - INFO - Waiting for table rows to load...
2025-02-06 21:01:11,205 - INFO - Table rows loaded!
2025-02-06 21:01:12,222 - INFO - Found 15 rows.
2025-02-06 21:01:12,797 - INFO - Table data extracted.
2025-02-06 21:01:12,798 - INFO - DataFrame created:
2025-02-06 21:01:12,798 - INFO -    Referência Sem Incentivos    Incentivos Teto Financeiro MAC
0        2010     103.370,28     50.000,00          153.370,28
1        2011     205.037,19    150.000,00          355.037,19
2        2012     209.902,05    185.000,00          394.902,05
3        2013     209.902,08    230.088,00          439.990,08
4        2014     209.902,08    323.028,00          532.930,08
5        2015     214.116,87    323.028,00          537.144,87
6        2016     219.660,42    323.028,00          542.688,42
7        2017     267.666,88    323.028,00          590.694,88
8        2018     294.501,29    268.028,00          562.529,29
9        2019     531.017,37    241.109,00          772.126,37
10       2020     637.597,60    263.028,00          900.625,60
11       2021     639.586,86  1.363.028,00        2.002.614,86
12       2022     640.320,57  2.233.028,00        2.873.348,57
13       2023     639.606,05  2.309.603,70        2.949.209,75
14       2024     539.982,54  2.289.072,00        2.829.054,54
2025-02-06 21:01:12,812 - INFO - Dados carregados do arquivo evolucao_mac.json.
2025-02-06 21:01:12,813 - INFO - Dados salvos no arquivo evolucao_mac.json.
2025-02-06 21:01:12,814 - INFO - Dados carregados do arquivo evolucao_mac.json.
2025-02-06 21:01:12,815 - INFO - Dados salvos no arquivo evolucao_mac.json.
2025-02-06 21:01:12,816 - INFO - Dados carregados do arquivo evolucao_mac.json.
2025-02-06 21:01:12,816 - INFO - Dados salvos no arquivo evolucao_mac.json.
2025-02-06 21:01:17,731 - INFO - Baixando Evolução do Teto MAC...
2025-02-06 21:01:17,731 - INFO - Waiting for 'Município' link...
2025-02-06 21:01:17,895 - INFO - 'Município' link clicked!
2025-02-06 21:01:27,292 - INFO - Waiting for table to load...
2025-02-06 21:01:27,306 - INFO - Table loaded!
2025-02-06 21:01:28,331 - INFO - Found 4 rows.
2025-02-06 21:01:28,447 - INFO - Table data extracted.
2025-02-06 21:01:28,447 - INFO - Adicionado 2025 para Sem Incentivos: 246571.29
2025-02-06 21:01:28,447 - INFO - Adicionado 2025 para Incentivos: 2381936.4
2025-02-06 21:01:28,447 - INFO - Adicionado 2025 para Teto Financeiro MAC: 2628507.69
2025-02-06 21:01:28,448 - INFO - JSON atualizado e salvo com sucesso.
2025-02-06 21:35:03,656 - INFO - Baixando Evolução do Teto MAC...
2025-02-06 21:35:03,656 - INFO - Waiting for 'Município' link...
2025-02-06 21:35:03,820 - INFO - 'Município' link clicked!
2025-02-06 21:35:13,151 - INFO - Waiting for dropdown...
2025-02-06 21:35:13,315 - INFO - Dropdown option '80' selected!
2025-02-06 21:35:13,315 - INFO - Waiting for table rows to load...
2025-02-06 21:35:13,349 - INFO - Table rows loaded!
2025-02-06 21:35:14,385 - INFO - Found 14 rows.
2025-02-06 21:35:14,959 - INFO - Table data extracted.
2025-02-06 21:35:14,960 - INFO - DataFrame created:
2025-02-06 21:35:14,960 - INFO -    Referência Sem Incentivos  Incentivos Teto Financeiro MAC
0        2011      28.072,74        0,00           28.072,74
1        2012     215.267,02        0,00          215.267,02
2        2013     219.663,96        0,00          219.663,96
3        2014     229.656,16    4.287,96          233.944,12
4        2015     353.336,57        0,00          353.336,57
5        2016     393.897,24        0,00          393.897,24
6        2017     424.424,04        0,00          424.424,04
7        2018     456.310,11        0,00          456.310,11
8        2019     655.700,40        0,00          655.700,40
9        2020     771.705,80        0,00          771.705,80
10       2021     767.523,96        0,00          767.523,96
11       2022     768.767,08        0,00          768.767,08
12       2023     769.048,68        0,00          769.048,68
13       2024     917.214,39  431.736,00        1.348.950,39
2025-02-06 21:35:14,974 - INFO - Dados carregados do arquivo evolucao_mac.json.
2025-02-06 21:35:14,975 - INFO - Dados salvos no arquivo evolucao_mac.json.
2025-02-06 21:35:14,976 - INFO - Dados carregados do arquivo evolucao_mac.json.
2025-02-06 21:35:14,976 - INFO - Dados salvos no arquivo evolucao_mac.json.
2025-02-06 21:35:14,977 - INFO - Dados carregados do arquivo evolucao_mac.json.
2025-02-06 21:35:14,978 - INFO - Dados salvos no arquivo evolucao_mac.json.
2025-02-06 21:35:20,137 - INFO - Baixando Evolução do Teto MAC...
2025-02-06 21:35:20,168 - INFO - Waiting for 'Município' link...
2025-02-06 21:35:20,396 - INFO - 'Município' link clicked!
2025-02-06 21:35:42,935 - INFO - Baixando Evolução do Teto MAC...
2025-02-06 21:35:42,935 - INFO - Waiting for 'Município' link...
2025-02-06 21:35:43,068 - INFO - 'Município' link clicked!
2025-02-06 21:35:52,364 - INFO - Waiting for dropdown...
2025-02-06 21:35:52,523 - INFO - Dropdown option '80' selected!
2025-02-06 21:35:52,524 - INFO - Waiting for table rows to load...
2025-02-06 21:35:52,596 - INFO - Table rows loaded!
2025-02-06 21:35:53,611 - INFO - Found 14 rows.
2025-02-06 21:35:54,142 - INFO - Table data extracted.
2025-02-06 21:35:54,143 - INFO - DataFrame created:
2025-02-06 21:35:54,143 - INFO -    Referência Sem Incentivos  Incentivos Teto Financeiro MAC
0        2011      28.072,74        0,00           28.072,74
1        2012     215.267,02        0,00          215.267,02
2        2013     219.663,96        0,00          219.663,96
3        2014     229.656,16    4.287,96          233.944,12
4        2015     353.336,57        0,00          353.336,57
5        2016     393.897,24        0,00          393.897,24
6        2017     424.424,04        0,00          424.424,04
7        2018     456.310,11        0,00          456.310,11
8        2019     655.700,40        0,00          655.700,40
9        2020     771.705,80        0,00          771.705,80
10       2021     767.523,96        0,00          767.523,96
11       2022     768.767,08        0,00          768.767,08
12       2023     769.048,68        0,00          769.048,68
13       2024     917.214,39  431.736,00        1.348.950,39
2025-02-06 21:35:54,159 - INFO - Dados carregados do arquivo evolucao_mac.json.
2025-02-06 21:35:54,159 - INFO - Dados salvos no arquivo evolucao_mac.json.
2025-02-06 21:35:54,160 - INFO - Dados carregados do arquivo evolucao_mac.json.
2025-02-06 21:35:54,161 - INFO - Dados salvos no arquivo evolucao_mac.json.
2025-02-06 21:35:54,162 - INFO - Dados carregados do arquivo evolucao_mac.json.
2025-02-06 21:35:54,162 - INFO - Dados salvos no arquivo evolucao_mac.json.
2025-02-06 21:35:59,609 - INFO - Baixando Evolução do Teto MAC...
2025-02-06 21:35:59,609 - INFO - Waiting for 'Município' link...
2025-02-06 21:35:59,747 - INFO - 'Município' link clicked!
2025-02-06 21:36:08,950 - INFO - Waiting for table to load...
2025-02-06 21:36:08,992 - INFO - Table loaded!
2025-02-06 21:36:10,021 - INFO - Found 4 rows.
2025-02-06 21:36:10,135 - INFO - Table data extracted.
2025-02-06 21:36:10,135 - INFO - Adicionado 2025 para Sem Incentivos: 1360874.25
2025-02-06 21:36:10,135 - INFO - Adicionado 2025 para Incentivos: 431736.0
2025-02-06 21:36:10,135 - INFO - Adicionado 2025 para Teto Financeiro MAC: 1792610.25
2025-02-06 21:36:10,136 - INFO - JSON atualizado e salvo com sucesso.
2025-04-10 22:51:33,470 - INFO - Baixando Evolução do Teto MAC...
2025-04-10 22:51:33,537 - INFO - Waiting for 'Município' link...
2025-04-10 22:51:33,734 - INFO - 'Município' link clicked!
2025-04-10 22:51:43,002 - INFO - Waiting for dropdown...
2025-04-10 22:51:43,082 - INFO - Dropdown option '80' selected!
2025-04-10 22:51:43,082 - INFO - Waiting for table rows to load...
2025-04-10 22:51:43,135 - INFO - Table rows loaded!
2025-04-10 22:51:44,151 - INFO - Found 17 rows.
2025-04-10 22:51:44,869 - INFO - Table data extracted.
2025-04-10 22:51:44,907 - INFO - DataFrame created:
2025-04-10 22:51:44,907 - INFO -    Referência Sem Incentivos    Incentivos Teto Financeiro MAC
0        2008   5.973.886,06     11.869,11        5.985.755,17
1        2009   6.306.950,19    150.342,09        6.457.292,28
2        2010   6.896.481,47    189.905,79        7.086.387,26
3        2011   7.021.031,94    189.905,79        7.210.937,73
4        2012   7.434.599,90    339.660,00        7.774.259,90
5        2013   7.549.123,44    347.957,12        7.897.080,56
6        2014   7.570.972,80    959.160,00        8.530.132,80
7        2015   7.013.514,48  2.777.215,72        9.790.730,20
8        2016   7.013.514,48  2.322.809,52        9.336.324,00
9        2017   7.013.514,47  2.967.809,53        9.981.324,00
10       2018   7.064.210,66  3.530.309,55       10.594.520,21
11       2019   7.068.819,41  3.452.669,55       10.521.488,96
12       2020   7.068.819,41  3.522.809,55       10.591.628,96
13       2021   7.068.819,41  3.522.809,55       10.591.628,96
14       2022   7.102.755,75  3.522.809,55       10.625.565,30
15       2023   7.170.628,42  3.866.870,55       11.037.498,97
16       2024   7.170.628,42  3.235.989,55       10.406.617,97
2025-04-10 22:51:44,993 - INFO - Dados carregados do arquivo evolucao_mac.json.
2025-04-10 22:51:44,994 - INFO - Dados salvos no arquivo evolucao_mac.json.
2025-04-10 22:51:44,996 - INFO - Dados carregados do arquivo evolucao_mac.json.
2025-04-10 22:51:45,100 - INFO - Dados salvos no arquivo evolucao_mac.json.
2025-04-10 22:51:45,101 - INFO - Dados carregados do arquivo evolucao_mac.json.
2025-04-10 22:51:45,139 - INFO - Dados salvos no arquivo evolucao_mac.json.
2025-04-10 22:51:49,341 - INFO - Baixando Evolução do Teto MAC...
2025-04-10 22:51:49,341 - INFO - Waiting for 'Município' link...
2025-04-10 22:51:49,484 - INFO - 'Município' link clicked!
2025-04-10 22:51:58,825 - INFO - Waiting for table to load...
2025-04-10 22:51:58,866 - INFO - Table loaded!
2025-04-10 22:51:59,887 - INFO - Found 4 rows.
2025-04-10 22:52:00,013 - INFO - Table data extracted.
2025-04-10 22:52:00,013 - INFO - Adicionado 2025 para Sem Incentivos: 7170628.42
2025-04-10 22:52:00,014 - INFO - Adicionado 2025 para Incentivos: 3252155.55
2025-04-10 22:52:00,014 - INFO - Adicionado 2025 para Teto Financeiro MAC: 10422783.97
2025-04-10 22:52:00,014 - INFO - JSON atualizado e salvo com sucesso.
