2025-02-06 19:22:52,232 - INFO - Iniciando execução de scripts para o município Bombinhas/SC...
2025-02-06 19:42:38,376 - INFO - Iniciando execução de scripts para o município Bombinhas/SC...
2025-02-06 19:43:23,497 - INFO - Iniciando execução de scripts para o município Bombinhas/SC...
2025-02-06 19:46:49,221 - INFO - Iniciando execução de scripts para o município Bombinhas/SC...
2025-02-06 19:47:18,462 - INFO - Iniciando execução de scripts para o município Bombinhas/SC...
2025-02-06 19:47:31,558 - INFO - Iniciando execução de scripts para o município Acrelândia/AC...
2025-02-06 19:50:26,218 - INFO - Iniciando execução de scripts para o município Acrelândia/AC...
2025-02-06 19:51:39,220 - INFO - Iniciando execução de scripts para o município Acrelândia/AC...
2025-02-06 19:56:19,908 - INFO - Iniciando execução de scripts para o município Acrelândia/AC...
2025-02-06 19:56:31,244 - INFO - Iniciando execução de scripts para o município Acrelândia/AC...
2025-02-06 19:57:38,254 - INFO - Iniciando execução de scripts para o município Acrelândia/AC...
2025-02-06 19:57:54,078 - INFO - Iniciando execução de scripts para o município Acrelândia/AC...
2025-02-06 19:57:54,264 - INFO - Executando script evolucao_mac com parâmetros: ['1200013']
2025-02-06 19:57:56,495 - ERROR - Erro ao executar o script evolucao_mac.
2025-02-06 19:57:56,496 - ERROR - Código de retorno: -2
2025-02-06 19:57:56,496 - INFO - Executando script evolucao_mac2 com parâmetros: ['1200013']
2025-02-06 19:58:13,366 - INFO - Iniciando execução de scripts para o município Bombinhas/SC...
2025-02-06 19:58:13,559 - INFO - Executando script evolucao_mac com parâmetros: ['4202453']
2025-02-06 19:58:30,624 - INFO - Script evolucao_mac executado com sucesso!
2025-02-06 19:58:30,624 - INFO - Executando script evolucao_mac2 com parâmetros: ['4202453']
2025-02-06 19:58:46,177 - INFO - Script evolucao_mac2 executado com sucesso!
2025-02-06 20:28:29,220 - INFO - Iniciando execução de scripts para o município Bombinhas/SC...
2025-02-06 20:28:29,413 - INFO - Executando script evolucao_mac com parâmetros: ['4202453']
2025-02-06 20:28:46,790 - INFO - Script evolucao_mac executado com sucesso!
2025-02-06 20:28:46,790 - INFO - Executando script evolucao_mac2 com parâmetros: ['4202453']
2025-02-06 20:29:03,078 - INFO - Script evolucao_mac2 executado com sucesso!
2025-02-06 20:29:03,078 - INFO - Executando script MacUF com parâmetros: ['4202453']
2025-02-06 20:29:35,894 - INFO - Script MacUF executado com sucesso!
2025-02-06 20:29:35,894 - INFO - Executando script analise_teto_mac com parâmetros: ['4202453']
2025-02-06 20:30:18,566 - INFO - Script analise_teto_mac executado com sucesso!
2025-02-06 20:30:18,566 - INFO - Executando script BaixaSIA com parâmetros: ['2010', '1', '2026', '12', '4202453']
2025-02-06 20:31:25,218 - INFO - Script BaixaSIA executado com sucesso!
2025-02-06 20:31:25,218 - INFO - Executando script BaixaSIH com parâmetros: ['2010', '1', '2026', '12', '4202453']
2025-02-06 20:32:29,143 - ERROR - Erro ao executar o script BaixaSIH.
2025-02-06 20:32:29,143 - ERROR - Código de retorno: 1
2025-02-06 20:32:29,143 - INFO - Executando script Faixa com parâmetros: ['4202453']
2025-02-06 20:32:41,592 - INFO - Script Faixa executado com sucesso!
2025-02-06 20:32:41,592 - INFO - Executando script Econo com parâmetros: ['4202453', 'Bombinhas']
2025-02-06 20:33:01,428 - INFO - Script Econo executado com sucesso!
2025-02-06 20:33:01,428 - INFO - Executando script Resumo_PT com parâmetros: []
2025-02-06 20:33:01,955 - ERROR - Erro ao executar o script Resumo_PT.
2025-02-06 20:33:01,955 - ERROR - Código de retorno: 1
2025-02-06 20:33:01,955 - INFO - Executando script Analise MAC com parâmetros: ['Bombinhas']
2025-02-06 20:33:01,977 - ERROR - Erro ao executar o script Analise MAC.
2025-02-06 20:33:01,977 - ERROR - Código de retorno: 2
2025-02-06 20:33:01,978 - INFO - Executando script Analise MAC_SIH com parâmetros: ['Bombinhas']
2025-02-06 20:33:02,002 - ERROR - Erro ao executar o script Analise MAC_SIH.
2025-02-06 20:33:02,003 - ERROR - Código de retorno: 2
2025-02-06 20:33:02,003 - INFO - Executando script Analise MAC_SIA com parâmetros: ['Bombinhas']
2025-02-06 20:33:02,028 - ERROR - Erro ao executar o script Analise MAC_SIA.
2025-02-06 20:33:02,028 - ERROR - Código de retorno: 2
2025-02-06 20:33:02,028 - INFO - Executando script Analise Correlações com parâmetros: []
2025-02-06 20:33:03,607 - INFO - Script Analise Correlações executado com sucesso!
2025-02-06 20:33:03,607 - INFO - Executando script Conclusão com parâmetros: []
2025-02-06 20:33:09,717 - INFO - Script Conclusão executado com sucesso!
2025-02-06 20:33:09,717 - ERROR - Alguns scripts falharam. Verifique os logs para mais detalhes.
2025-02-06 20:38:28,488 - INFO - Iniciando execução de scripts para o município Bombinhas/SC...
2025-02-06 20:38:28,695 - INFO - Executando script evolucao_mac com parâmetros: ['4202453']
2025-02-06 20:38:44,918 - INFO - Script evolucao_mac executado com sucesso!
2025-02-06 20:38:44,918 - INFO - Executando script evolucao_mac2 com parâmetros: ['4202453']
2025-02-06 20:39:01,376 - INFO - Script evolucao_mac2 executado com sucesso!
2025-02-06 20:39:01,377 - INFO - Executando script MacUF com parâmetros: ['4202453']
2025-02-06 20:39:32,218 - INFO - Script MacUF executado com sucesso!
2025-02-06 20:39:32,218 - INFO - Executando script analise_teto_mac com parâmetros: ['4202453']
2025-02-06 20:39:52,240 - INFO - Script analise_teto_mac executado com sucesso!
2025-02-06 20:39:52,240 - INFO - Executando script BaixaSIA com parâmetros: ['2010', '1', '2026', '12', '4202453']
2025-02-06 20:40:56,165 - INFO - Script BaixaSIA executado com sucesso!
2025-02-06 20:40:56,166 - INFO - Executando script BaixaSIH com parâmetros: ['2010', '1', '2026', '12', '4202453']
2025-02-06 20:42:00,682 - ERROR - Erro ao executar o script BaixaSIH.
2025-02-06 20:42:00,682 - ERROR - Código de retorno: 1
2025-02-06 20:42:00,682 - INFO - Executando script Faixa com parâmetros: ['4202453']
2025-02-06 20:42:12,540 - INFO - Script Faixa executado com sucesso!
2025-02-06 20:42:12,541 - INFO - Executando script Econo com parâmetros: ['4202453', 'Bombinhas']
2025-02-06 20:42:33,737 - INFO - Script Econo executado com sucesso!
2025-02-06 20:42:33,737 - INFO - Executando script Resumo_PT com parâmetros: []
2025-02-06 20:42:34,316 - INFO - Script Resumo_PT executado com sucesso!
2025-02-06 20:42:34,316 - INFO - Executando script Analise MAC com parâmetros: ['Bombinhas']
2025-02-06 20:42:34,338 - ERROR - Erro ao executar o script Analise MAC.
2025-02-06 20:42:34,338 - ERROR - Código de retorno: 2
2025-02-06 20:42:34,338 - INFO - Executando script Analise MAC_SIH com parâmetros: ['Bombinhas']
2025-02-06 20:42:34,364 - ERROR - Erro ao executar o script Analise MAC_SIH.
2025-02-06 20:42:34,364 - ERROR - Código de retorno: 2
2025-02-06 20:42:34,364 - INFO - Executando script Analise MAC_SIA com parâmetros: ['Bombinhas']
2025-02-06 20:42:34,389 - ERROR - Erro ao executar o script Analise MAC_SIA.
2025-02-06 20:42:34,389 - ERROR - Código de retorno: 2
2025-02-06 20:42:34,389 - INFO - Executando script Analise Correlações com parâmetros: []
2025-02-06 20:42:35,966 - INFO - Script Analise Correlações executado com sucesso!
2025-02-06 20:42:35,966 - INFO - Executando script Conclusão com parâmetros: []
2025-02-06 20:42:41,854 - INFO - Script Conclusão executado com sucesso!
2025-02-06 20:42:41,854 - ERROR - Alguns scripts falharam. Verifique os logs para mais detalhes.
2025-02-06 20:44:15,198 - INFO - Iniciando execução de scripts para o município Bombinhas/SC...
2025-02-06 20:44:15,409 - INFO - Executando script evolucao_mac com parâmetros: ['4202453']
2025-02-06 20:44:45,144 - INFO - Iniciando execução de scripts para o município Bombinhas/SC...
2025-02-06 20:44:45,359 - INFO - Executando script evolucao_mac com parâmetros: ['4202453']
2025-02-06 20:45:02,689 - INFO - Script evolucao_mac executado com sucesso!
2025-02-06 20:45:02,690 - INFO - Executando script evolucao_mac2 com parâmetros: ['4202453']
2025-02-06 20:45:18,450 - INFO - Script evolucao_mac2 executado com sucesso!
2025-02-06 20:45:18,450 - INFO - Executando script MacUF com parâmetros: ['4202453']
2025-02-06 20:45:52,093 - INFO - Script MacUF executado com sucesso!
2025-02-06 20:45:52,093 - INFO - Executando script analise_teto_mac com parâmetros: ['4202453']
2025-02-06 20:46:35,906 - INFO - Script analise_teto_mac executado com sucesso!
2025-02-06 20:46:35,906 - INFO - Executando script BaixaSIA com parâmetros: ['2010', '1', '2026', '12', '4202453']
2025-02-06 20:47:39,376 - INFO - Script BaixaSIA executado com sucesso!
2025-02-06 20:47:39,377 - INFO - Executando script BaixaSIH com parâmetros: ['2010', '1', '2026', '12', '4202453']
2025-02-06 20:48:43,795 - ERROR - Erro ao executar o script BaixaSIH.
2025-02-06 20:48:43,795 - ERROR - Código de retorno: 1
2025-02-06 20:48:43,795 - INFO - Executando script Faixa com parâmetros: ['4202453']
2025-02-06 20:48:57,336 - INFO - Script Faixa executado com sucesso!
2025-02-06 20:48:57,337 - INFO - Executando script Econo com parâmetros: ['4202453', 'Bombinhas']
2025-02-06 20:49:17,519 - INFO - Script Econo executado com sucesso!
2025-02-06 20:49:17,519 - INFO - Executando script Resumo_PT com parâmetros: []
2025-02-06 20:49:18,079 - INFO - Script Resumo_PT executado com sucesso!
2025-02-06 20:49:18,079 - INFO - Executando script Analise MAC com parâmetros: ['Bombinhas']
2025-02-06 20:49:18,102 - ERROR - Erro ao executar o script Analise MAC.
2025-02-06 20:49:18,102 - ERROR - Código de retorno: 2
2025-02-06 20:49:18,102 - INFO - Executando script Analise MAC_SIH com parâmetros: ['Bombinhas']
2025-02-06 20:49:18,126 - ERROR - Erro ao executar o script Analise MAC_SIH.
2025-02-06 20:49:18,126 - ERROR - Código de retorno: 2
2025-02-06 20:49:18,127 - INFO - Executando script Analise MAC_SIA com parâmetros: ['Bombinhas']
2025-02-06 20:49:18,152 - ERROR - Erro ao executar o script Analise MAC_SIA.
2025-02-06 20:49:18,152 - ERROR - Código de retorno: 2
2025-02-06 20:49:18,153 - INFO - Executando script Analise Correlações com parâmetros: []
2025-02-06 20:49:19,704 - INFO - Script Analise Correlações executado com sucesso!
2025-02-06 20:49:19,704 - INFO - Executando script Conclusão com parâmetros: []
2025-02-06 20:49:25,946 - INFO - Script Conclusão executado com sucesso!
2025-02-06 20:49:25,947 - ERROR - Alguns scripts falharam. Verifique os logs para mais detalhes.
2025-02-06 20:51:33,712 - INFO - Iniciando execução de scripts para o município Bombinhas/SC...
2025-02-06 20:51:33,913 - INFO - Executando script evolucao_mac com parâmetros: ['4202453']
2025-02-06 20:51:52,000 - INFO - Script evolucao_mac executado com sucesso!
2025-02-06 20:51:52,000 - INFO - Executando script evolucao_mac2 com parâmetros: ['4202453']
2025-02-06 20:52:37,125 - INFO - Script evolucao_mac2 executado com sucesso!
2025-02-06 20:52:37,126 - INFO - Executando script MacUF com parâmetros: ['4202453']
2025-02-06 20:53:10,346 - INFO - Script MacUF executado com sucesso!
2025-02-06 20:53:10,346 - INFO - Executando script analise_teto_mac com parâmetros: ['4202453']
2025-02-06 20:53:53,372 - INFO - Script analise_teto_mac executado com sucesso!
2025-02-06 20:53:53,372 - INFO - Executando script BaixaSIA com parâmetros: ['2010', '1', '2026', '12', '4202453']
2025-02-06 20:54:56,503 - INFO - Script BaixaSIA executado com sucesso!
2025-02-06 20:54:56,503 - INFO - Executando script BaixaSIH com parâmetros: ['2010', '1', '2026', '12', '4202453']
2025-02-06 20:56:01,893 - ERROR - Erro ao executar o script BaixaSIH.
2025-02-06 20:56:01,894 - ERROR - Código de retorno: 1
2025-02-06 20:56:01,894 - INFO - Executando script Faixa com parâmetros: ['4202453']
2025-02-06 20:56:15,386 - INFO - Script Faixa executado com sucesso!
2025-02-06 20:56:15,387 - INFO - Executando script Econo com parâmetros: ['4202453', 'Bombinhas']
2025-02-06 20:56:33,652 - INFO - Script Econo executado com sucesso!
2025-02-06 20:56:33,652 - INFO - Executando script Resumo_PT com parâmetros: []
2025-02-06 20:56:34,208 - INFO - Script Resumo_PT executado com sucesso!
2025-02-06 20:56:34,208 - INFO - Executando script Analise MAC com parâmetros: ['Bombinhas']
2025-02-06 20:56:34,232 - ERROR - Erro ao executar o script Analise MAC.
2025-02-06 20:56:34,232 - ERROR - Código de retorno: 2
2025-02-06 20:56:34,232 - INFO - Executando script Analise MAC_SIH com parâmetros: ['Bombinhas']
2025-02-06 20:56:34,255 - ERROR - Erro ao executar o script Analise MAC_SIH.
2025-02-06 20:56:34,256 - ERROR - Código de retorno: 2
2025-02-06 20:56:34,256 - INFO - Executando script Analise MAC_SIA com parâmetros: ['Bombinhas']
2025-02-06 20:56:34,283 - ERROR - Erro ao executar o script Analise MAC_SIA.
2025-02-06 20:56:34,283 - ERROR - Código de retorno: 2
2025-02-06 20:56:34,283 - INFO - Executando script Analise Correlações com parâmetros: []
2025-02-06 20:56:35,842 - INFO - Script Analise Correlações executado com sucesso!
2025-02-06 20:56:35,842 - INFO - Executando script Conclusão com parâmetros: []
2025-02-06 20:56:48,765 - INFO - Script Conclusão executado com sucesso!
2025-02-06 20:56:48,765 - ERROR - Alguns scripts falharam. Verifique os logs para mais detalhes.
2025-02-06 21:00:55,221 - INFO - Iniciando execução de scripts para o município Bombinhas/SC...
2025-02-06 21:00:55,428 - INFO - Executando script evolucao_mac com parâmetros: ['4202453']
2025-02-06 21:01:12,985 - INFO - Script evolucao_mac executado com sucesso!
2025-02-06 21:01:12,985 - INFO - Executando script evolucao_mac2 com parâmetros: ['4202453']
2025-02-06 21:01:28,561 - INFO - Script evolucao_mac2 executado com sucesso!
2025-02-06 21:01:28,561 - INFO - Executando script MacUF com parâmetros: ['4202453']
2025-02-06 21:02:02,846 - INFO - Script MacUF executado com sucesso!
2025-02-06 21:02:02,847 - INFO - Executando script analise_teto_mac com parâmetros: ['4202453']
2025-02-06 21:02:45,575 - INFO - Script analise_teto_mac executado com sucesso!
2025-02-06 21:02:45,576 - INFO - Executando script BaixaSIA com parâmetros: ['2010', '1', '2025', '12', '4202453']
2025-02-06 21:03:50,336 - INFO - Script BaixaSIA executado com sucesso!
2025-02-06 21:03:50,337 - INFO - Executando script BaixaSIH com parâmetros: ['2010', '1', '2025', '12', '4202453']
2025-02-06 21:04:53,996 - ERROR - Erro ao executar o script BaixaSIH.
2025-02-06 21:04:53,996 - ERROR - Código de retorno: 1
2025-02-06 21:04:53,997 - INFO - Executando script Faixa com parâmetros: ['4202453']
2025-02-06 21:05:07,147 - INFO - Script Faixa executado com sucesso!
2025-02-06 21:05:07,147 - INFO - Executando script Econo com parâmetros: ['4202453', 'Bombinhas']
2025-02-06 21:05:26,353 - INFO - Script Econo executado com sucesso!
2025-02-06 21:05:26,353 - INFO - Executando script Resumo_PT com parâmetros: []
2025-02-06 21:05:26,959 - INFO - Script Resumo_PT executado com sucesso!
2025-02-06 21:05:26,959 - INFO - Executando script Analise MAC com parâmetros: ['Bombinhas']
2025-02-06 21:05:35,847 - INFO - Script Analise MAC executado com sucesso!
2025-02-06 21:05:35,847 - INFO - Executando script Analise MAC_SIH com parâmetros: ['Bombinhas']
2025-02-06 21:05:36,616 - INFO - Script Analise MAC_SIH executado com sucesso!
2025-02-06 21:05:36,616 - INFO - Executando script Analise MAC_SIA com parâmetros: ['Bombinhas']
2025-02-06 21:05:51,552 - INFO - Script Analise MAC_SIA executado com sucesso!
2025-02-06 21:05:51,553 - INFO - Executando script Analise Correlações com parâmetros: []
2025-02-06 21:05:53,206 - INFO - Script Analise Correlações executado com sucesso!
2025-02-06 21:05:53,207 - INFO - Executando script Conclusão com parâmetros: []
2025-02-06 21:06:06,391 - INFO - Script Conclusão executado com sucesso!
2025-02-06 21:06:06,393 - ERROR - Alguns scripts falharam. Verifique os logs para mais detalhes.
2025-02-06 21:34:56,345 - INFO - Iniciando execução de scripts para o município Porto Belo/SC...
2025-02-06 21:34:56,543 - INFO - Executando script evolucao_mac com parâmetros: ['4213500']
2025-02-06 21:35:15,141 - INFO - Script evolucao_mac executado com sucesso!
2025-02-06 21:35:15,141 - INFO - Executando script evolucao_mac2 com parâmetros: ['4213500']
2025-02-06 21:35:37,453 - INFO - Iniciando execução de scripts para o município Porto Belo/SC...
2025-02-06 21:35:37,664 - INFO - Executando script evolucao_mac com parâmetros: ['4213500']
2025-02-06 21:35:54,352 - INFO - Script evolucao_mac executado com sucesso!
2025-02-06 21:35:54,352 - INFO - Executando script evolucao_mac2 com parâmetros: ['4213500']
2025-02-06 21:36:10,232 - INFO - Script evolucao_mac2 executado com sucesso!
2025-02-06 21:36:10,232 - INFO - Executando script MacUF com parâmetros: ['4213500']
2025-02-06 21:36:40,564 - INFO - Script MacUF executado com sucesso!
2025-02-06 21:36:40,564 - INFO - Executando script analise_teto_mac com parâmetros: ['4213500']
2025-02-06 21:36:59,715 - INFO - Script analise_teto_mac executado com sucesso!
2025-02-06 21:36:59,716 - INFO - Executando script BaixaSIA com parâmetros: ['2011', '1', '2025', '12', '4213500']
2025-02-06 21:37:59,549 - INFO - Script BaixaSIA executado com sucesso!
2025-02-06 21:37:59,549 - INFO - Executando script BaixaSIH com parâmetros: ['2011', '1', '2025', '12', '4213500']
2025-02-06 21:39:05,027 - ERROR - Erro ao executar o script BaixaSIH.
2025-02-06 21:39:05,027 - ERROR - Código de retorno: 1
2025-02-06 21:39:05,028 - INFO - Executando script Faixa com parâmetros: ['4213500']
2025-02-06 21:39:19,413 - INFO - Script Faixa executado com sucesso!
2025-02-06 21:39:19,413 - INFO - Executando script Econo com parâmetros: ['4213500', 'Porto Belo']
2025-02-06 21:39:38,854 - INFO - Script Econo executado com sucesso!
2025-02-06 21:39:38,854 - INFO - Executando script Resumo_PT com parâmetros: []
2025-02-06 21:39:39,411 - INFO - Script Resumo_PT executado com sucesso!
2025-02-06 21:39:39,411 - INFO - Executando script Analise MAC com parâmetros: ['Porto Belo']
2025-02-06 21:39:48,136 - INFO - Script Analise MAC executado com sucesso!
2025-02-06 21:39:48,136 - INFO - Executando script Analise MAC_SIH com parâmetros: ['Porto Belo']
2025-02-06 21:39:48,846 - INFO - Script Analise MAC_SIH executado com sucesso!
2025-02-06 21:39:48,846 - INFO - Executando script Analise MAC_SIA com parâmetros: ['Porto Belo']
2025-02-06 21:40:03,449 - INFO - Script Analise MAC_SIA executado com sucesso!
2025-02-06 21:40:03,450 - INFO - Executando script Analise Correlações com parâmetros: []
2025-02-06 21:40:05,016 - INFO - Script Analise Correlações executado com sucesso!
2025-02-06 21:40:05,016 - INFO - Executando script Conclusão com parâmetros: []
2025-02-06 21:40:17,149 - INFO - Script Conclusão executado com sucesso!
2025-02-06 21:40:17,149 - ERROR - Alguns scripts falharam. Verifique os logs para mais detalhes.
2025-04-10 22:51:29,095 - INFO - Iniciando execução de scripts para o município Surubim/PE...
2025-04-10 22:51:29,331 - INFO - Executando script evolucao_mac com parâmetros: ['2614501']
2025-04-10 22:51:45,353 - INFO - Script evolucao_mac executado com sucesso!
2025-04-10 22:51:45,353 - INFO - Executando script evolucao_mac2 com parâmetros: ['2614501']
2025-04-10 22:52:00,111 - INFO - Script evolucao_mac2 executado com sucesso!
2025-04-10 22:52:00,111 - INFO - Executando script MacUF com parâmetros: ['2614501']
2025-04-10 22:52:30,901 - INFO - Script MacUF executado com sucesso!
2025-04-10 22:52:30,901 - INFO - Executando script analise_teto_mac com parâmetros: ['2614501']
2025-04-10 22:52:47,870 - INFO - Script analise_teto_mac executado com sucesso!
2025-04-10 22:52:47,871 - INFO - Executando script BaixaSIA com parâmetros: ['2011', '1', '2026', '12', '2614501']
2025-04-10 22:54:02,095 - INFO - Script BaixaSIA executado com sucesso!
2025-04-10 22:54:02,096 - INFO - Executando script BaixaSIH com parâmetros: ['2011', '1', '2026', '12', '2614501']
2025-04-10 22:54:41,663 - INFO - Script BaixaSIH executado com sucesso!
2025-04-10 22:54:41,663 - INFO - Executando script Faixa com parâmetros: ['2614501']
2025-04-10 22:54:51,377 - INFO - Script Faixa executado com sucesso!
2025-04-10 22:54:51,377 - INFO - Executando script Econo com parâmetros: ['2614501', 'Surubim']
2025-04-10 22:55:12,250 - INFO - Script Econo executado com sucesso!
2025-04-10 22:55:12,250 - INFO - Executando script Resumo_PT com parâmetros: []
2025-04-10 22:55:12,947 - INFO - Script Resumo_PT executado com sucesso!
2025-04-10 22:55:12,947 - INFO - Executando script Analise MAC com parâmetros: ['Surubim']
2025-04-10 22:55:21,459 - INFO - Script Analise MAC executado com sucesso!
2025-04-10 22:55:21,459 - INFO - Executando script Analise MAC_SIH com parâmetros: ['Surubim']
2025-04-10 22:55:51,927 - INFO - Script Analise MAC_SIH executado com sucesso!
2025-04-10 22:55:51,928 - INFO - Executando script Analise MAC_SIA com parâmetros: ['Surubim']
2025-04-10 22:56:08,079 - INFO - Script Analise MAC_SIA executado com sucesso!
2025-04-10 22:56:08,079 - INFO - Executando script Analise Correlações com parâmetros: []
2025-04-10 22:56:37,917 - INFO - Script Analise Correlações executado com sucesso!
2025-04-10 22:56:37,918 - INFO - Executando script Conclusão com parâmetros: []
2025-04-10 22:56:50,410 - INFO - Script Conclusão executado com sucesso!
2025-04-10 22:56:50,411 - INFO - Todos os scripts foram executados com sucesso!
