2025-02-06 20:29:03,578 - INFO - Iniciando o processo para a UF: SC
2025-02-06 20:29:03,939 - INFO - Driver configurado.
2025-02-06 20:29:03,939 - INFO - Baixando Teto MAC do SC...
2025-02-06 20:29:10,076 - INFO - Aguardando o campo de filtro de UF estar presente...
2025-02-06 20:29:10,240 - INFO - UF SC inserida no campo de filtro.
2025-02-06 20:29:13,241 - INFO - Aguardando o dropdown de seleção de quantidade de registros...
2025-02-06 20:29:13,379 - INFO - Maior opção do dropdown selecionada.
2025-02-06 20:29:18,380 - INFO - Aguardando a tabela estar presente...
2025-02-06 20:29:18,397 - INFO - Tabela encontrada.
2025-02-06 20:29:18,436 - INFO - 297 linhas encontradas na tabela.
2025-02-06 20:29:18,436 - INFO - Cabeçalhos ajustados para corresponder aos dados desejados.
2025-02-06 20:29:18,436 - INFO - Extraindo dados da tabela...
2025-02-06 20:29:18,436 - INFO - Aguardando carregamento das linhas da tabela...
2025-02-06 20:29:18,497 - INFO - 297 linhas encontradas na tabela.
2025-02-06 20:29:35,686 - INFO - Dados da tabela extraídos.
2025-02-06 20:29:35,686 - INFO - Salvando dados no arquivo JSON...
2025-02-06 20:29:35,717 - INFO - Dados salvos no arquivo MAC_UF.json.
2025-02-06 20:29:35,788 - INFO - Driver encerrado.
2025-02-06 20:39:01,934 - INFO - Iniciando o processo para a UF: SC
2025-02-06 20:39:02,317 - INFO - Driver configurado.
2025-02-06 20:39:02,317 - INFO - Baixando Teto MAC do SC...
2025-02-06 20:39:05,900 - INFO - Aguardando o campo de filtro de UF estar presente...
2025-02-06 20:39:06,068 - INFO - UF SC inserida no campo de filtro.
2025-02-06 20:39:09,068 - INFO - Aguardando o dropdown de seleção de quantidade de registros...
2025-02-06 20:39:09,202 - INFO - Maior opção do dropdown selecionada.
2025-02-06 20:39:14,203 - INFO - Aguardando a tabela estar presente...
2025-02-06 20:39:14,245 - INFO - Tabela encontrada.
2025-02-06 20:39:14,300 - INFO - 297 linhas encontradas na tabela.
2025-02-06 20:39:14,300 - INFO - Cabeçalhos ajustados para corresponder aos dados desejados.
2025-02-06 20:39:14,300 - INFO - Extraindo dados da tabela...
2025-02-06 20:39:14,300 - INFO - Aguardando carregamento das linhas da tabela...
2025-02-06 20:39:14,368 - INFO - 297 linhas encontradas na tabela.
2025-02-06 20:39:32,020 - INFO - Dados da tabela extraídos.
2025-02-06 20:39:32,020 - INFO - Salvando dados no arquivo JSON...
2025-02-06 20:39:32,047 - INFO - Dados salvos no arquivo MAC_UF.json.
2025-02-06 20:39:32,117 - INFO - Driver encerrado.
2025-02-06 20:45:18,944 - INFO - Iniciando o processo para a UF: SC
2025-02-06 20:45:19,297 - INFO - Driver configurado.
2025-02-06 20:45:19,297 - INFO - Baixando Teto MAC do SC...
2025-02-06 20:45:26,518 - INFO - Aguardando o campo de filtro de UF estar presente...
2025-02-06 20:45:26,696 - INFO - UF SC inserida no campo de filtro.
2025-02-06 20:45:29,696 - INFO - Aguardando o dropdown de seleção de quantidade de registros...
2025-02-06 20:45:29,843 - INFO - Maior opção do dropdown selecionada.
2025-02-06 20:45:34,843 - INFO - Aguardando a tabela estar presente...
2025-02-06 20:45:34,858 - INFO - Tabela encontrada.
2025-02-06 20:45:34,894 - INFO - 297 linhas encontradas na tabela.
2025-02-06 20:45:34,895 - INFO - Cabeçalhos ajustados para corresponder aos dados desejados.
2025-02-06 20:45:34,895 - INFO - Extraindo dados da tabela...
2025-02-06 20:45:34,895 - INFO - Aguardando carregamento das linhas da tabela...
2025-02-06 20:45:34,956 - INFO - 297 linhas encontradas na tabela.
2025-02-06 20:45:51,899 - INFO - Dados da tabela extraídos.
2025-02-06 20:45:51,899 - INFO - Salvando dados no arquivo JSON...
2025-02-06 20:45:51,924 - INFO - Dados salvos no arquivo MAC_UF.json.
2025-02-06 20:45:51,994 - INFO - Driver encerrado.
2025-02-06 20:52:37,635 - INFO - Iniciando o processo para a UF: SC
2025-02-06 20:52:37,998 - INFO - Driver configurado.
2025-02-06 20:52:37,998 - INFO - Baixando Teto MAC do SC...
2025-02-06 20:52:44,610 - INFO - Aguardando o campo de filtro de UF estar presente...
2025-02-06 20:52:44,753 - INFO - UF SC inserida no campo de filtro.
2025-02-06 20:52:47,753 - INFO - Aguardando o dropdown de seleção de quantidade de registros...
2025-02-06 20:52:47,915 - INFO - Maior opção do dropdown selecionada.
2025-02-06 20:52:52,916 - INFO - Aguardando a tabela estar presente...
2025-02-06 20:52:52,970 - INFO - Tabela encontrada.
2025-02-06 20:52:53,035 - INFO - 297 linhas encontradas na tabela.
2025-02-06 20:52:53,035 - INFO - Cabeçalhos ajustados para corresponder aos dados desejados.
2025-02-06 20:52:53,035 - INFO - Extraindo dados da tabela...
2025-02-06 20:52:53,035 - INFO - Aguardando carregamento das linhas da tabela...
2025-02-06 20:52:53,104 - INFO - 297 linhas encontradas na tabela.
2025-02-06 20:53:10,150 - INFO - Dados da tabela extraídos.
2025-02-06 20:53:10,151 - INFO - Salvando dados no arquivo JSON...
2025-02-06 20:53:10,177 - INFO - Dados salvos no arquivo MAC_UF.json.
2025-02-06 20:53:10,247 - INFO - Driver encerrado.
2025-02-06 21:01:29,145 - INFO - Iniciando o processo para a UF: SC
2025-02-06 21:01:29,711 - INFO - Driver configurado.
2025-02-06 21:01:29,712 - INFO - Baixando Teto MAC do SC...
2025-02-06 21:01:37,234 - INFO - Aguardando o campo de filtro de UF estar presente...
2025-02-06 21:01:37,377 - INFO - UF SC inserida no campo de filtro.
2025-02-06 21:01:40,378 - INFO - Aguardando o dropdown de seleção de quantidade de registros...
2025-02-06 21:01:40,580 - INFO - Maior opção do dropdown selecionada.
2025-02-06 21:01:45,581 - INFO - Aguardando a tabela estar presente...
2025-02-06 21:01:45,628 - INFO - Tabela encontrada.
2025-02-06 21:01:45,692 - INFO - 297 linhas encontradas na tabela.
2025-02-06 21:01:45,693 - INFO - Cabeçalhos ajustados para corresponder aos dados desejados.
2025-02-06 21:01:45,693 - INFO - Extraindo dados da tabela...
2025-02-06 21:01:45,693 - INFO - Aguardando carregamento das linhas da tabela...
2025-02-06 21:01:45,759 - INFO - 297 linhas encontradas na tabela.
2025-02-06 21:02:02,637 - INFO - Dados da tabela extraídos.
2025-02-06 21:02:02,637 - INFO - Salvando dados no arquivo JSON...
2025-02-06 21:02:02,667 - INFO - Dados salvos no arquivo MAC_UF.json.
2025-02-06 21:02:02,740 - INFO - Driver encerrado.
2025-02-06 21:36:10,731 - INFO - Iniciando o processo para a UF: SC
2025-02-06 21:36:11,099 - INFO - Driver configurado.
2025-02-06 21:36:11,099 - INFO - Baixando Teto MAC do SC...
2025-02-06 21:36:15,227 - INFO - Aguardando o campo de filtro de UF estar presente...
2025-02-06 21:36:15,373 - INFO - UF SC inserida no campo de filtro.
2025-02-06 21:36:18,374 - INFO - Aguardando o dropdown de seleção de quantidade de registros...
2025-02-06 21:36:18,577 - INFO - Maior opção do dropdown selecionada.
2025-02-06 21:36:23,577 - INFO - Aguardando a tabela estar presente...
2025-02-06 21:36:23,594 - INFO - Tabela encontrada.
2025-02-06 21:36:23,632 - INFO - 297 linhas encontradas na tabela.
2025-02-06 21:36:23,632 - INFO - Cabeçalhos ajustados para corresponder aos dados desejados.
2025-02-06 21:36:23,632 - INFO - Extraindo dados da tabela...
2025-02-06 21:36:23,633 - INFO - Aguardando carregamento das linhas da tabela...
2025-02-06 21:36:23,693 - INFO - 297 linhas encontradas na tabela.
2025-02-06 21:36:40,371 - INFO - Dados da tabela extraídos.
2025-02-06 21:36:40,371 - INFO - Salvando dados no arquivo JSON...
2025-02-06 21:36:40,395 - INFO - Dados salvos no arquivo MAC_UF.json.
2025-02-06 21:36:40,464 - INFO - Driver encerrado.
2025-04-10 22:52:00,608 - INFO - Iniciando o processo para a UF: PE
2025-04-10 22:52:00,979 - INFO - Driver configurado.
2025-04-10 22:52:00,980 - INFO - Baixando Teto MAC do PE...
2025-04-10 22:52:04,324 - INFO - Aguardando o campo de filtro de UF estar presente...
2025-04-10 22:52:04,485 - INFO - UF PE inserida no campo de filtro.
2025-04-10 22:52:07,486 - INFO - Aguardando o dropdown de seleção de quantidade de registros...
2025-04-10 22:52:07,598 - INFO - Maior opção do dropdown selecionada.
2025-04-10 22:52:12,598 - INFO - Aguardando a tabela estar presente...
2025-04-10 22:52:12,647 - INFO - Tabela encontrada.
2025-04-10 22:52:12,700 - INFO - 187 linhas encontradas na tabela.
2025-04-10 22:52:12,701 - INFO - Cabeçalhos ajustados para corresponder aos dados desejados.
2025-04-10 22:52:12,701 - INFO - Extraindo dados da tabela...
2025-04-10 22:52:12,701 - INFO - Aguardando carregamento das linhas da tabela...
2025-04-10 22:52:12,753 - INFO - 187 linhas encontradas na tabela.
2025-04-10 22:52:30,667 - INFO - Dados da tabela extraídos.
2025-04-10 22:52:30,667 - INFO - Salvando dados no arquivo JSON...
2025-04-10 22:52:30,692 - INFO - Dados salvos no arquivo MAC_UF.json.
2025-04-10 22:52:30,782 - INFO - Driver encerrado.
