2025-02-06 20:30:19,059 - INFO - Baixando SIA da UF 42...
2025-02-06 20:30:23,083 - INFO - Selecionando 'Complexidade'...
2025-02-06 20:30:23,185 - INFO - Selecionando 'Ano processamento'...
2025-02-06 20:30:23,261 - INFO - Selecionando múltiplos itens no dropdown 'Arquivos'...
2025-02-06 20:30:25,907 - INFO - Selecionado: qasc1001.dbf
2025-02-06 20:30:25,959 - INFO - Selecionado: qasc1002.dbf
2025-02-06 20:30:26,018 - INFO - Selecionado: qasc1003.dbf
2025-02-06 20:30:26,074 - INFO - Selecionado: qasc1004.dbf
2025-02-06 20:30:26,125 - INFO - Selecionado: qasc1005.dbf
2025-02-06 20:30:26,173 - INFO - Selecionado: qasc1006.dbf
2025-02-06 20:30:26,224 - INFO - Selecionado: qasc1007.dbf
2025-02-06 20:30:26,271 - INFO - Selecionado: qasc1008.dbf
2025-02-06 20:30:26,322 - INFO - Selecionado: qasc1009.dbf
2025-02-06 20:30:26,370 - INFO - Selecionado: qasc1010.dbf
2025-02-06 20:30:26,420 - INFO - Selecionado: qasc1011.dbf
2025-02-06 20:30:26,470 - INFO - Selecionado: qasc1012.dbf
2025-02-06 20:30:27,674 - INFO - Selecionado: qasc1101.dbf
2025-02-06 20:30:27,727 - INFO - Selecionado: qasc1102.dbf
2025-02-06 20:30:27,785 - INFO - Selecionado: qasc1103.dbf
2025-02-06 20:30:27,836 - INFO - Selecionado: qasc1104.dbf
2025-02-06 20:30:27,884 - INFO - Selecionado: qasc1105.dbf
2025-02-06 20:30:27,933 - INFO - Selecionado: qasc1106.dbf
2025-02-06 20:30:27,983 - INFO - Selecionado: qasc1107.dbf
2025-02-06 20:30:28,033 - INFO - Selecionado: qasc1108.dbf
2025-02-06 20:30:28,085 - INFO - Selecionado: qasc1109.dbf
2025-02-06 20:30:28,140 - INFO - Selecionado: qasc1110.dbf
2025-02-06 20:30:28,188 - INFO - Selecionado: qasc1111.dbf
2025-02-06 20:30:28,239 - INFO - Selecionado: qasc1112.dbf
2025-02-06 20:30:29,432 - INFO - Selecionado: qasc1201.dbf
2025-02-06 20:30:29,488 - INFO - Selecionado: qasc1202.dbf
2025-02-06 20:30:29,540 - INFO - Selecionado: qasc1203.dbf
2025-02-06 20:30:29,595 - INFO - Selecionado: qasc1204.dbf
2025-02-06 20:30:29,676 - INFO - Selecionado: qasc1205.dbf
2025-02-06 20:30:29,753 - INFO - Selecionado: qasc1206.dbf
2025-02-06 20:30:29,821 - INFO - Selecionado: qasc1207.dbf
2025-02-06 20:30:29,872 - INFO - Selecionado: qasc1208.dbf
2025-02-06 20:30:29,922 - INFO - Selecionado: qasc1209.dbf
2025-02-06 20:30:29,972 - INFO - Selecionado: qasc1210.dbf
2025-02-06 20:30:30,021 - INFO - Selecionado: qasc1211.dbf
2025-02-06 20:30:30,072 - INFO - Selecionado: qasc1212.dbf
2025-02-06 20:30:31,214 - INFO - Selecionado: qasc1301.dbf
2025-02-06 20:30:31,270 - INFO - Selecionado: qasc1302.dbf
2025-02-06 20:30:31,331 - INFO - Selecionado: qasc1303.dbf
2025-02-06 20:30:31,385 - INFO - Selecionado: qasc1304.dbf
2025-02-06 20:30:31,439 - INFO - Selecionado: qasc1305.dbf
2025-02-06 20:30:31,489 - INFO - Selecionado: qasc1306.dbf
2025-02-06 20:30:31,537 - INFO - Selecionado: qasc1307.dbf
2025-02-06 20:30:31,591 - INFO - Selecionado: qasc1308.dbf
2025-02-06 20:30:31,642 - INFO - Selecionado: qasc1309.dbf
2025-02-06 20:30:31,697 - INFO - Selecionado: qasc1310.dbf
2025-02-06 20:30:31,756 - INFO - Selecionado: qasc1311.dbf
2025-02-06 20:30:31,807 - INFO - Selecionado: qasc1312.dbf
2025-02-06 20:30:33,001 - INFO - Selecionado: qasc1401.dbf
2025-02-06 20:30:33,053 - INFO - Selecionado: qasc1402.dbf
2025-02-06 20:30:33,107 - INFO - Selecionado: qasc1403.dbf
2025-02-06 20:30:33,161 - INFO - Selecionado: qasc1404.dbf
2025-02-06 20:30:33,212 - INFO - Selecionado: qasc1405.dbf
2025-02-06 20:30:33,263 - INFO - Selecionado: qasc1406.dbf
2025-02-06 20:30:33,314 - INFO - Selecionado: qasc1407.dbf
2025-02-06 20:30:33,363 - INFO - Selecionado: qasc1408.dbf
2025-02-06 20:30:33,413 - INFO - Selecionado: qasc1409.dbf
2025-02-06 20:30:33,463 - INFO - Selecionado: qasc1410.dbf
2025-02-06 20:30:33,512 - INFO - Selecionado: qasc1411.dbf
2025-02-06 20:30:33,560 - INFO - Selecionado: qasc1412.dbf
2025-02-06 20:30:34,701 - INFO - Selecionado: qasc1501.dbf
2025-02-06 20:30:34,753 - INFO - Selecionado: qasc1502.dbf
2025-02-06 20:30:34,805 - INFO - Selecionado: qasc1503.dbf
2025-02-06 20:30:34,857 - INFO - Selecionado: qasc1504.dbf
2025-02-06 20:30:34,906 - INFO - Selecionado: qasc1505.dbf
2025-02-06 20:30:34,959 - INFO - Selecionado: qasc1506.dbf
2025-02-06 20:30:35,008 - INFO - Selecionado: qasc1507.dbf
2025-02-06 20:30:35,061 - INFO - Selecionado: qasc1508.dbf
2025-02-06 20:30:35,108 - INFO - Selecionado: qasc1509.dbf
2025-02-06 20:30:35,161 - INFO - Selecionado: qasc1510.dbf
2025-02-06 20:30:35,209 - INFO - Selecionado: qasc1511.dbf
2025-02-06 20:30:35,261 - INFO - Selecionado: qasc1512.dbf
2025-02-06 20:30:36,404 - INFO - Selecionado: qasc1601.dbf
2025-02-06 20:30:36,457 - INFO - Selecionado: qasc1602.dbf
2025-02-06 20:30:36,512 - INFO - Selecionado: qasc1603.dbf
2025-02-06 20:30:36,563 - INFO - Selecionado: qasc1604.dbf
2025-02-06 20:30:36,615 - INFO - Selecionado: qasc1605.dbf
2025-02-06 20:30:36,664 - INFO - Selecionado: qasc1606.dbf
2025-02-06 20:30:36,716 - INFO - Selecionado: qasc1607.dbf
2025-02-06 20:30:36,767 - INFO - Selecionado: qasc1608.dbf
2025-02-06 20:30:36,816 - INFO - Selecionado: qasc1609.dbf
2025-02-06 20:30:36,866 - INFO - Selecionado: qasc1610.dbf
2025-02-06 20:30:36,917 - INFO - Selecionado: qasc1611.dbf
2025-02-06 20:30:36,970 - INFO - Selecionado: qasc1612.dbf
2025-02-06 20:30:38,072 - INFO - Selecionado: qasc1701.dbf
2025-02-06 20:30:38,125 - INFO - Selecionado: qasc1702.dbf
2025-02-06 20:30:38,181 - INFO - Selecionado: qasc1703.dbf
2025-02-06 20:30:38,232 - INFO - Selecionado: qasc1704.dbf
2025-02-06 20:30:38,284 - INFO - Selecionado: qasc1705.dbf
2025-02-06 20:30:38,338 - INFO - Selecionado: qasc1706.dbf
2025-02-06 20:30:38,389 - INFO - Selecionado: qasc1707.dbf
2025-02-06 20:30:38,439 - INFO - Selecionado: qasc1708.dbf
2025-02-06 20:30:38,487 - INFO - Selecionado: qasc1709.dbf
2025-02-06 20:30:38,539 - INFO - Selecionado: qasc1710.dbf
2025-02-06 20:30:38,586 - INFO - Selecionado: qasc1711.dbf
2025-02-06 20:30:38,639 - INFO - Selecionado: qasc1712.dbf
2025-02-06 20:30:39,774 - INFO - Selecionado: qasc1801.dbf
2025-02-06 20:30:39,826 - INFO - Selecionado: qasc1802.dbf
2025-02-06 20:30:39,882 - INFO - Selecionado: qasc1803.dbf
2025-02-06 20:30:39,936 - INFO - Selecionado: qasc1804.dbf
2025-02-06 20:30:39,987 - INFO - Selecionado: qasc1805.dbf
2025-02-06 20:30:40,036 - INFO - Selecionado: qasc1806.dbf
2025-02-06 20:30:40,086 - INFO - Selecionado: qasc1807.dbf
2025-02-06 20:30:40,137 - INFO - Selecionado: qasc1808.dbf
2025-02-06 20:30:40,218 - INFO - Selecionado: qasc1809.dbf
2025-02-06 20:30:40,301 - INFO - Selecionado: qasc1810.dbf
2025-02-06 20:30:40,362 - INFO - Selecionado: qasc1811.dbf
2025-02-06 20:30:40,411 - INFO - Selecionado: qasc1812.dbf
2025-02-06 20:30:41,536 - INFO - Selecionado: qasc1901.dbf
2025-02-06 20:30:41,588 - INFO - Selecionado: qasc1902.dbf
2025-02-06 20:30:41,642 - INFO - Selecionado: qasc1903.dbf
2025-02-06 20:30:41,694 - INFO - Selecionado: qasc1904.dbf
2025-02-06 20:30:41,745 - INFO - Selecionado: qasc1905.dbf
2025-02-06 20:30:41,793 - INFO - Selecionado: qasc1906.dbf
2025-02-06 20:30:41,845 - INFO - Selecionado: qasc1907.dbf
2025-02-06 20:30:41,896 - INFO - Selecionado: qasc1908.dbf
2025-02-06 20:30:41,947 - INFO - Selecionado: qasc1909.dbf
2025-02-06 20:30:41,998 - INFO - Selecionado: qasc1910.dbf
2025-02-06 20:30:42,049 - INFO - Selecionado: qasc1911.dbf
2025-02-06 20:30:42,100 - INFO - Selecionado: qasc1912.dbf
2025-02-06 20:30:43,320 - INFO - Selecionado: qasc2001.dbf
2025-02-06 20:30:43,374 - INFO - Selecionado: qasc2002.dbf
2025-02-06 20:30:43,429 - INFO - Selecionado: qasc2003.dbf
2025-02-06 20:30:43,496 - INFO - Selecionado: qasc2004.dbf
2025-02-06 20:30:43,547 - INFO - Selecionado: qasc2005.dbf
2025-02-06 20:30:43,599 - INFO - Selecionado: qasc2006.dbf
2025-02-06 20:30:43,651 - INFO - Selecionado: qasc2007.dbf
2025-02-06 20:30:43,701 - INFO - Selecionado: qasc2008.dbf
2025-02-06 20:30:43,752 - INFO - Selecionado: qasc2009.dbf
2025-02-06 20:30:43,804 - INFO - Selecionado: qasc2010.dbf
2025-02-06 20:30:43,857 - INFO - Selecionado: qasc2011.dbf
2025-02-06 20:30:43,909 - INFO - Selecionado: qasc2012.dbf
2025-02-06 20:30:45,076 - INFO - Selecionado: qasc2101.dbf
2025-02-06 20:30:45,132 - INFO - Selecionado: qasc2102.dbf
2025-02-06 20:30:45,187 - INFO - Selecionado: qasc2103.dbf
2025-02-06 20:30:45,238 - INFO - Selecionado: qasc2104.dbf
2025-02-06 20:30:45,291 - INFO - Selecionado: qasc2105.dbf
2025-02-06 20:30:45,340 - INFO - Selecionado: qasc2106.dbf
2025-02-06 20:30:45,393 - INFO - Selecionado: qasc2107.dbf
2025-02-06 20:30:45,443 - INFO - Selecionado: qasc2108.dbf
2025-02-06 20:30:45,503 - INFO - Selecionado: qasc2109.dbf
2025-02-06 20:30:45,553 - INFO - Selecionado: qasc2110.dbf
2025-02-06 20:30:45,603 - INFO - Selecionado: qasc2111.dbf
2025-02-06 20:30:45,662 - INFO - Selecionado: qasc2112.dbf
2025-02-06 20:30:46,773 - INFO - Selecionado: qasc2201.dbf
2025-02-06 20:30:46,834 - INFO - Selecionado: qasc2202.dbf
2025-02-06 20:30:46,889 - INFO - Selecionado: qasc2203.dbf
2025-02-06 20:30:46,941 - INFO - Selecionado: qasc2204.dbf
2025-02-06 20:30:46,994 - INFO - Selecionado: qasc2205.dbf
2025-02-06 20:30:47,046 - INFO - Selecionado: qasc2206.dbf
2025-02-06 20:30:47,097 - INFO - Selecionado: qasc2207.dbf
2025-02-06 20:30:47,148 - INFO - Selecionado: qasc2208.dbf
2025-02-06 20:30:47,202 - INFO - Selecionado: qasc2209.dbf
2025-02-06 20:30:47,252 - INFO - Selecionado: qasc2210.dbf
2025-02-06 20:30:47,303 - INFO - Selecionado: qasc2211.dbf
2025-02-06 20:30:47,353 - INFO - Selecionado: qasc2212.dbf
2025-02-06 20:30:48,457 - INFO - Selecionado: qasc2301.dbf
2025-02-06 20:30:48,512 - INFO - Selecionado: qasc2302.dbf
2025-02-06 20:30:48,568 - INFO - Selecionado: qasc2303.dbf
2025-02-06 20:30:48,621 - INFO - Selecionado: qasc2304.dbf
2025-02-06 20:30:48,673 - INFO - Selecionado: qasc2305.dbf
2025-02-06 20:30:48,725 - INFO - Selecionado: qasc2306.dbf
2025-02-06 20:30:48,774 - INFO - Selecionado: qasc2307.dbf
2025-02-06 20:30:48,826 - INFO - Selecionado: qasc2308.dbf
2025-02-06 20:30:48,878 - INFO - Selecionado: qasc2309.dbf
2025-02-06 20:30:48,929 - INFO - Selecionado: qasc2310.dbf
2025-02-06 20:30:48,987 - INFO - Selecionado: qasc2311.dbf
2025-02-06 20:30:49,053 - INFO - Selecionado: qasc2312.dbf
2025-02-06 20:30:50,163 - INFO - Selecionado: qasc2401.dbf
2025-02-06 20:30:50,219 - INFO - Selecionado: qasc2402.dbf
2025-02-06 20:30:50,272 - INFO - Selecionado: qasc2403.dbf
2025-02-06 20:30:50,325 - INFO - Selecionado: qasc2404.dbf
2025-02-06 20:30:50,376 - INFO - Selecionado: qasc2405.dbf
2025-02-06 20:30:50,426 - INFO - Selecionado: qasc2406.dbf
2025-02-06 20:30:50,489 - INFO - Selecionado: qasc2407.dbf
2025-02-06 20:30:50,540 - INFO - Selecionado: qasc2408.dbf
2025-02-06 20:30:50,594 - INFO - Selecionado: qasc2409.dbf
2025-02-06 20:30:50,645 - INFO - Selecionado: qasc2410.dbf
2025-02-06 20:30:50,696 - INFO - Selecionado: qasc2411.dbf
2025-02-06 20:30:52,689 - INFO - Interagindo com outros elementos da página...
2025-02-06 20:30:52,800 - INFO - Esperando opções do dropdown de município serem carregadas...
2025-02-06 20:30:52,868 - INFO - Contando a posição do município...
2025-02-06 20:30:53,572 - INFO - Selecionando o município na posição 40 usando JavaScript...
2025-02-06 20:30:53,583 - INFO - Município selecionado.
2025-02-06 20:30:53,583 - INFO - Iniciando extração de dados...
2025-02-06 20:30:53,707 - INFO - Esperando pela tabela...
2025-02-06 20:31:23,288 - INFO - Capturando dados da tabela...
2025-02-06 20:31:24,995 - INFO - Dados da tabela capturados.
2025-02-06 20:31:24,995 - INFO - Dados da tabela capturados (apenas Média e Alta Complexidade):
2025-02-06 20:31:24,995 - INFO - [{'Complexidade': 'Média complexidade', '2010': '39.849', '2011': '68.632', '2012': '83.273', '2013': '87.152', '2014': '107.806', '2015': '101.179', '2016': '110.526', '2017': '124.418', '2018': '125.143', '2019': '147.352', '2020': '170.153', '2021': '204.149', '2022': '260.011', '2023': '362.664', '2024': '375.609', 'Total': '2.367.916'}, {'Complexidade': 'Alta complexidade', '2010': '-', '2011': '-', '2012': '-', '2013': '-', '2014': '-', '2015': '-', '2016': '-', '2017': '-', '2018': '-', '2019': '-', '2020': '-', '2021': '-', '2022': '-', '2023': '-', '2024': '6', 'Total': '6'}]
2025-02-06 20:31:24,996 - INFO - Salvando os dados em arquivo JSON...
2025-02-06 20:31:25,057 - INFO - Fechando todas as janelas restantes...
2025-02-06 20:31:25,180 - INFO - Processo concluído.
2025-02-06 20:39:52,786 - INFO - Baixando SIA da UF 42...
2025-02-06 20:39:56,828 - INFO - Selecionando 'Complexidade'...
2025-02-06 20:39:56,927 - INFO - Selecionando 'Ano processamento'...
2025-02-06 20:39:57,000 - INFO - Selecionando múltiplos itens no dropdown 'Arquivos'...
2025-02-06 20:39:59,592 - INFO - Selecionado: qasc1001.dbf
2025-02-06 20:39:59,645 - INFO - Selecionado: qasc1002.dbf
2025-02-06 20:39:59,697 - INFO - Selecionado: qasc1003.dbf
2025-02-06 20:39:59,750 - INFO - Selecionado: qasc1004.dbf
2025-02-06 20:39:59,801 - INFO - Selecionado: qasc1005.dbf
2025-02-06 20:39:59,850 - INFO - Selecionado: qasc1006.dbf
2025-02-06 20:39:59,898 - INFO - Selecionado: qasc1007.dbf
2025-02-06 20:39:59,946 - INFO - Selecionado: qasc1008.dbf
2025-02-06 20:39:59,993 - INFO - Selecionado: qasc1009.dbf
2025-02-06 20:40:00,041 - INFO - Selecionado: qasc1010.dbf
2025-02-06 20:40:00,091 - INFO - Selecionado: qasc1011.dbf
2025-02-06 20:40:00,139 - INFO - Selecionado: qasc1012.dbf
2025-02-06 20:40:01,299 - INFO - Selecionado: qasc1101.dbf
2025-02-06 20:40:01,351 - INFO - Selecionado: qasc1102.dbf
2025-02-06 20:40:01,406 - INFO - Selecionado: qasc1103.dbf
2025-02-06 20:40:01,457 - INFO - Selecionado: qasc1104.dbf
2025-02-06 20:40:01,507 - INFO - Selecionado: qasc1105.dbf
2025-02-06 20:40:01,554 - INFO - Selecionado: qasc1106.dbf
2025-02-06 20:40:01,604 - INFO - Selecionado: qasc1107.dbf
2025-02-06 20:40:01,653 - INFO - Selecionado: qasc1108.dbf
2025-02-06 20:40:01,705 - INFO - Selecionado: qasc1109.dbf
2025-02-06 20:40:01,757 - INFO - Selecionado: qasc1110.dbf
2025-02-06 20:40:01,808 - INFO - Selecionado: qasc1111.dbf
2025-02-06 20:40:01,856 - INFO - Selecionado: qasc1112.dbf
2025-02-06 20:40:02,999 - INFO - Selecionado: qasc1201.dbf
2025-02-06 20:40:03,062 - INFO - Selecionado: qasc1202.dbf
2025-02-06 20:40:03,128 - INFO - Selecionado: qasc1203.dbf
2025-02-06 20:40:03,178 - INFO - Selecionado: qasc1204.dbf
2025-02-06 20:40:03,229 - INFO - Selecionado: qasc1205.dbf
2025-02-06 20:40:03,277 - INFO - Selecionado: qasc1206.dbf
2025-02-06 20:40:03,326 - INFO - Selecionado: qasc1207.dbf
2025-02-06 20:40:03,375 - INFO - Selecionado: qasc1208.dbf
2025-02-06 20:40:03,423 - INFO - Selecionado: qasc1209.dbf
2025-02-06 20:40:03,472 - INFO - Selecionado: qasc1210.dbf
2025-02-06 20:40:03,524 - INFO - Selecionado: qasc1211.dbf
2025-02-06 20:40:03,573 - INFO - Selecionado: qasc1212.dbf
2025-02-06 20:40:04,679 - INFO - Selecionado: qasc1301.dbf
2025-02-06 20:40:04,737 - INFO - Selecionado: qasc1302.dbf
2025-02-06 20:40:04,791 - INFO - Selecionado: qasc1303.dbf
2025-02-06 20:40:04,845 - INFO - Selecionado: qasc1304.dbf
2025-02-06 20:40:04,893 - INFO - Selecionado: qasc1305.dbf
2025-02-06 20:40:04,941 - INFO - Selecionado: qasc1306.dbf
2025-02-06 20:40:04,989 - INFO - Selecionado: qasc1307.dbf
2025-02-06 20:40:05,040 - INFO - Selecionado: qasc1308.dbf
2025-02-06 20:40:05,087 - INFO - Selecionado: qasc1309.dbf
2025-02-06 20:40:05,136 - INFO - Selecionado: qasc1310.dbf
2025-02-06 20:40:05,185 - INFO - Selecionado: qasc1311.dbf
2025-02-06 20:40:05,245 - INFO - Selecionado: qasc1312.dbf
2025-02-06 20:40:06,410 - INFO - Selecionado: qasc1401.dbf
2025-02-06 20:40:06,463 - INFO - Selecionado: qasc1402.dbf
2025-02-06 20:40:06,515 - INFO - Selecionado: qasc1403.dbf
2025-02-06 20:40:06,564 - INFO - Selecionado: qasc1404.dbf
2025-02-06 20:40:06,621 - INFO - Selecionado: qasc1405.dbf
2025-02-06 20:40:06,708 - INFO - Selecionado: qasc1406.dbf
2025-02-06 20:40:06,784 - INFO - Selecionado: qasc1407.dbf
2025-02-06 20:40:06,841 - INFO - Selecionado: qasc1408.dbf
2025-02-06 20:40:06,891 - INFO - Selecionado: qasc1409.dbf
2025-02-06 20:40:06,941 - INFO - Selecionado: qasc1410.dbf
2025-02-06 20:40:06,993 - INFO - Selecionado: qasc1411.dbf
2025-02-06 20:40:07,043 - INFO - Selecionado: qasc1412.dbf
2025-02-06 20:40:08,118 - INFO - Selecionado: qasc1501.dbf
2025-02-06 20:40:08,171 - INFO - Selecionado: qasc1502.dbf
2025-02-06 20:40:08,224 - INFO - Selecionado: qasc1503.dbf
2025-02-06 20:40:08,277 - INFO - Selecionado: qasc1504.dbf
2025-02-06 20:40:08,329 - INFO - Selecionado: qasc1505.dbf
2025-02-06 20:40:08,378 - INFO - Selecionado: qasc1506.dbf
2025-02-06 20:40:08,427 - INFO - Selecionado: qasc1507.dbf
2025-02-06 20:40:08,476 - INFO - Selecionado: qasc1508.dbf
2025-02-06 20:40:08,527 - INFO - Selecionado: qasc1509.dbf
2025-02-06 20:40:08,576 - INFO - Selecionado: qasc1510.dbf
2025-02-06 20:40:08,628 - INFO - Selecionado: qasc1511.dbf
2025-02-06 20:40:08,678 - INFO - Selecionado: qasc1512.dbf
2025-02-06 20:40:09,766 - INFO - Selecionado: qasc1601.dbf
2025-02-06 20:40:09,820 - INFO - Selecionado: qasc1602.dbf
2025-02-06 20:40:09,874 - INFO - Selecionado: qasc1603.dbf
2025-02-06 20:40:09,925 - INFO - Selecionado: qasc1604.dbf
2025-02-06 20:40:09,975 - INFO - Selecionado: qasc1605.dbf
2025-02-06 20:40:10,024 - INFO - Selecionado: qasc1606.dbf
2025-02-06 20:40:10,073 - INFO - Selecionado: qasc1607.dbf
2025-02-06 20:40:10,121 - INFO - Selecionado: qasc1608.dbf
2025-02-06 20:40:10,170 - INFO - Selecionado: qasc1609.dbf
2025-02-06 20:40:10,217 - INFO - Selecionado: qasc1610.dbf
2025-02-06 20:40:10,263 - INFO - Selecionado: qasc1611.dbf
2025-02-06 20:40:10,313 - INFO - Selecionado: qasc1612.dbf
2025-02-06 20:40:11,373 - INFO - Selecionado: qasc1701.dbf
2025-02-06 20:40:11,426 - INFO - Selecionado: qasc1702.dbf
2025-02-06 20:40:11,480 - INFO - Selecionado: qasc1703.dbf
2025-02-06 20:40:11,530 - INFO - Selecionado: qasc1704.dbf
2025-02-06 20:40:11,578 - INFO - Selecionado: qasc1705.dbf
2025-02-06 20:40:11,637 - INFO - Selecionado: qasc1706.dbf
2025-02-06 20:40:11,686 - INFO - Selecionado: qasc1707.dbf
2025-02-06 20:40:11,739 - INFO - Selecionado: qasc1708.dbf
2025-02-06 20:40:11,788 - INFO - Selecionado: qasc1709.dbf
2025-02-06 20:40:11,835 - INFO - Selecionado: qasc1710.dbf
2025-02-06 20:40:11,886 - INFO - Selecionado: qasc1711.dbf
2025-02-06 20:40:11,936 - INFO - Selecionado: qasc1712.dbf
2025-02-06 20:40:13,019 - INFO - Selecionado: qasc1801.dbf
2025-02-06 20:40:13,081 - INFO - Selecionado: qasc1802.dbf
2025-02-06 20:40:13,136 - INFO - Selecionado: qasc1803.dbf
2025-02-06 20:40:13,187 - INFO - Selecionado: qasc1804.dbf
2025-02-06 20:40:13,240 - INFO - Selecionado: qasc1805.dbf
2025-02-06 20:40:13,290 - INFO - Selecionado: qasc1806.dbf
2025-02-06 20:40:13,340 - INFO - Selecionado: qasc1807.dbf
2025-02-06 20:40:13,387 - INFO - Selecionado: qasc1808.dbf
2025-02-06 20:40:13,441 - INFO - Selecionado: qasc1809.dbf
2025-02-06 20:40:13,491 - INFO - Selecionado: qasc1810.dbf
2025-02-06 20:40:13,543 - INFO - Selecionado: qasc1811.dbf
2025-02-06 20:40:13,593 - INFO - Selecionado: qasc1812.dbf
2025-02-06 20:40:14,670 - INFO - Selecionado: qasc1901.dbf
2025-02-06 20:40:14,722 - INFO - Selecionado: qasc1902.dbf
2025-02-06 20:40:14,778 - INFO - Selecionado: qasc1903.dbf
2025-02-06 20:40:14,829 - INFO - Selecionado: qasc1904.dbf
2025-02-06 20:40:14,879 - INFO - Selecionado: qasc1905.dbf
2025-02-06 20:40:14,927 - INFO - Selecionado: qasc1906.dbf
2025-02-06 20:40:14,977 - INFO - Selecionado: qasc1907.dbf
2025-02-06 20:40:15,027 - INFO - Selecionado: qasc1908.dbf
2025-02-06 20:40:15,076 - INFO - Selecionado: qasc1909.dbf
2025-02-06 20:40:15,128 - INFO - Selecionado: qasc1910.dbf
2025-02-06 20:40:15,178 - INFO - Selecionado: qasc1911.dbf
2025-02-06 20:40:15,230 - INFO - Selecionado: qasc1912.dbf
2025-02-06 20:40:16,414 - INFO - Selecionado: qasc2001.dbf
2025-02-06 20:40:16,465 - INFO - Selecionado: qasc2002.dbf
2025-02-06 20:40:16,519 - INFO - Selecionado: qasc2003.dbf
2025-02-06 20:40:16,572 - INFO - Selecionado: qasc2004.dbf
2025-02-06 20:40:16,625 - INFO - Selecionado: qasc2005.dbf
2025-02-06 20:40:16,674 - INFO - Selecionado: qasc2006.dbf
2025-02-06 20:40:16,726 - INFO - Selecionado: qasc2007.dbf
2025-02-06 20:40:16,774 - INFO - Selecionado: qasc2008.dbf
2025-02-06 20:40:16,824 - INFO - Selecionado: qasc2009.dbf
2025-02-06 20:40:16,875 - INFO - Selecionado: qasc2010.dbf
2025-02-06 20:40:16,951 - INFO - Selecionado: qasc2011.dbf
2025-02-06 20:40:17,028 - INFO - Selecionado: qasc2012.dbf
2025-02-06 20:40:18,152 - INFO - Selecionado: qasc2101.dbf
2025-02-06 20:40:18,204 - INFO - Selecionado: qasc2102.dbf
2025-02-06 20:40:18,259 - INFO - Selecionado: qasc2103.dbf
2025-02-06 20:40:18,312 - INFO - Selecionado: qasc2104.dbf
2025-02-06 20:40:18,361 - INFO - Selecionado: qasc2105.dbf
2025-02-06 20:40:18,412 - INFO - Selecionado: qasc2106.dbf
2025-02-06 20:40:18,461 - INFO - Selecionado: qasc2107.dbf
2025-02-06 20:40:18,512 - INFO - Selecionado: qasc2108.dbf
2025-02-06 20:40:18,561 - INFO - Selecionado: qasc2109.dbf
2025-02-06 20:40:18,612 - INFO - Selecionado: qasc2110.dbf
2025-02-06 20:40:18,660 - INFO - Selecionado: qasc2111.dbf
2025-02-06 20:40:18,712 - INFO - Selecionado: qasc2112.dbf
2025-02-06 20:40:19,788 - INFO - Selecionado: qasc2201.dbf
2025-02-06 20:40:19,843 - INFO - Selecionado: qasc2202.dbf
2025-02-06 20:40:19,896 - INFO - Selecionado: qasc2203.dbf
2025-02-06 20:40:19,947 - INFO - Selecionado: qasc2204.dbf
2025-02-06 20:40:19,998 - INFO - Selecionado: qasc2205.dbf
2025-02-06 20:40:20,047 - INFO - Selecionado: qasc2206.dbf
2025-02-06 20:40:20,098 - INFO - Selecionado: qasc2207.dbf
2025-02-06 20:40:20,152 - INFO - Selecionado: qasc2208.dbf
2025-02-06 20:40:20,203 - INFO - Selecionado: qasc2209.dbf
2025-02-06 20:40:20,255 - INFO - Selecionado: qasc2210.dbf
2025-02-06 20:40:20,307 - INFO - Selecionado: qasc2211.dbf
2025-02-06 20:40:20,359 - INFO - Selecionado: qasc2212.dbf
2025-02-06 20:40:21,431 - INFO - Selecionado: qasc2301.dbf
2025-02-06 20:40:21,485 - INFO - Selecionado: qasc2302.dbf
2025-02-06 20:40:21,541 - INFO - Selecionado: qasc2303.dbf
2025-02-06 20:40:21,591 - INFO - Selecionado: qasc2304.dbf
2025-02-06 20:40:21,644 - INFO - Selecionado: qasc2305.dbf
2025-02-06 20:40:21,694 - INFO - Selecionado: qasc2306.dbf
2025-02-06 20:40:21,743 - INFO - Selecionado: qasc2307.dbf
2025-02-06 20:40:21,794 - INFO - Selecionado: qasc2308.dbf
2025-02-06 20:40:21,844 - INFO - Selecionado: qasc2309.dbf
2025-02-06 20:40:21,898 - INFO - Selecionado: qasc2310.dbf
2025-02-06 20:40:21,948 - INFO - Selecionado: qasc2311.dbf
2025-02-06 20:40:21,999 - INFO - Selecionado: qasc2312.dbf
2025-02-06 20:40:23,080 - INFO - Selecionado: qasc2401.dbf
2025-02-06 20:40:23,135 - INFO - Selecionado: qasc2402.dbf
2025-02-06 20:40:23,191 - INFO - Selecionado: qasc2403.dbf
2025-02-06 20:40:23,243 - INFO - Selecionado: qasc2404.dbf
2025-02-06 20:40:23,294 - INFO - Selecionado: qasc2405.dbf
2025-02-06 20:40:23,345 - INFO - Selecionado: qasc2406.dbf
2025-02-06 20:40:23,396 - INFO - Selecionado: qasc2407.dbf
2025-02-06 20:40:23,446 - INFO - Selecionado: qasc2408.dbf
2025-02-06 20:40:23,497 - INFO - Selecionado: qasc2409.dbf
2025-02-06 20:40:23,548 - INFO - Selecionado: qasc2410.dbf
2025-02-06 20:40:23,601 - INFO - Selecionado: qasc2411.dbf
2025-02-06 20:40:25,543 - INFO - Interagindo com outros elementos da página...
2025-02-06 20:40:25,649 - INFO - Esperando opções do dropdown de município serem carregadas...
2025-02-06 20:40:25,698 - INFO - Contando a posição do município...
2025-02-06 20:40:26,337 - INFO - Selecionando o município na posição 40 usando JavaScript...
2025-02-06 20:40:26,347 - INFO - Município selecionado.
2025-02-06 20:40:26,347 - INFO - Iniciando extração de dados...
2025-02-06 20:40:26,475 - INFO - Esperando pela tabela...
2025-02-06 20:40:54,226 - INFO - Capturando dados da tabela...
2025-02-06 20:40:55,902 - INFO - Dados da tabela capturados.
2025-02-06 20:40:55,902 - INFO - Dados da tabela capturados (apenas Média e Alta Complexidade):
2025-02-06 20:40:55,903 - INFO - [{'Complexidade': 'Média complexidade', '2010': '39.849', '2011': '68.632', '2012': '83.273', '2013': '87.152', '2014': '107.806', '2015': '101.179', '2016': '110.526', '2017': '124.418', '2018': '125.143', '2019': '147.352', '2020': '170.153', '2021': '204.149', '2022': '260.011', '2023': '362.664', '2024': '375.609', 'Total': '2.367.916'}, {'Complexidade': 'Alta complexidade', '2010': '-', '2011': '-', '2012': '-', '2013': '-', '2014': '-', '2015': '-', '2016': '-', '2017': '-', '2018': '-', '2019': '-', '2020': '-', '2021': '-', '2022': '-', '2023': '-', '2024': '6', 'Total': '6'}]
2025-02-06 20:40:55,903 - INFO - Salvando os dados em arquivo JSON...
2025-02-06 20:40:55,966 - INFO - Fechando todas as janelas restantes...
2025-02-06 20:40:56,129 - INFO - Processo concluído.
2025-02-06 20:46:36,394 - INFO - Baixando SIA da UF 42...
2025-02-06 20:46:41,550 - INFO - Selecionando 'Complexidade'...
2025-02-06 20:46:41,653 - INFO - Selecionando 'Ano processamento'...
2025-02-06 20:46:41,729 - INFO - Selecionando múltiplos itens no dropdown 'Arquivos'...
2025-02-06 20:46:44,295 - INFO - Selecionado: qasc1001.dbf
2025-02-06 20:46:44,345 - INFO - Selecionado: qasc1002.dbf
2025-02-06 20:46:44,409 - INFO - Selecionado: qasc1003.dbf
2025-02-06 20:46:44,456 - INFO - Selecionado: qasc1004.dbf
2025-02-06 20:46:44,507 - INFO - Selecionado: qasc1005.dbf
2025-02-06 20:46:44,553 - INFO - Selecionado: qasc1006.dbf
2025-02-06 20:46:44,600 - INFO - Selecionado: qasc1007.dbf
2025-02-06 20:46:44,646 - INFO - Selecionado: qasc1008.dbf
2025-02-06 20:46:44,695 - INFO - Selecionado: qasc1009.dbf
2025-02-06 20:46:44,743 - INFO - Selecionado: qasc1010.dbf
2025-02-06 20:46:44,793 - INFO - Selecionado: qasc1011.dbf
2025-02-06 20:46:44,840 - INFO - Selecionado: qasc1012.dbf
2025-02-06 20:46:45,990 - INFO - Selecionado: qasc1101.dbf
2025-02-06 20:46:46,040 - INFO - Selecionado: qasc1102.dbf
2025-02-06 20:46:46,093 - INFO - Selecionado: qasc1103.dbf
2025-02-06 20:46:46,141 - INFO - Selecionado: qasc1104.dbf
2025-02-06 20:46:46,190 - INFO - Selecionado: qasc1105.dbf
2025-02-06 20:46:46,240 - INFO - Selecionado: qasc1106.dbf
2025-02-06 20:46:46,288 - INFO - Selecionado: qasc1107.dbf
2025-02-06 20:46:46,336 - INFO - Selecionado: qasc1108.dbf
2025-02-06 20:46:46,395 - INFO - Selecionado: qasc1109.dbf
2025-02-06 20:46:46,443 - INFO - Selecionado: qasc1110.dbf
2025-02-06 20:46:46,492 - INFO - Selecionado: qasc1111.dbf
2025-02-06 20:46:46,541 - INFO - Selecionado: qasc1112.dbf
2025-02-06 20:46:47,690 - INFO - Selecionado: qasc1201.dbf
2025-02-06 20:46:47,741 - INFO - Selecionado: qasc1202.dbf
2025-02-06 20:46:47,792 - INFO - Selecionado: qasc1203.dbf
2025-02-06 20:46:47,850 - INFO - Selecionado: qasc1204.dbf
2025-02-06 20:46:47,899 - INFO - Selecionado: qasc1205.dbf
2025-02-06 20:46:47,947 - INFO - Selecionado: qasc1206.dbf
2025-02-06 20:46:47,992 - INFO - Selecionado: qasc1207.dbf
2025-02-06 20:46:48,071 - INFO - Selecionado: qasc1208.dbf
2025-02-06 20:46:48,153 - INFO - Selecionado: qasc1209.dbf
2025-02-06 20:46:48,207 - INFO - Selecionado: qasc1210.dbf
2025-02-06 20:46:48,257 - INFO - Selecionado: qasc1211.dbf
2025-02-06 20:46:48,308 - INFO - Selecionado: qasc1212.dbf
2025-02-06 20:46:49,382 - INFO - Selecionado: qasc1301.dbf
2025-02-06 20:46:49,442 - INFO - Selecionado: qasc1302.dbf
2025-02-06 20:46:49,499 - INFO - Selecionado: qasc1303.dbf
2025-02-06 20:46:49,548 - INFO - Selecionado: qasc1304.dbf
2025-02-06 20:46:49,597 - INFO - Selecionado: qasc1305.dbf
2025-02-06 20:46:49,644 - INFO - Selecionado: qasc1306.dbf
2025-02-06 20:46:49,697 - INFO - Selecionado: qasc1307.dbf
2025-02-06 20:46:49,748 - INFO - Selecionado: qasc1308.dbf
2025-02-06 20:46:49,797 - INFO - Selecionado: qasc1309.dbf
2025-02-06 20:46:49,844 - INFO - Selecionado: qasc1310.dbf
2025-02-06 20:46:49,894 - INFO - Selecionado: qasc1311.dbf
2025-02-06 20:46:49,939 - INFO - Selecionado: qasc1312.dbf
2025-02-06 20:46:51,083 - INFO - Selecionado: qasc1401.dbf
2025-02-06 20:46:51,136 - INFO - Selecionado: qasc1402.dbf
2025-02-06 20:46:51,189 - INFO - Selecionado: qasc1403.dbf
2025-02-06 20:46:51,237 - INFO - Selecionado: qasc1404.dbf
2025-02-06 20:46:51,298 - INFO - Selecionado: qasc1405.dbf
2025-02-06 20:46:51,350 - INFO - Selecionado: qasc1406.dbf
2025-02-06 20:46:51,398 - INFO - Selecionado: qasc1407.dbf
2025-02-06 20:46:51,446 - INFO - Selecionado: qasc1408.dbf
2025-02-06 20:46:51,493 - INFO - Selecionado: qasc1409.dbf
2025-02-06 20:46:51,548 - INFO - Selecionado: qasc1410.dbf
2025-02-06 20:46:51,599 - INFO - Selecionado: qasc1411.dbf
2025-02-06 20:46:51,650 - INFO - Selecionado: qasc1412.dbf
2025-02-06 20:46:52,727 - INFO - Selecionado: qasc1501.dbf
2025-02-06 20:46:52,779 - INFO - Selecionado: qasc1502.dbf
2025-02-06 20:46:52,841 - INFO - Selecionado: qasc1503.dbf
2025-02-06 20:46:52,891 - INFO - Selecionado: qasc1504.dbf
2025-02-06 20:46:52,942 - INFO - Selecionado: qasc1505.dbf
2025-02-06 20:46:52,995 - INFO - Selecionado: qasc1506.dbf
2025-02-06 20:46:53,044 - INFO - Selecionado: qasc1507.dbf
2025-02-06 20:46:53,104 - INFO - Selecionado: qasc1508.dbf
2025-02-06 20:46:53,152 - INFO - Selecionado: qasc1509.dbf
2025-02-06 20:46:53,200 - INFO - Selecionado: qasc1510.dbf
2025-02-06 20:46:53,249 - INFO - Selecionado: qasc1511.dbf
2025-02-06 20:46:53,298 - INFO - Selecionado: qasc1512.dbf
2025-02-06 20:46:54,370 - INFO - Selecionado: qasc1601.dbf
2025-02-06 20:46:54,421 - INFO - Selecionado: qasc1602.dbf
2025-02-06 20:46:54,475 - INFO - Selecionado: qasc1603.dbf
2025-02-06 20:46:54,524 - INFO - Selecionado: qasc1604.dbf
2025-02-06 20:46:54,574 - INFO - Selecionado: qasc1605.dbf
2025-02-06 20:46:54,623 - INFO - Selecionado: qasc1606.dbf
2025-02-06 20:46:54,671 - INFO - Selecionado: qasc1607.dbf
2025-02-06 20:46:54,718 - INFO - Selecionado: qasc1608.dbf
2025-02-06 20:46:54,768 - INFO - Selecionado: qasc1609.dbf
2025-02-06 20:46:54,817 - INFO - Selecionado: qasc1610.dbf
2025-02-06 20:46:54,865 - INFO - Selecionado: qasc1611.dbf
2025-02-06 20:46:54,915 - INFO - Selecionado: qasc1612.dbf
2025-02-06 20:46:55,960 - INFO - Selecionado: qasc1701.dbf
2025-02-06 20:46:56,011 - INFO - Selecionado: qasc1702.dbf
2025-02-06 20:46:56,062 - INFO - Selecionado: qasc1703.dbf
2025-02-06 20:46:56,112 - INFO - Selecionado: qasc1704.dbf
2025-02-06 20:46:56,163 - INFO - Selecionado: qasc1705.dbf
2025-02-06 20:46:56,211 - INFO - Selecionado: qasc1706.dbf
2025-02-06 20:46:56,261 - INFO - Selecionado: qasc1707.dbf
2025-02-06 20:46:56,312 - INFO - Selecionado: qasc1708.dbf
2025-02-06 20:46:56,361 - INFO - Selecionado: qasc1709.dbf
2025-02-06 20:46:56,409 - INFO - Selecionado: qasc1710.dbf
2025-02-06 20:46:56,460 - INFO - Selecionado: qasc1711.dbf
2025-02-06 20:46:56,507 - INFO - Selecionado: qasc1712.dbf
2025-02-06 20:46:57,583 - INFO - Selecionado: qasc1801.dbf
2025-02-06 20:46:57,636 - INFO - Selecionado: qasc1802.dbf
2025-02-06 20:46:57,688 - INFO - Selecionado: qasc1803.dbf
2025-02-06 20:46:57,738 - INFO - Selecionado: qasc1804.dbf
2025-02-06 20:46:57,787 - INFO - Selecionado: qasc1805.dbf
2025-02-06 20:46:57,840 - INFO - Selecionado: qasc1806.dbf
2025-02-06 20:46:57,889 - INFO - Selecionado: qasc1807.dbf
2025-02-06 20:46:57,945 - INFO - Selecionado: qasc1808.dbf
2025-02-06 20:46:57,995 - INFO - Selecionado: qasc1809.dbf
2025-02-06 20:46:58,046 - INFO - Selecionado: qasc1810.dbf
2025-02-06 20:46:58,095 - INFO - Selecionado: qasc1811.dbf
2025-02-06 20:46:58,146 - INFO - Selecionado: qasc1812.dbf
2025-02-06 20:46:59,223 - INFO - Selecionado: qasc1901.dbf
2025-02-06 20:46:59,277 - INFO - Selecionado: qasc1902.dbf
2025-02-06 20:46:59,332 - INFO - Selecionado: qasc1903.dbf
2025-02-06 20:46:59,381 - INFO - Selecionado: qasc1904.dbf
2025-02-06 20:46:59,452 - INFO - Selecionado: qasc1905.dbf
2025-02-06 20:46:59,531 - INFO - Selecionado: qasc1906.dbf
2025-02-06 20:46:59,596 - INFO - Selecionado: qasc1907.dbf
2025-02-06 20:46:59,644 - INFO - Selecionado: qasc1908.dbf
2025-02-06 20:46:59,695 - INFO - Selecionado: qasc1909.dbf
2025-02-06 20:46:59,744 - INFO - Selecionado: qasc1910.dbf
2025-02-06 20:46:59,795 - INFO - Selecionado: qasc1911.dbf
2025-02-06 20:46:59,844 - INFO - Selecionado: qasc1912.dbf
2025-02-06 20:47:00,991 - INFO - Selecionado: qasc2001.dbf
2025-02-06 20:47:01,044 - INFO - Selecionado: qasc2002.dbf
2025-02-06 20:47:01,098 - INFO - Selecionado: qasc2003.dbf
2025-02-06 20:47:01,147 - INFO - Selecionado: qasc2004.dbf
2025-02-06 20:47:01,197 - INFO - Selecionado: qasc2005.dbf
2025-02-06 20:47:01,246 - INFO - Selecionado: qasc2006.dbf
2025-02-06 20:47:01,296 - INFO - Selecionado: qasc2007.dbf
2025-02-06 20:47:01,344 - INFO - Selecionado: qasc2008.dbf
2025-02-06 20:47:01,395 - INFO - Selecionado: qasc2009.dbf
2025-02-06 20:47:01,446 - INFO - Selecionado: qasc2010.dbf
2025-02-06 20:47:01,505 - INFO - Selecionado: qasc2011.dbf
2025-02-06 20:47:01,554 - INFO - Selecionado: qasc2012.dbf
2025-02-06 20:47:02,655 - INFO - Selecionado: qasc2101.dbf
2025-02-06 20:47:02,708 - INFO - Selecionado: qasc2102.dbf
2025-02-06 20:47:02,761 - INFO - Selecionado: qasc2103.dbf
2025-02-06 20:47:02,819 - INFO - Selecionado: qasc2104.dbf
2025-02-06 20:47:02,872 - INFO - Selecionado: qasc2105.dbf
2025-02-06 20:47:02,920 - INFO - Selecionado: qasc2106.dbf
2025-02-06 20:47:02,971 - INFO - Selecionado: qasc2107.dbf
2025-02-06 20:47:03,020 - INFO - Selecionado: qasc2108.dbf
2025-02-06 20:47:03,070 - INFO - Selecionado: qasc2109.dbf
2025-02-06 20:47:03,119 - INFO - Selecionado: qasc2110.dbf
2025-02-06 20:47:03,170 - INFO - Selecionado: qasc2111.dbf
2025-02-06 20:47:03,220 - INFO - Selecionado: qasc2112.dbf
2025-02-06 20:47:04,305 - INFO - Selecionado: qasc2201.dbf
2025-02-06 20:47:04,365 - INFO - Selecionado: qasc2202.dbf
2025-02-06 20:47:04,418 - INFO - Selecionado: qasc2203.dbf
2025-02-06 20:47:04,469 - INFO - Selecionado: qasc2204.dbf
2025-02-06 20:47:04,521 - INFO - Selecionado: qasc2205.dbf
2025-02-06 20:47:04,570 - INFO - Selecionado: qasc2206.dbf
2025-02-06 20:47:04,619 - INFO - Selecionado: qasc2207.dbf
2025-02-06 20:47:04,669 - INFO - Selecionado: qasc2208.dbf
2025-02-06 20:47:04,718 - INFO - Selecionado: qasc2209.dbf
2025-02-06 20:47:04,770 - INFO - Selecionado: qasc2210.dbf
2025-02-06 20:47:04,819 - INFO - Selecionado: qasc2211.dbf
2025-02-06 20:47:04,870 - INFO - Selecionado: qasc2212.dbf
2025-02-06 20:47:05,938 - INFO - Selecionado: qasc2301.dbf
2025-02-06 20:47:05,990 - INFO - Selecionado: qasc2302.dbf
2025-02-06 20:47:06,048 - INFO - Selecionado: qasc2303.dbf
2025-02-06 20:47:06,099 - INFO - Selecionado: qasc2304.dbf
2025-02-06 20:47:06,149 - INFO - Selecionado: qasc2305.dbf
2025-02-06 20:47:06,196 - INFO - Selecionado: qasc2306.dbf
2025-02-06 20:47:06,247 - INFO - Selecionado: qasc2307.dbf
2025-02-06 20:47:06,297 - INFO - Selecionado: qasc2308.dbf
2025-02-06 20:47:06,347 - INFO - Selecionado: qasc2309.dbf
2025-02-06 20:47:06,395 - INFO - Selecionado: qasc2310.dbf
2025-02-06 20:47:06,446 - INFO - Selecionado: qasc2311.dbf
2025-02-06 20:47:06,505 - INFO - Selecionado: qasc2312.dbf
2025-02-06 20:47:07,566 - INFO - Selecionado: qasc2401.dbf
2025-02-06 20:47:07,618 - INFO - Selecionado: qasc2402.dbf
2025-02-06 20:47:07,672 - INFO - Selecionado: qasc2403.dbf
2025-02-06 20:47:07,723 - INFO - Selecionado: qasc2404.dbf
2025-02-06 20:47:07,773 - INFO - Selecionado: qasc2405.dbf
2025-02-06 20:47:07,829 - INFO - Selecionado: qasc2406.dbf
2025-02-06 20:47:07,880 - INFO - Selecionado: qasc2407.dbf
2025-02-06 20:47:07,929 - INFO - Selecionado: qasc2408.dbf
2025-02-06 20:47:07,982 - INFO - Selecionado: qasc2409.dbf
2025-02-06 20:47:08,033 - INFO - Selecionado: qasc2410.dbf
2025-02-06 20:47:08,085 - INFO - Selecionado: qasc2411.dbf
2025-02-06 20:47:10,016 - INFO - Interagindo com outros elementos da página...
2025-02-06 20:47:10,122 - INFO - Esperando opções do dropdown de município serem carregadas...
2025-02-06 20:47:10,172 - INFO - Contando a posição do município...
2025-02-06 20:47:10,807 - INFO - Selecionando o município na posição 40 usando JavaScript...
2025-02-06 20:47:10,817 - INFO - Município selecionado.
2025-02-06 20:47:10,818 - INFO - Iniciando extração de dados...
2025-02-06 20:47:10,943 - INFO - Esperando pela tabela...
2025-02-06 20:47:37,327 - INFO - Capturando dados da tabela...
2025-02-06 20:47:39,068 - INFO - Dados da tabela capturados.
2025-02-06 20:47:39,068 - INFO - Dados da tabela capturados (apenas Média e Alta Complexidade):
2025-02-06 20:47:39,068 - INFO - [{'Complexidade': 'Média complexidade', '2010': '39.849', '2011': '68.632', '2012': '83.273', '2013': '87.152', '2014': '107.806', '2015': '101.179', '2016': '110.526', '2017': '124.418', '2018': '125.143', '2019': '147.352', '2020': '170.153', '2021': '204.149', '2022': '260.011', '2023': '362.664', '2024': '375.609', 'Total': '2.367.916'}, {'Complexidade': 'Alta complexidade', '2010': '-', '2011': '-', '2012': '-', '2013': '-', '2014': '-', '2015': '-', '2016': '-', '2017': '-', '2018': '-', '2019': '-', '2020': '-', '2021': '-', '2022': '-', '2023': '-', '2024': '6', 'Total': '6'}]
2025-02-06 20:47:39,068 - INFO - Salvando os dados em arquivo JSON...
2025-02-06 20:47:39,129 - INFO - Fechando todas as janelas restantes...
2025-02-06 20:47:39,343 - INFO - Processo concluído.
2025-02-06 20:53:53,871 - INFO - Baixando SIA da UF 42...
2025-02-06 20:53:58,408 - INFO - Selecionando 'Complexidade'...
2025-02-06 20:53:58,504 - INFO - Selecionando 'Ano processamento'...
2025-02-06 20:53:58,581 - INFO - Selecionando múltiplos itens no dropdown 'Arquivos'...
2025-02-06 20:54:01,163 - INFO - Selecionado: qasc1001.dbf
2025-02-06 20:54:01,215 - INFO - Selecionado: qasc1002.dbf
2025-02-06 20:54:01,268 - INFO - Selecionado: qasc1003.dbf
2025-02-06 20:54:01,319 - INFO - Selecionado: qasc1004.dbf
2025-02-06 20:54:01,368 - INFO - Selecionado: qasc1005.dbf
2025-02-06 20:54:01,423 - INFO - Selecionado: qasc1006.dbf
2025-02-06 20:54:01,472 - INFO - Selecionado: qasc1007.dbf
2025-02-06 20:54:01,525 - INFO - Selecionado: qasc1008.dbf
2025-02-06 20:54:01,571 - INFO - Selecionado: qasc1009.dbf
2025-02-06 20:54:01,619 - INFO - Selecionado: qasc1010.dbf
2025-02-06 20:54:01,692 - INFO - Selecionado: qasc1011.dbf
2025-02-06 20:54:01,765 - INFO - Selecionado: qasc1012.dbf
2025-02-06 20:54:02,934 - INFO - Selecionado: qasc1101.dbf
2025-02-06 20:54:02,987 - INFO - Selecionado: qasc1102.dbf
2025-02-06 20:54:03,039 - INFO - Selecionado: qasc1103.dbf
2025-02-06 20:54:03,089 - INFO - Selecionado: qasc1104.dbf
2025-02-06 20:54:03,137 - INFO - Selecionado: qasc1105.dbf
2025-02-06 20:54:03,185 - INFO - Selecionado: qasc1106.dbf
2025-02-06 20:54:03,233 - INFO - Selecionado: qasc1107.dbf
2025-02-06 20:54:03,281 - INFO - Selecionado: qasc1108.dbf
2025-02-06 20:54:03,331 - INFO - Selecionado: qasc1109.dbf
2025-02-06 20:54:03,382 - INFO - Selecionado: qasc1110.dbf
2025-02-06 20:54:03,429 - INFO - Selecionado: qasc1111.dbf
2025-02-06 20:54:03,478 - INFO - Selecionado: qasc1112.dbf
2025-02-06 20:54:04,621 - INFO - Selecionado: qasc1201.dbf
2025-02-06 20:54:04,672 - INFO - Selecionado: qasc1202.dbf
2025-02-06 20:54:04,723 - INFO - Selecionado: qasc1203.dbf
2025-02-06 20:54:04,775 - INFO - Selecionado: qasc1204.dbf
2025-02-06 20:54:04,824 - INFO - Selecionado: qasc1205.dbf
2025-02-06 20:54:04,870 - INFO - Selecionado: qasc1206.dbf
2025-02-06 20:54:04,917 - INFO - Selecionado: qasc1207.dbf
2025-02-06 20:54:04,967 - INFO - Selecionado: qasc1208.dbf
2025-02-06 20:54:05,016 - INFO - Selecionado: qasc1209.dbf
2025-02-06 20:54:05,066 - INFO - Selecionado: qasc1210.dbf
2025-02-06 20:54:05,116 - INFO - Selecionado: qasc1211.dbf
2025-02-06 20:54:05,164 - INFO - Selecionado: qasc1212.dbf
2025-02-06 20:54:06,297 - INFO - Selecionado: qasc1301.dbf
2025-02-06 20:54:06,347 - INFO - Selecionado: qasc1302.dbf
2025-02-06 20:54:06,405 - INFO - Selecionado: qasc1303.dbf
2025-02-06 20:54:06,458 - INFO - Selecionado: qasc1304.dbf
2025-02-06 20:54:06,509 - INFO - Selecionado: qasc1305.dbf
2025-02-06 20:54:06,555 - INFO - Selecionado: qasc1306.dbf
2025-02-06 20:54:06,604 - INFO - Selecionado: qasc1307.dbf
2025-02-06 20:54:06,673 - INFO - Selecionado: qasc1308.dbf
2025-02-06 20:54:06,722 - INFO - Selecionado: qasc1309.dbf
2025-02-06 20:54:06,768 - INFO - Selecionado: qasc1310.dbf
2025-02-06 20:54:06,821 - INFO - Selecionado: qasc1311.dbf
2025-02-06 20:54:06,872 - INFO - Selecionado: qasc1312.dbf
2025-02-06 20:54:07,999 - INFO - Selecionado: qasc1401.dbf
2025-02-06 20:54:08,049 - INFO - Selecionado: qasc1402.dbf
2025-02-06 20:54:08,101 - INFO - Selecionado: qasc1403.dbf
2025-02-06 20:54:08,151 - INFO - Selecionado: qasc1404.dbf
2025-02-06 20:54:08,199 - INFO - Selecionado: qasc1405.dbf
2025-02-06 20:54:08,247 - INFO - Selecionado: qasc1406.dbf
2025-02-06 20:54:08,294 - INFO - Selecionado: qasc1407.dbf
2025-02-06 20:54:08,343 - INFO - Selecionado: qasc1408.dbf
2025-02-06 20:54:08,391 - INFO - Selecionado: qasc1409.dbf
2025-02-06 20:54:08,440 - INFO - Selecionado: qasc1410.dbf
2025-02-06 20:54:08,487 - INFO - Selecionado: qasc1411.dbf
2025-02-06 20:54:08,537 - INFO - Selecionado: qasc1412.dbf
2025-02-06 20:54:09,601 - INFO - Selecionado: qasc1501.dbf
2025-02-06 20:54:09,651 - INFO - Selecionado: qasc1502.dbf
2025-02-06 20:54:09,701 - INFO - Selecionado: qasc1503.dbf
2025-02-06 20:54:09,764 - INFO - Selecionado: qasc1504.dbf
2025-02-06 20:54:09,813 - INFO - Selecionado: qasc1505.dbf
2025-02-06 20:54:09,862 - INFO - Selecionado: qasc1506.dbf
2025-02-06 20:54:09,909 - INFO - Selecionado: qasc1507.dbf
2025-02-06 20:54:09,964 - INFO - Selecionado: qasc1508.dbf
2025-02-06 20:54:10,013 - INFO - Selecionado: qasc1509.dbf
2025-02-06 20:54:10,062 - INFO - Selecionado: qasc1510.dbf
2025-02-06 20:54:10,109 - INFO - Selecionado: qasc1511.dbf
2025-02-06 20:54:10,159 - INFO - Selecionado: qasc1512.dbf
2025-02-06 20:54:11,229 - INFO - Selecionado: qasc1601.dbf
2025-02-06 20:54:11,281 - INFO - Selecionado: qasc1602.dbf
2025-02-06 20:54:11,333 - INFO - Selecionado: qasc1603.dbf
2025-02-06 20:54:11,384 - INFO - Selecionado: qasc1604.dbf
2025-02-06 20:54:11,435 - INFO - Selecionado: qasc1605.dbf
2025-02-06 20:54:11,485 - INFO - Selecionado: qasc1606.dbf
2025-02-06 20:54:11,535 - INFO - Selecionado: qasc1607.dbf
2025-02-06 20:54:11,582 - INFO - Selecionado: qasc1608.dbf
2025-02-06 20:54:11,634 - INFO - Selecionado: qasc1609.dbf
2025-02-06 20:54:11,682 - INFO - Selecionado: qasc1610.dbf
2025-02-06 20:54:11,732 - INFO - Selecionado: qasc1611.dbf
2025-02-06 20:54:11,779 - INFO - Selecionado: qasc1612.dbf
2025-02-06 20:54:12,848 - INFO - Selecionado: qasc1701.dbf
2025-02-06 20:54:12,904 - INFO - Selecionado: qasc1702.dbf
2025-02-06 20:54:12,957 - INFO - Selecionado: qasc1703.dbf
2025-02-06 20:54:13,005 - INFO - Selecionado: qasc1704.dbf
2025-02-06 20:54:13,055 - INFO - Selecionado: qasc1705.dbf
2025-02-06 20:54:13,104 - INFO - Selecionado: qasc1706.dbf
2025-02-06 20:54:13,158 - INFO - Selecionado: qasc1707.dbf
2025-02-06 20:54:13,208 - INFO - Selecionado: qasc1708.dbf
2025-02-06 20:54:13,258 - INFO - Selecionado: qasc1709.dbf
2025-02-06 20:54:13,306 - INFO - Selecionado: qasc1710.dbf
2025-02-06 20:54:13,356 - INFO - Selecionado: qasc1711.dbf
2025-02-06 20:54:13,405 - INFO - Selecionado: qasc1712.dbf
2025-02-06 20:54:14,567 - INFO - Selecionado: qasc1801.dbf
2025-02-06 20:54:14,618 - INFO - Selecionado: qasc1802.dbf
2025-02-06 20:54:14,668 - INFO - Selecionado: qasc1803.dbf
2025-02-06 20:54:14,719 - INFO - Selecionado: qasc1804.dbf
2025-02-06 20:54:14,769 - INFO - Selecionado: qasc1805.dbf
2025-02-06 20:54:14,818 - INFO - Selecionado: qasc1806.dbf
2025-02-06 20:54:14,867 - INFO - Selecionado: qasc1807.dbf
2025-02-06 20:54:14,918 - INFO - Selecionado: qasc1808.dbf
2025-02-06 20:54:14,966 - INFO - Selecionado: qasc1809.dbf
2025-02-06 20:54:15,016 - INFO - Selecionado: qasc1810.dbf
2025-02-06 20:54:15,065 - INFO - Selecionado: qasc1811.dbf
2025-02-06 20:54:15,116 - INFO - Selecionado: qasc1812.dbf
2025-02-06 20:54:16,169 - INFO - Selecionado: qasc1901.dbf
2025-02-06 20:54:16,219 - INFO - Selecionado: qasc1902.dbf
2025-02-06 20:54:16,270 - INFO - Selecionado: qasc1903.dbf
2025-02-06 20:54:16,320 - INFO - Selecionado: qasc1904.dbf
2025-02-06 20:54:16,377 - INFO - Selecionado: qasc1905.dbf
2025-02-06 20:54:16,426 - INFO - Selecionado: qasc1906.dbf
2025-02-06 20:54:16,476 - INFO - Selecionado: qasc1907.dbf
2025-02-06 20:54:16,525 - INFO - Selecionado: qasc1908.dbf
2025-02-06 20:54:16,574 - INFO - Selecionado: qasc1909.dbf
2025-02-06 20:54:16,621 - INFO - Selecionado: qasc1910.dbf
2025-02-06 20:54:16,671 - INFO - Selecionado: qasc1911.dbf
2025-02-06 20:54:16,723 - INFO - Selecionado: qasc1912.dbf
2025-02-06 20:54:17,879 - INFO - Selecionado: qasc2001.dbf
2025-02-06 20:54:17,930 - INFO - Selecionado: qasc2002.dbf
2025-02-06 20:54:17,981 - INFO - Selecionado: qasc2003.dbf
2025-02-06 20:54:18,032 - INFO - Selecionado: qasc2004.dbf
2025-02-06 20:54:18,082 - INFO - Selecionado: qasc2005.dbf
2025-02-06 20:54:18,132 - INFO - Selecionado: qasc2006.dbf
2025-02-06 20:54:18,181 - INFO - Selecionado: qasc2007.dbf
2025-02-06 20:54:18,230 - INFO - Selecionado: qasc2008.dbf
2025-02-06 20:54:18,278 - INFO - Selecionado: qasc2009.dbf
2025-02-06 20:54:18,326 - INFO - Selecionado: qasc2010.dbf
2025-02-06 20:54:18,377 - INFO - Selecionado: qasc2011.dbf
2025-02-06 20:54:18,427 - INFO - Selecionado: qasc2012.dbf
2025-02-06 20:54:19,531 - INFO - Selecionado: qasc2101.dbf
2025-02-06 20:54:19,582 - INFO - Selecionado: qasc2102.dbf
2025-02-06 20:54:19,635 - INFO - Selecionado: qasc2103.dbf
2025-02-06 20:54:19,686 - INFO - Selecionado: qasc2104.dbf
2025-02-06 20:54:19,734 - INFO - Selecionado: qasc2105.dbf
2025-02-06 20:54:19,784 - INFO - Selecionado: qasc2106.dbf
2025-02-06 20:54:19,835 - INFO - Selecionado: qasc2107.dbf
2025-02-06 20:54:19,885 - INFO - Selecionado: qasc2108.dbf
2025-02-06 20:54:19,934 - INFO - Selecionado: qasc2109.dbf
2025-02-06 20:54:19,985 - INFO - Selecionado: qasc2110.dbf
2025-02-06 20:54:20,032 - INFO - Selecionado: qasc2111.dbf
2025-02-06 20:54:20,083 - INFO - Selecionado: qasc2112.dbf
2025-02-06 20:54:21,149 - INFO - Selecionado: qasc2201.dbf
2025-02-06 20:54:21,201 - INFO - Selecionado: qasc2202.dbf
2025-02-06 20:54:21,254 - INFO - Selecionado: qasc2203.dbf
2025-02-06 20:54:21,303 - INFO - Selecionado: qasc2204.dbf
2025-02-06 20:54:21,355 - INFO - Selecionado: qasc2205.dbf
2025-02-06 20:54:21,403 - INFO - Selecionado: qasc2206.dbf
2025-02-06 20:54:21,455 - INFO - Selecionado: qasc2207.dbf
2025-02-06 20:54:21,505 - INFO - Selecionado: qasc2208.dbf
2025-02-06 20:54:21,557 - INFO - Selecionado: qasc2209.dbf
2025-02-06 20:54:21,607 - INFO - Selecionado: qasc2210.dbf
2025-02-06 20:54:21,657 - INFO - Selecionado: qasc2211.dbf
2025-02-06 20:54:21,707 - INFO - Selecionado: qasc2212.dbf
2025-02-06 20:54:22,740 - INFO - Selecionado: qasc2301.dbf
2025-02-06 20:54:22,797 - INFO - Selecionado: qasc2302.dbf
2025-02-06 20:54:22,852 - INFO - Selecionado: qasc2303.dbf
2025-02-06 20:54:22,901 - INFO - Selecionado: qasc2304.dbf
2025-02-06 20:54:22,953 - INFO - Selecionado: qasc2305.dbf
2025-02-06 20:54:23,002 - INFO - Selecionado: qasc2306.dbf
2025-02-06 20:54:23,053 - INFO - Selecionado: qasc2307.dbf
2025-02-06 20:54:23,101 - INFO - Selecionado: qasc2308.dbf
2025-02-06 20:54:23,153 - INFO - Selecionado: qasc2309.dbf
2025-02-06 20:54:23,201 - INFO - Selecionado: qasc2310.dbf
2025-02-06 20:54:23,254 - INFO - Selecionado: qasc2311.dbf
2025-02-06 20:54:23,303 - INFO - Selecionado: qasc2312.dbf
2025-02-06 20:54:24,352 - INFO - Selecionado: qasc2401.dbf
2025-02-06 20:54:24,404 - INFO - Selecionado: qasc2402.dbf
2025-02-06 20:54:24,457 - INFO - Selecionado: qasc2403.dbf
2025-02-06 20:54:24,511 - INFO - Selecionado: qasc2404.dbf
2025-02-06 20:54:24,562 - INFO - Selecionado: qasc2405.dbf
2025-02-06 20:54:24,611 - INFO - Selecionado: qasc2406.dbf
2025-02-06 20:54:24,665 - INFO - Selecionado: qasc2407.dbf
2025-02-06 20:54:24,715 - INFO - Selecionado: qasc2408.dbf
2025-02-06 20:54:24,767 - INFO - Selecionado: qasc2409.dbf
2025-02-06 20:54:24,818 - INFO - Selecionado: qasc2410.dbf
2025-02-06 20:54:24,870 - INFO - Selecionado: qasc2411.dbf
2025-02-06 20:54:26,765 - INFO - Interagindo com outros elementos da página...
2025-02-06 20:54:26,870 - INFO - Esperando opções do dropdown de município serem carregadas...
2025-02-06 20:54:26,918 - INFO - Contando a posição do município...
2025-02-06 20:54:27,576 - INFO - Selecionando o município na posição 40 usando JavaScript...
2025-02-06 20:54:27,584 - INFO - Município selecionado.
2025-02-06 20:54:27,585 - INFO - Iniciando extração de dados...
2025-02-06 20:54:27,791 - INFO - Esperando pela tabela...
2025-02-06 20:54:54,610 - INFO - Capturando dados da tabela...
2025-02-06 20:54:56,242 - INFO - Dados da tabela capturados.
2025-02-06 20:54:56,242 - INFO - Dados da tabela capturados (apenas Média e Alta Complexidade):
2025-02-06 20:54:56,242 - INFO - [{'Complexidade': 'Média complexidade', '2010': '39.849', '2011': '68.632', '2012': '83.273', '2013': '87.152', '2014': '107.806', '2015': '101.179', '2016': '110.526', '2017': '124.418', '2018': '125.143', '2019': '147.352', '2020': '170.153', '2021': '204.149', '2022': '260.011', '2023': '362.664', '2024': '375.609', 'Total': '2.367.916'}, {'Complexidade': 'Alta complexidade', '2010': '-', '2011': '-', '2012': '-', '2013': '-', '2014': '-', '2015': '-', '2016': '-', '2017': '-', '2018': '-', '2019': '-', '2020': '-', '2021': '-', '2022': '-', '2023': '-', '2024': '6', 'Total': '6'}]
2025-02-06 20:54:56,242 - INFO - Salvando os dados em arquivo JSON...
2025-02-06 20:54:56,305 - INFO - Fechando todas as janelas restantes...
2025-02-06 20:54:56,468 - INFO - Processo concluído.
2025-02-06 21:02:46,076 - INFO - Baixando SIA da UF 42...
2025-02-06 21:02:51,694 - INFO - Selecionando 'Complexidade'...
2025-02-06 21:02:51,795 - INFO - Selecionando 'Ano processamento'...
2025-02-06 21:02:51,872 - INFO - Selecionando múltiplos itens no dropdown 'Arquivos'...
2025-02-06 21:02:54,487 - INFO - Selecionado: qasc1001.dbf
2025-02-06 21:02:54,539 - INFO - Selecionado: qasc1002.dbf
2025-02-06 21:02:54,591 - INFO - Selecionado: qasc1003.dbf
2025-02-06 21:02:54,642 - INFO - Selecionado: qasc1004.dbf
2025-02-06 21:02:54,691 - INFO - Selecionado: qasc1005.dbf
2025-02-06 21:02:54,739 - INFO - Selecionado: qasc1006.dbf
2025-02-06 21:02:54,785 - INFO - Selecionado: qasc1007.dbf
2025-02-06 21:02:54,834 - INFO - Selecionado: qasc1008.dbf
2025-02-06 21:02:54,884 - INFO - Selecionado: qasc1009.dbf
2025-02-06 21:02:54,930 - INFO - Selecionado: qasc1010.dbf
2025-02-06 21:02:54,980 - INFO - Selecionado: qasc1011.dbf
2025-02-06 21:02:55,028 - INFO - Selecionado: qasc1012.dbf
2025-02-06 21:02:56,208 - INFO - Selecionado: qasc1101.dbf
2025-02-06 21:02:56,270 - INFO - Selecionado: qasc1102.dbf
2025-02-06 21:02:56,324 - INFO - Selecionado: qasc1103.dbf
2025-02-06 21:02:56,378 - INFO - Selecionado: qasc1104.dbf
2025-02-06 21:02:56,428 - INFO - Selecionado: qasc1105.dbf
2025-02-06 21:02:56,481 - INFO - Selecionado: qasc1106.dbf
2025-02-06 21:02:56,529 - INFO - Selecionado: qasc1107.dbf
2025-02-06 21:02:56,576 - INFO - Selecionado: qasc1108.dbf
2025-02-06 21:02:56,674 - INFO - Selecionado: qasc1109.dbf
2025-02-06 21:02:56,762 - INFO - Selecionado: qasc1110.dbf
2025-02-06 21:02:56,811 - INFO - Selecionado: qasc1111.dbf
2025-02-06 21:02:56,858 - INFO - Selecionado: qasc1112.dbf
2025-02-06 21:02:58,039 - INFO - Selecionado: qasc1201.dbf
2025-02-06 21:02:58,092 - INFO - Selecionado: qasc1202.dbf
2025-02-06 21:02:58,146 - INFO - Selecionado: qasc1203.dbf
2025-02-06 21:02:58,199 - INFO - Selecionado: qasc1204.dbf
2025-02-06 21:02:58,247 - INFO - Selecionado: qasc1205.dbf
2025-02-06 21:02:58,294 - INFO - Selecionado: qasc1206.dbf
2025-02-06 21:02:58,343 - INFO - Selecionado: qasc1207.dbf
2025-02-06 21:02:58,397 - INFO - Selecionado: qasc1208.dbf
2025-02-06 21:02:58,445 - INFO - Selecionado: qasc1209.dbf
2025-02-06 21:02:58,494 - INFO - Selecionado: qasc1210.dbf
2025-02-06 21:02:58,543 - INFO - Selecionado: qasc1211.dbf
2025-02-06 21:02:58,591 - INFO - Selecionado: qasc1212.dbf
2025-02-06 21:02:59,702 - INFO - Selecionado: qasc1301.dbf
2025-02-06 21:02:59,762 - INFO - Selecionado: qasc1302.dbf
2025-02-06 21:02:59,821 - INFO - Selecionado: qasc1303.dbf
2025-02-06 21:02:59,869 - INFO - Selecionado: qasc1304.dbf
2025-02-06 21:02:59,928 - INFO - Selecionado: qasc1305.dbf
2025-02-06 21:02:59,977 - INFO - Selecionado: qasc1306.dbf
2025-02-06 21:03:00,032 - INFO - Selecionado: qasc1307.dbf
2025-02-06 21:03:00,084 - INFO - Selecionado: qasc1308.dbf
2025-02-06 21:03:00,135 - INFO - Selecionado: qasc1309.dbf
2025-02-06 21:03:00,181 - INFO - Selecionado: qasc1310.dbf
2025-02-06 21:03:00,232 - INFO - Selecionado: qasc1311.dbf
2025-02-06 21:03:00,284 - INFO - Selecionado: qasc1312.dbf
2025-02-06 21:03:01,421 - INFO - Selecionado: qasc1401.dbf
2025-02-06 21:03:01,491 - INFO - Selecionado: qasc1402.dbf
2025-02-06 21:03:01,550 - INFO - Selecionado: qasc1403.dbf
2025-02-06 21:03:01,609 - INFO - Selecionado: qasc1404.dbf
2025-02-06 21:03:01,668 - INFO - Selecionado: qasc1405.dbf
2025-02-06 21:03:01,716 - INFO - Selecionado: qasc1406.dbf
2025-02-06 21:03:01,772 - INFO - Selecionado: qasc1407.dbf
2025-02-06 21:03:01,828 - INFO - Selecionado: qasc1408.dbf
2025-02-06 21:03:01,877 - INFO - Selecionado: qasc1409.dbf
2025-02-06 21:03:01,926 - INFO - Selecionado: qasc1410.dbf
2025-02-06 21:03:01,975 - INFO - Selecionado: qasc1411.dbf
2025-02-06 21:03:02,025 - INFO - Selecionado: qasc1412.dbf
2025-02-06 21:03:03,144 - INFO - Selecionado: qasc1501.dbf
2025-02-06 21:03:03,196 - INFO - Selecionado: qasc1502.dbf
2025-02-06 21:03:03,251 - INFO - Selecionado: qasc1503.dbf
2025-02-06 21:03:03,315 - INFO - Selecionado: qasc1504.dbf
2025-02-06 21:03:03,365 - INFO - Selecionado: qasc1505.dbf
2025-02-06 21:03:03,414 - INFO - Selecionado: qasc1506.dbf
2025-02-06 21:03:03,462 - INFO - Selecionado: qasc1507.dbf
2025-02-06 21:03:03,511 - INFO - Selecionado: qasc1508.dbf
2025-02-06 21:03:03,561 - INFO - Selecionado: qasc1509.dbf
2025-02-06 21:03:03,618 - INFO - Selecionado: qasc1510.dbf
2025-02-06 21:03:03,667 - INFO - Selecionado: qasc1511.dbf
2025-02-06 21:03:03,715 - INFO - Selecionado: qasc1512.dbf
2025-02-06 21:03:04,811 - INFO - Selecionado: qasc1601.dbf
2025-02-06 21:03:04,877 - INFO - Selecionado: qasc1602.dbf
2025-02-06 21:03:04,931 - INFO - Selecionado: qasc1603.dbf
2025-02-06 21:03:04,981 - INFO - Selecionado: qasc1604.dbf
2025-02-06 21:03:05,030 - INFO - Selecionado: qasc1605.dbf
2025-02-06 21:03:05,080 - INFO - Selecionado: qasc1606.dbf
2025-02-06 21:03:05,128 - INFO - Selecionado: qasc1607.dbf
2025-02-06 21:03:05,178 - INFO - Selecionado: qasc1608.dbf
2025-02-06 21:03:05,226 - INFO - Selecionado: qasc1609.dbf
2025-02-06 21:03:05,275 - INFO - Selecionado: qasc1610.dbf
2025-02-06 21:03:05,323 - INFO - Selecionado: qasc1611.dbf
2025-02-06 21:03:05,371 - INFO - Selecionado: qasc1612.dbf
2025-02-06 21:03:06,473 - INFO - Selecionado: qasc1701.dbf
2025-02-06 21:03:06,528 - INFO - Selecionado: qasc1702.dbf
2025-02-06 21:03:06,582 - INFO - Selecionado: qasc1703.dbf
2025-02-06 21:03:06,633 - INFO - Selecionado: qasc1704.dbf
2025-02-06 21:03:06,683 - INFO - Selecionado: qasc1705.dbf
2025-02-06 21:03:06,732 - INFO - Selecionado: qasc1706.dbf
2025-02-06 21:03:06,781 - INFO - Selecionado: qasc1707.dbf
2025-02-06 21:03:06,831 - INFO - Selecionado: qasc1708.dbf
2025-02-06 21:03:06,882 - INFO - Selecionado: qasc1709.dbf
2025-02-06 21:03:06,939 - INFO - Selecionado: qasc1710.dbf
2025-02-06 21:03:06,990 - INFO - Selecionado: qasc1711.dbf
2025-02-06 21:03:07,040 - INFO - Selecionado: qasc1712.dbf
2025-02-06 21:03:08,150 - INFO - Selecionado: qasc1801.dbf
2025-02-06 21:03:08,213 - INFO - Selecionado: qasc1802.dbf
2025-02-06 21:03:08,266 - INFO - Selecionado: qasc1803.dbf
2025-02-06 21:03:08,317 - INFO - Selecionado: qasc1804.dbf
2025-02-06 21:03:08,369 - INFO - Selecionado: qasc1805.dbf
2025-02-06 21:03:08,417 - INFO - Selecionado: qasc1806.dbf
2025-02-06 21:03:08,469 - INFO - Selecionado: qasc1807.dbf
2025-02-06 21:03:08,517 - INFO - Selecionado: qasc1808.dbf
2025-02-06 21:03:08,569 - INFO - Selecionado: qasc1809.dbf
2025-02-06 21:03:08,619 - INFO - Selecionado: qasc1810.dbf
2025-02-06 21:03:08,668 - INFO - Selecionado: qasc1811.dbf
2025-02-06 21:03:08,719 - INFO - Selecionado: qasc1812.dbf
2025-02-06 21:03:09,805 - INFO - Selecionado: qasc1901.dbf
2025-02-06 21:03:09,861 - INFO - Selecionado: qasc1902.dbf
2025-02-06 21:03:09,914 - INFO - Selecionado: qasc1903.dbf
2025-02-06 21:03:09,995 - INFO - Selecionado: qasc1904.dbf
2025-02-06 21:03:10,076 - INFO - Selecionado: qasc1905.dbf
2025-02-06 21:03:10,141 - INFO - Selecionado: qasc1906.dbf
2025-02-06 21:03:10,190 - INFO - Selecionado: qasc1907.dbf
2025-02-06 21:03:10,241 - INFO - Selecionado: qasc1908.dbf
2025-02-06 21:03:10,289 - INFO - Selecionado: qasc1909.dbf
2025-02-06 21:03:10,339 - INFO - Selecionado: qasc1910.dbf
2025-02-06 21:03:10,391 - INFO - Selecionado: qasc1911.dbf
2025-02-06 21:03:10,442 - INFO - Selecionado: qasc1912.dbf
2025-02-06 21:03:11,650 - INFO - Selecionado: qasc2001.dbf
2025-02-06 21:03:11,702 - INFO - Selecionado: qasc2002.dbf
2025-02-06 21:03:11,754 - INFO - Selecionado: qasc2003.dbf
2025-02-06 21:03:11,808 - INFO - Selecionado: qasc2004.dbf
2025-02-06 21:03:11,859 - INFO - Selecionado: qasc2005.dbf
2025-02-06 21:03:11,909 - INFO - Selecionado: qasc2006.dbf
2025-02-06 21:03:11,959 - INFO - Selecionado: qasc2007.dbf
2025-02-06 21:03:12,009 - INFO - Selecionado: qasc2008.dbf
2025-02-06 21:03:12,060 - INFO - Selecionado: qasc2009.dbf
2025-02-06 21:03:12,111 - INFO - Selecionado: qasc2010.dbf
2025-02-06 21:03:12,160 - INFO - Selecionado: qasc2011.dbf
2025-02-06 21:03:12,209 - INFO - Selecionado: qasc2012.dbf
2025-02-06 21:03:13,323 - INFO - Selecionado: qasc2101.dbf
2025-02-06 21:03:13,382 - INFO - Selecionado: qasc2102.dbf
2025-02-06 21:03:13,436 - INFO - Selecionado: qasc2103.dbf
2025-02-06 21:03:13,488 - INFO - Selecionado: qasc2104.dbf
2025-02-06 21:03:13,540 - INFO - Selecionado: qasc2105.dbf
2025-02-06 21:03:13,590 - INFO - Selecionado: qasc2106.dbf
2025-02-06 21:03:13,641 - INFO - Selecionado: qasc2107.dbf
2025-02-06 21:03:13,692 - INFO - Selecionado: qasc2108.dbf
2025-02-06 21:03:13,742 - INFO - Selecionado: qasc2109.dbf
2025-02-06 21:03:13,792 - INFO - Selecionado: qasc2110.dbf
2025-02-06 21:03:13,842 - INFO - Selecionado: qasc2111.dbf
2025-02-06 21:03:13,893 - INFO - Selecionado: qasc2112.dbf
2025-02-06 21:03:14,966 - INFO - Selecionado: qasc2201.dbf
2025-02-06 21:03:15,019 - INFO - Selecionado: qasc2202.dbf
2025-02-06 21:03:15,074 - INFO - Selecionado: qasc2203.dbf
2025-02-06 21:03:15,124 - INFO - Selecionado: qasc2204.dbf
2025-02-06 21:03:15,176 - INFO - Selecionado: qasc2205.dbf
2025-02-06 21:03:15,226 - INFO - Selecionado: qasc2206.dbf
2025-02-06 21:03:15,280 - INFO - Selecionado: qasc2207.dbf
2025-02-06 21:03:15,331 - INFO - Selecionado: qasc2208.dbf
2025-02-06 21:03:15,381 - INFO - Selecionado: qasc2209.dbf
2025-02-06 21:03:15,431 - INFO - Selecionado: qasc2210.dbf
2025-02-06 21:03:15,485 - INFO - Selecionado: qasc2211.dbf
2025-02-06 21:03:15,537 - INFO - Selecionado: qasc2212.dbf
2025-02-06 21:03:16,647 - INFO - Selecionado: qasc2301.dbf
2025-02-06 21:03:16,701 - INFO - Selecionado: qasc2302.dbf
2025-02-06 21:03:16,755 - INFO - Selecionado: qasc2303.dbf
2025-02-06 21:03:16,806 - INFO - Selecionado: qasc2304.dbf
2025-02-06 21:03:16,858 - INFO - Selecionado: qasc2305.dbf
2025-02-06 21:03:16,908 - INFO - Selecionado: qasc2306.dbf
2025-02-06 21:03:16,959 - INFO - Selecionado: qasc2307.dbf
2025-02-06 21:03:17,010 - INFO - Selecionado: qasc2308.dbf
2025-02-06 21:03:17,062 - INFO - Selecionado: qasc2309.dbf
2025-02-06 21:03:17,115 - INFO - Selecionado: qasc2310.dbf
2025-02-06 21:03:17,168 - INFO - Selecionado: qasc2311.dbf
2025-02-06 21:03:17,219 - INFO - Selecionado: qasc2312.dbf
2025-02-06 21:03:18,306 - INFO - Selecionado: qasc2401.dbf
2025-02-06 21:03:18,362 - INFO - Selecionado: qasc2402.dbf
2025-02-06 21:03:18,469 - INFO - Selecionado: qasc2403.dbf
2025-02-06 21:03:18,548 - INFO - Selecionado: qasc2404.dbf
2025-02-06 21:03:18,599 - INFO - Selecionado: qasc2405.dbf
2025-02-06 21:03:18,651 - INFO - Selecionado: qasc2406.dbf
2025-02-06 21:03:18,700 - INFO - Selecionado: qasc2407.dbf
2025-02-06 21:03:18,753 - INFO - Selecionado: qasc2408.dbf
2025-02-06 21:03:18,802 - INFO - Selecionado: qasc2409.dbf
2025-02-06 21:03:18,861 - INFO - Selecionado: qasc2410.dbf
2025-02-06 21:03:18,924 - INFO - Selecionado: qasc2411.dbf
2025-02-06 21:03:19,929 - INFO - Interagindo com outros elementos da página...
2025-02-06 21:03:20,037 - INFO - Esperando opções do dropdown de município serem carregadas...
2025-02-06 21:03:20,085 - INFO - Contando a posição do município...
2025-02-06 21:03:20,727 - INFO - Selecionando o município na posição 40 usando JavaScript...
2025-02-06 21:03:20,735 - INFO - Município selecionado.
2025-02-06 21:03:20,736 - INFO - Iniciando extração de dados...
2025-02-06 21:03:20,863 - INFO - Esperando pela tabela...
2025-02-06 21:03:48,447 - INFO - Capturando dados da tabela...
2025-02-06 21:03:50,120 - INFO - Dados da tabela capturados.
2025-02-06 21:03:50,120 - INFO - Dados da tabela capturados (apenas Média e Alta Complexidade):
2025-02-06 21:03:50,120 - INFO - [{'Complexidade': 'Média complexidade', '2010': '39.849', '2011': '68.632', '2012': '83.273', '2013': '87.152', '2014': '107.806', '2015': '101.179', '2016': '110.526', '2017': '124.418', '2018': '125.143', '2019': '147.352', '2020': '170.153', '2021': '204.149', '2022': '260.011', '2023': '362.664', '2024': '375.609', 'Total': '2.367.916'}, {'Complexidade': 'Alta complexidade', '2010': '-', '2011': '-', '2012': '-', '2013': '-', '2014': '-', '2015': '-', '2016': '-', '2017': '-', '2018': '-', '2019': '-', '2020': '-', '2021': '-', '2022': '-', '2023': '-', '2024': '6', 'Total': '6'}]
2025-02-06 21:03:50,121 - INFO - Salvando os dados em arquivo JSON...
2025-02-06 21:03:50,185 - INFO - Fechando todas as janelas restantes...
2025-02-06 21:03:50,298 - INFO - Processo concluído.
2025-02-06 21:37:00,244 - INFO - Baixando SIA da UF 42...
2025-02-06 21:37:04,195 - INFO - Selecionando 'Complexidade'...
2025-02-06 21:37:04,295 - INFO - Selecionando 'Ano processamento'...
2025-02-06 21:37:04,370 - INFO - Selecionando múltiplos itens no dropdown 'Arquivos'...
2025-02-06 21:37:06,827 - INFO - Selecionado: qasc1101.dbf
2025-02-06 21:37:06,883 - INFO - Selecionado: qasc1102.dbf
2025-02-06 21:37:06,942 - INFO - Selecionado: qasc1103.dbf
2025-02-06 21:37:06,995 - INFO - Selecionado: qasc1104.dbf
2025-02-06 21:37:07,047 - INFO - Selecionado: qasc1105.dbf
2025-02-06 21:37:07,098 - INFO - Selecionado: qasc1106.dbf
2025-02-06 21:37:07,153 - INFO - Selecionado: qasc1107.dbf
2025-02-06 21:37:07,208 - INFO - Selecionado: qasc1108.dbf
2025-02-06 21:37:07,262 - INFO - Selecionado: qasc1109.dbf
2025-02-06 21:37:07,308 - INFO - Selecionado: qasc1110.dbf
2025-02-06 21:37:07,355 - INFO - Selecionado: qasc1111.dbf
2025-02-06 21:37:07,404 - INFO - Selecionado: qasc1112.dbf
2025-02-06 21:37:08,558 - INFO - Selecionado: qasc1201.dbf
2025-02-06 21:37:08,607 - INFO - Selecionado: qasc1202.dbf
2025-02-06 21:37:08,658 - INFO - Selecionado: qasc1203.dbf
2025-02-06 21:37:08,761 - INFO - Selecionado: qasc1204.dbf
2025-02-06 21:37:08,816 - INFO - Selecionado: qasc1205.dbf
2025-02-06 21:37:08,861 - INFO - Selecionado: qasc1206.dbf
2025-02-06 21:37:08,911 - INFO - Selecionado: qasc1207.dbf
2025-02-06 21:37:08,957 - INFO - Selecionado: qasc1208.dbf
2025-02-06 21:37:09,005 - INFO - Selecionado: qasc1209.dbf
2025-02-06 21:37:09,053 - INFO - Selecionado: qasc1210.dbf
2025-02-06 21:37:09,100 - INFO - Selecionado: qasc1211.dbf
2025-02-06 21:37:09,149 - INFO - Selecionado: qasc1212.dbf
2025-02-06 21:37:10,209 - INFO - Selecionado: qasc1301.dbf
2025-02-06 21:37:10,264 - INFO - Selecionado: qasc1302.dbf
2025-02-06 21:37:10,315 - INFO - Selecionado: qasc1303.dbf
2025-02-06 21:37:10,364 - INFO - Selecionado: qasc1304.dbf
2025-02-06 21:37:10,419 - INFO - Selecionado: qasc1305.dbf
2025-02-06 21:37:10,464 - INFO - Selecionado: qasc1306.dbf
2025-02-06 21:37:10,516 - INFO - Selecionado: qasc1307.dbf
2025-02-06 21:37:10,564 - INFO - Selecionado: qasc1308.dbf
2025-02-06 21:37:10,612 - INFO - Selecionado: qasc1309.dbf
2025-02-06 21:37:10,663 - INFO - Selecionado: qasc1310.dbf
2025-02-06 21:37:10,710 - INFO - Selecionado: qasc1311.dbf
2025-02-06 21:37:10,761 - INFO - Selecionado: qasc1312.dbf
2025-02-06 21:37:11,872 - INFO - Selecionado: qasc1401.dbf
2025-02-06 21:37:11,927 - INFO - Selecionado: qasc1402.dbf
2025-02-06 21:37:11,981 - INFO - Selecionado: qasc1403.dbf
2025-02-06 21:37:12,029 - INFO - Selecionado: qasc1404.dbf
2025-02-06 21:37:12,085 - INFO - Selecionado: qasc1405.dbf
2025-02-06 21:37:12,144 - INFO - Selecionado: qasc1406.dbf
2025-02-06 21:37:12,212 - INFO - Selecionado: qasc1407.dbf
2025-02-06 21:37:12,260 - INFO - Selecionado: qasc1408.dbf
2025-02-06 21:37:12,312 - INFO - Selecionado: qasc1409.dbf
2025-02-06 21:37:12,366 - INFO - Selecionado: qasc1410.dbf
2025-02-06 21:37:12,416 - INFO - Selecionado: qasc1411.dbf
2025-02-06 21:37:12,463 - INFO - Selecionado: qasc1412.dbf
2025-02-06 21:37:13,646 - INFO - Selecionado: qasc1501.dbf
2025-02-06 21:37:13,697 - INFO - Selecionado: qasc1502.dbf
2025-02-06 21:37:13,752 - INFO - Selecionado: qasc1503.dbf
2025-02-06 21:37:13,803 - INFO - Selecionado: qasc1504.dbf
2025-02-06 21:37:13,853 - INFO - Selecionado: qasc1505.dbf
2025-02-06 21:37:13,901 - INFO - Selecionado: qasc1506.dbf
2025-02-06 21:37:13,951 - INFO - Selecionado: qasc1507.dbf
2025-02-06 21:37:14,000 - INFO - Selecionado: qasc1508.dbf
2025-02-06 21:37:14,048 - INFO - Selecionado: qasc1509.dbf
2025-02-06 21:37:14,097 - INFO - Selecionado: qasc1510.dbf
2025-02-06 21:37:14,145 - INFO - Selecionado: qasc1511.dbf
2025-02-06 21:37:14,195 - INFO - Selecionado: qasc1512.dbf
2025-02-06 21:37:15,264 - INFO - Selecionado: qasc1601.dbf
2025-02-06 21:37:15,314 - INFO - Selecionado: qasc1602.dbf
2025-02-06 21:37:15,371 - INFO - Selecionado: qasc1603.dbf
2025-02-06 21:37:15,427 - INFO - Selecionado: qasc1604.dbf
2025-02-06 21:37:15,474 - INFO - Selecionado: qasc1605.dbf
2025-02-06 21:37:15,521 - INFO - Selecionado: qasc1606.dbf
2025-02-06 21:37:15,570 - INFO - Selecionado: qasc1607.dbf
2025-02-06 21:37:15,617 - INFO - Selecionado: qasc1608.dbf
2025-02-06 21:37:15,666 - INFO - Selecionado: qasc1609.dbf
2025-02-06 21:37:15,715 - INFO - Selecionado: qasc1610.dbf
2025-02-06 21:37:15,765 - INFO - Selecionado: qasc1611.dbf
2025-02-06 21:37:15,814 - INFO - Selecionado: qasc1612.dbf
2025-02-06 21:37:17,129 - INFO - Selecionado: qasc1701.dbf
2025-02-06 21:37:17,190 - INFO - Selecionado: qasc1702.dbf
2025-02-06 21:37:17,241 - INFO - Selecionado: qasc1703.dbf
2025-02-06 21:37:17,292 - INFO - Selecionado: qasc1704.dbf
2025-02-06 21:37:17,340 - INFO - Selecionado: qasc1705.dbf
2025-02-06 21:37:17,390 - INFO - Selecionado: qasc1706.dbf
2025-02-06 21:37:17,439 - INFO - Selecionado: qasc1707.dbf
2025-02-06 21:37:17,487 - INFO - Selecionado: qasc1708.dbf
2025-02-06 21:37:17,538 - INFO - Selecionado: qasc1709.dbf
2025-02-06 21:37:17,588 - INFO - Selecionado: qasc1710.dbf
2025-02-06 21:37:17,638 - INFO - Selecionado: qasc1711.dbf
2025-02-06 21:37:17,686 - INFO - Selecionado: qasc1712.dbf
2025-02-06 21:37:18,762 - INFO - Selecionado: qasc1801.dbf
2025-02-06 21:37:18,814 - INFO - Selecionado: qasc1802.dbf
2025-02-06 21:37:18,864 - INFO - Selecionado: qasc1803.dbf
2025-02-06 21:37:18,921 - INFO - Selecionado: qasc1804.dbf
2025-02-06 21:37:18,972 - INFO - Selecionado: qasc1805.dbf
2025-02-06 21:37:19,022 - INFO - Selecionado: qasc1806.dbf
2025-02-06 21:37:19,072 - INFO - Selecionado: qasc1807.dbf
2025-02-06 21:37:19,122 - INFO - Selecionado: qasc1808.dbf
2025-02-06 21:37:19,172 - INFO - Selecionado: qasc1809.dbf
2025-02-06 21:37:19,222 - INFO - Selecionado: qasc1810.dbf
2025-02-06 21:37:19,271 - INFO - Selecionado: qasc1811.dbf
2025-02-06 21:37:19,320 - INFO - Selecionado: qasc1812.dbf
2025-02-06 21:37:20,386 - INFO - Selecionado: qasc1901.dbf
2025-02-06 21:37:20,437 - INFO - Selecionado: qasc1902.dbf
2025-02-06 21:37:20,490 - INFO - Selecionado: qasc1903.dbf
2025-02-06 21:37:20,541 - INFO - Selecionado: qasc1904.dbf
2025-02-06 21:37:20,589 - INFO - Selecionado: qasc1905.dbf
2025-02-06 21:37:20,639 - INFO - Selecionado: qasc1906.dbf
2025-02-06 21:37:20,689 - INFO - Selecionado: qasc1907.dbf
2025-02-06 21:37:20,737 - INFO - Selecionado: qasc1908.dbf
2025-02-06 21:37:20,787 - INFO - Selecionado: qasc1909.dbf
2025-02-06 21:37:20,836 - INFO - Selecionado: qasc1910.dbf
2025-02-06 21:37:20,886 - INFO - Selecionado: qasc1911.dbf
2025-02-06 21:37:20,934 - INFO - Selecionado: qasc1912.dbf
2025-02-06 21:37:22,122 - INFO - Selecionado: qasc2001.dbf
2025-02-06 21:37:22,184 - INFO - Selecionado: qasc2002.dbf
2025-02-06 21:37:22,238 - INFO - Selecionado: qasc2003.dbf
2025-02-06 21:37:22,290 - INFO - Selecionado: qasc2004.dbf
2025-02-06 21:37:22,353 - INFO - Selecionado: qasc2005.dbf
2025-02-06 21:37:22,436 - INFO - Selecionado: qasc2006.dbf
2025-02-06 21:37:22,502 - INFO - Selecionado: qasc2007.dbf
2025-02-06 21:37:22,551 - INFO - Selecionado: qasc2008.dbf
2025-02-06 21:37:22,600 - INFO - Selecionado: qasc2009.dbf
2025-02-06 21:37:22,651 - INFO - Selecionado: qasc2010.dbf
2025-02-06 21:37:22,699 - INFO - Selecionado: qasc2011.dbf
2025-02-06 21:37:22,752 - INFO - Selecionado: qasc2012.dbf
2025-02-06 21:37:23,874 - INFO - Selecionado: qasc2101.dbf
2025-02-06 21:37:23,925 - INFO - Selecionado: qasc2102.dbf
2025-02-06 21:37:23,977 - INFO - Selecionado: qasc2103.dbf
2025-02-06 21:37:24,027 - INFO - Selecionado: qasc2104.dbf
2025-02-06 21:37:24,076 - INFO - Selecionado: qasc2105.dbf
2025-02-06 21:37:24,125 - INFO - Selecionado: qasc2106.dbf
2025-02-06 21:37:24,173 - INFO - Selecionado: qasc2107.dbf
2025-02-06 21:37:24,222 - INFO - Selecionado: qasc2108.dbf
2025-02-06 21:37:24,272 - INFO - Selecionado: qasc2109.dbf
2025-02-06 21:37:24,322 - INFO - Selecionado: qasc2110.dbf
2025-02-06 21:37:24,371 - INFO - Selecionado: qasc2111.dbf
2025-02-06 21:37:24,420 - INFO - Selecionado: qasc2112.dbf
2025-02-06 21:37:25,493 - INFO - Selecionado: qasc2201.dbf
2025-02-06 21:37:25,546 - INFO - Selecionado: qasc2202.dbf
2025-02-06 21:37:25,600 - INFO - Selecionado: qasc2203.dbf
2025-02-06 21:37:25,650 - INFO - Selecionado: qasc2204.dbf
2025-02-06 21:37:25,700 - INFO - Selecionado: qasc2205.dbf
2025-02-06 21:37:25,748 - INFO - Selecionado: qasc2206.dbf
2025-02-06 21:37:25,797 - INFO - Selecionado: qasc2207.dbf
2025-02-06 21:37:25,848 - INFO - Selecionado: qasc2208.dbf
2025-02-06 21:37:25,895 - INFO - Selecionado: qasc2209.dbf
2025-02-06 21:37:25,948 - INFO - Selecionado: qasc2210.dbf
2025-02-06 21:37:26,000 - INFO - Selecionado: qasc2211.dbf
2025-02-06 21:37:26,049 - INFO - Selecionado: qasc2212.dbf
2025-02-06 21:37:27,099 - INFO - Selecionado: qasc2301.dbf
2025-02-06 21:37:27,161 - INFO - Selecionado: qasc2302.dbf
2025-02-06 21:37:27,221 - INFO - Selecionado: qasc2303.dbf
2025-02-06 21:37:27,271 - INFO - Selecionado: qasc2304.dbf
2025-02-06 21:37:27,323 - INFO - Selecionado: qasc2305.dbf
2025-02-06 21:37:27,372 - INFO - Selecionado: qasc2306.dbf
2025-02-06 21:37:27,428 - INFO - Selecionado: qasc2307.dbf
2025-02-06 21:37:27,478 - INFO - Selecionado: qasc2308.dbf
2025-02-06 21:37:27,529 - INFO - Selecionado: qasc2309.dbf
2025-02-06 21:37:27,594 - INFO - Selecionado: qasc2310.dbf
2025-02-06 21:37:27,644 - INFO - Selecionado: qasc2311.dbf
2025-02-06 21:37:27,693 - INFO - Selecionado: qasc2312.dbf
2025-02-06 21:37:28,748 - INFO - Selecionado: qasc2401.dbf
2025-02-06 21:37:28,800 - INFO - Selecionado: qasc2402.dbf
2025-02-06 21:37:28,854 - INFO - Selecionado: qasc2403.dbf
2025-02-06 21:37:28,907 - INFO - Selecionado: qasc2404.dbf
2025-02-06 21:37:28,956 - INFO - Selecionado: qasc2405.dbf
2025-02-06 21:37:29,006 - INFO - Selecionado: qasc2406.dbf
2025-02-06 21:37:29,058 - INFO - Selecionado: qasc2407.dbf
2025-02-06 21:37:29,109 - INFO - Selecionado: qasc2408.dbf
2025-02-06 21:37:29,157 - INFO - Selecionado: qasc2409.dbf
2025-02-06 21:37:29,208 - INFO - Selecionado: qasc2410.dbf
2025-02-06 21:37:29,256 - INFO - Selecionado: qasc2411.dbf
2025-02-06 21:37:30,204 - INFO - Interagindo com outros elementos da página...
2025-02-06 21:37:30,311 - INFO - Esperando opções do dropdown de município serem carregadas...
2025-02-06 21:37:30,356 - INFO - Contando a posição do município...
2025-02-06 21:37:33,405 - INFO - Selecionando o município na posição 205 usando JavaScript...
2025-02-06 21:37:33,413 - INFO - Município selecionado.
2025-02-06 21:37:33,413 - INFO - Iniciando extração de dados...
2025-02-06 21:37:33,546 - INFO - Esperando pela tabela...
2025-02-06 21:37:57,791 - INFO - Capturando dados da tabela...
2025-02-06 21:37:59,335 - INFO - Dados da tabela capturados.
2025-02-06 21:37:59,335 - INFO - Dados da tabela capturados (apenas Média e Alta Complexidade):
2025-02-06 21:37:59,335 - INFO - [{'Complexidade': 'Média complexidade', '2011': '25.676', '2012': '26.952', '2013': '44.766', '2014': '68.791', '2015': '50.679', '2016': '69.745', '2017': '112.543', '2018': '142.927', '2019': '169.798', '2020': '149.966', '2021': '217.874', '2022': '300.619', '2023': '307.371', '2024': '409.808', 'Total': '2.097.515'}, {'Complexidade': 'Alta complexidade', '2011': '-', '2012': '-', '2013': '-', '2014': '-', '2015': '-', '2016': '-', '2017': '-', '2018': '-', '2019': '-', '2020': '299', '2021': '224', '2022': '19', '2023': '19', '2024': '2.218', 'Total': '2.779'}]
2025-02-06 21:37:59,335 - INFO - Salvando os dados em arquivo JSON...
2025-02-06 21:37:59,397 - INFO - Fechando todas as janelas restantes...
2025-02-06 21:37:59,511 - INFO - Processo concluído.
2025-04-10 22:52:48,321 - INFO - Baixando SIA da UF 26...
2025-04-10 22:52:52,459 - INFO - Selecionando 'Complexidade'...
2025-04-10 22:52:52,607 - INFO - Selecionando 'Ano processamento'...
2025-04-10 22:52:52,740 - INFO - Selecionando múltiplos itens no dropdown 'Arquivos'...
2025-04-10 22:52:55,490 - INFO - Selecionado: qape1101.dbf
2025-04-10 22:52:55,545 - INFO - Selecionado: qape1102.dbf
2025-04-10 22:52:55,600 - INFO - Selecionado: qape1103.dbf
2025-04-10 22:52:55,653 - INFO - Selecionado: qape1104.dbf
2025-04-10 22:52:55,724 - INFO - Selecionado: qape1105.dbf
2025-04-10 22:52:55,785 - INFO - Selecionado: qape1106.dbf
2025-04-10 22:52:55,845 - INFO - Selecionado: qape1107.dbf
2025-04-10 22:52:55,899 - INFO - Selecionado: qape1108.dbf
2025-04-10 22:52:55,949 - INFO - Selecionado: qape1109.dbf
2025-04-10 22:52:56,002 - INFO - Selecionado: qape1110.dbf
2025-04-10 22:52:56,057 - INFO - Selecionado: qape1111.dbf
2025-04-10 22:52:56,112 - INFO - Selecionado: qape1112.dbf
2025-04-10 22:52:57,463 - INFO - Selecionado: qape1201.dbf
2025-04-10 22:52:57,514 - INFO - Selecionado: qape1202.dbf
2025-04-10 22:52:57,570 - INFO - Selecionado: qape1203.dbf
2025-04-10 22:52:57,637 - INFO - Selecionado: qape1204.dbf
2025-04-10 22:52:57,690 - INFO - Selecionado: qape1205.dbf
2025-04-10 22:52:57,743 - INFO - Selecionado: qape1206.dbf
2025-04-10 22:52:57,807 - INFO - Selecionado: qape1207.dbf
2025-04-10 22:52:57,859 - INFO - Selecionado: qape1208.dbf
2025-04-10 22:52:57,913 - INFO - Selecionado: qape1209.dbf
2025-04-10 22:52:57,966 - INFO - Selecionado: qape1210.dbf
2025-04-10 22:52:58,022 - INFO - Selecionado: qape1211.dbf
2025-04-10 22:52:58,075 - INFO - Selecionado: qape1212.dbf
2025-04-10 22:52:59,301 - INFO - Selecionado: qape1301.dbf
2025-04-10 22:52:59,359 - INFO - Selecionado: qape1302.dbf
2025-04-10 22:52:59,426 - INFO - Selecionado: qape1303.dbf
2025-04-10 22:52:59,489 - INFO - Selecionado: qape1304.dbf
2025-04-10 22:52:59,545 - INFO - Selecionado: qape1305.dbf
2025-04-10 22:52:59,598 - INFO - Selecionado: qape1306.dbf
2025-04-10 22:52:59,660 - INFO - Selecionado: qape1307.dbf
2025-04-10 22:52:59,716 - INFO - Selecionado: qape1308.dbf
2025-04-10 22:52:59,784 - INFO - Selecionado: qape1309.dbf
2025-04-10 22:52:59,835 - INFO - Selecionado: qape1310.dbf
2025-04-10 22:52:59,885 - INFO - Selecionado: qape1311.dbf
2025-04-10 22:52:59,938 - INFO - Selecionado: qape1312.dbf
2025-04-10 22:53:01,231 - INFO - Selecionado: qape1401.dbf
2025-04-10 22:53:01,295 - INFO - Selecionado: qape1402.dbf
2025-04-10 22:53:01,350 - INFO - Selecionado: qape1403.dbf
2025-04-10 22:53:01,403 - INFO - Selecionado: qape1404.dbf
2025-04-10 22:53:01,469 - INFO - Selecionado: qape1405.dbf
2025-04-10 22:53:01,520 - INFO - Selecionado: qape1406.dbf
2025-04-10 22:53:01,569 - INFO - Selecionado: qape1407.dbf
2025-04-10 22:53:01,622 - INFO - Selecionado: qape1408.dbf
2025-04-10 22:53:01,675 - INFO - Selecionado: qape1409.dbf
2025-04-10 22:53:01,736 - INFO - Selecionado: qape1410.dbf
2025-04-10 22:53:01,788 - INFO - Selecionado: qape1411.dbf
2025-04-10 22:53:01,840 - INFO - Selecionado: qape1412.dbf
2025-04-10 22:53:03,135 - INFO - Selecionado: qape1501.dbf
2025-04-10 22:53:03,192 - INFO - Selecionado: qape1502.dbf
2025-04-10 22:53:03,251 - INFO - Selecionado: qape1503.dbf
2025-04-10 22:53:03,306 - INFO - Selecionado: qape1504.dbf
2025-04-10 22:53:03,362 - INFO - Selecionado: qape1505.dbf
2025-04-10 22:53:03,414 - INFO - Selecionado: qape1506.dbf
2025-04-10 22:53:03,468 - INFO - Selecionado: qape1507.dbf
2025-04-10 22:53:03,522 - INFO - Selecionado: qape1508.dbf
2025-04-10 22:53:03,574 - INFO - Selecionado: qape1509.dbf
2025-04-10 22:53:03,626 - INFO - Selecionado: qape1510.dbf
2025-04-10 22:53:03,740 - INFO - Selecionado: qape1511.dbf
2025-04-10 22:53:03,808 - INFO - Selecionado: qape1512.dbf
2025-04-10 22:53:05,009 - INFO - Selecionado: qape1601.dbf
2025-04-10 22:53:05,066 - INFO - Selecionado: qape1602.dbf
2025-04-10 22:53:05,130 - INFO - Selecionado: qape1603.dbf
2025-04-10 22:53:05,183 - INFO - Selecionado: qape1604.dbf
2025-04-10 22:53:05,237 - INFO - Selecionado: qape1605.dbf
2025-04-10 22:53:05,289 - INFO - Selecionado: qape1606.dbf
2025-04-10 22:53:05,343 - INFO - Selecionado: qape1607.dbf
2025-04-10 22:53:05,395 - INFO - Selecionado: qape1608.dbf
2025-04-10 22:53:05,445 - INFO - Selecionado: qape1609.dbf
2025-04-10 22:53:05,497 - INFO - Selecionado: qape1610.dbf
2025-04-10 22:53:05,549 - INFO - Selecionado: qape1611.dbf
2025-04-10 22:53:05,603 - INFO - Selecionado: qape1612.dbf
2025-04-10 22:53:07,001 - INFO - Selecionado: qape1701.dbf
2025-04-10 22:53:07,111 - INFO - Selecionado: qape1702.dbf
2025-04-10 22:53:07,246 - INFO - Selecionado: qape1703.dbf
2025-04-10 22:53:07,349 - INFO - Selecionado: qape1704.dbf
2025-04-10 22:53:07,413 - INFO - Selecionado: qape1705.dbf
2025-04-10 22:53:07,476 - INFO - Selecionado: qape1706.dbf
2025-04-10 22:53:07,538 - INFO - Selecionado: qape1707.dbf
2025-04-10 22:53:07,598 - INFO - Selecionado: qape1708.dbf
2025-04-10 22:53:07,662 - INFO - Selecionado: qape1709.dbf
2025-04-10 22:53:07,720 - INFO - Selecionado: qape1710.dbf
2025-04-10 22:53:07,789 - INFO - Selecionado: qape1711.dbf
2025-04-10 22:53:07,852 - INFO - Selecionado: qape1712.dbf
2025-04-10 22:53:09,145 - INFO - Selecionado: qape1801.dbf
2025-04-10 22:53:09,198 - INFO - Selecionado: qape1802.dbf
2025-04-10 22:53:09,255 - INFO - Selecionado: qape1803.dbf
2025-04-10 22:53:09,310 - INFO - Selecionado: qape1804.dbf
2025-04-10 22:53:09,364 - INFO - Selecionado: qape1805.dbf
2025-04-10 22:53:09,429 - INFO - Selecionado: qape1806.dbf
2025-04-10 22:53:09,479 - INFO - Selecionado: qape1807.dbf
2025-04-10 22:53:09,528 - INFO - Selecionado: qape1808.dbf
2025-04-10 22:53:09,583 - INFO - Selecionado: qape1809.dbf
2025-04-10 22:53:09,645 - INFO - Selecionado: qape1810.dbf
2025-04-10 22:53:09,702 - INFO - Selecionado: qape1811.dbf
2025-04-10 22:53:09,761 - INFO - Selecionado: qape1812.dbf
2025-04-10 22:53:11,121 - INFO - Selecionado: qape1901.dbf
2025-04-10 22:53:11,182 - INFO - Selecionado: qape1902.dbf
2025-04-10 22:53:11,244 - INFO - Selecionado: qape1903.dbf
2025-04-10 22:53:11,301 - INFO - Selecionado: qape1904.dbf
2025-04-10 22:53:11,358 - INFO - Selecionado: qape1905.dbf
2025-04-10 22:53:11,413 - INFO - Selecionado: qape1906.dbf
2025-04-10 22:53:11,469 - INFO - Selecionado: qape1907.dbf
2025-04-10 22:53:11,528 - INFO - Selecionado: qape1908.dbf
2025-04-10 22:53:11,582 - INFO - Selecionado: qape1909.dbf
2025-04-10 22:53:11,636 - INFO - Selecionado: qape1910.dbf
2025-04-10 22:53:11,699 - INFO - Selecionado: qape1911.dbf
2025-04-10 22:53:11,783 - INFO - Selecionado: qape1912.dbf
2025-04-10 22:53:13,283 - INFO - Selecionado: qape2001.dbf
2025-04-10 22:53:13,349 - INFO - Selecionado: qape2002.dbf
2025-04-10 22:53:13,416 - INFO - Selecionado: qape2003.dbf
2025-04-10 22:53:13,477 - INFO - Selecionado: qape2004.dbf
2025-04-10 22:53:13,540 - INFO - Selecionado: qape2005.dbf
2025-04-10 22:53:13,617 - INFO - Selecionado: qape2006.dbf
2025-04-10 22:53:13,697 - INFO - Selecionado: qape2007.dbf
2025-04-10 22:53:13,762 - INFO - Selecionado: qape2008.dbf
2025-04-10 22:53:13,826 - INFO - Selecionado: qape2009.dbf
2025-04-10 22:53:13,886 - INFO - Selecionado: qape2010.dbf
2025-04-10 22:53:13,945 - INFO - Selecionado: qape2011.dbf
2025-04-10 22:53:14,006 - INFO - Selecionado: qape2012.dbf
2025-04-10 22:53:15,380 - INFO - Selecionado: qape2101.dbf
2025-04-10 22:53:15,433 - INFO - Selecionado: qape2102.dbf
2025-04-10 22:53:15,487 - INFO - Selecionado: qape2103.dbf
2025-04-10 22:53:15,541 - INFO - Selecionado: qape2104.dbf
2025-04-10 22:53:15,593 - INFO - Selecionado: qape2105.dbf
2025-04-10 22:53:15,644 - INFO - Selecionado: qape2106.dbf
2025-04-10 22:53:15,694 - INFO - Selecionado: qape2107.dbf
2025-04-10 22:53:15,745 - INFO - Selecionado: qape2108.dbf
2025-04-10 22:53:15,795 - INFO - Selecionado: qape2109.dbf
2025-04-10 22:53:15,846 - INFO - Selecionado: qape2110.dbf
2025-04-10 22:53:15,895 - INFO - Selecionado: qape2111.dbf
2025-04-10 22:53:15,946 - INFO - Selecionado: qape2112.dbf
2025-04-10 22:53:17,276 - INFO - Selecionado: qape2201.dbf
2025-04-10 22:53:17,334 - INFO - Selecionado: qape2202.dbf
2025-04-10 22:53:17,402 - INFO - Selecionado: qape2203.dbf
2025-04-10 22:53:17,463 - INFO - Selecionado: qape2204.dbf
2025-04-10 22:53:17,522 - INFO - Selecionado: qape2205.dbf
2025-04-10 22:53:17,577 - INFO - Selecionado: qape2206.dbf
2025-04-10 22:53:17,629 - INFO - Selecionado: qape2207.dbf
2025-04-10 22:53:17,741 - INFO - Selecionado: qape2208.dbf
2025-04-10 22:53:17,808 - INFO - Selecionado: qape2209.dbf
2025-04-10 22:53:17,858 - INFO - Selecionado: qape2210.dbf
2025-04-10 22:53:17,913 - INFO - Selecionado: qape2211.dbf
2025-04-10 22:53:17,966 - INFO - Selecionado: qape2212.dbf
2025-04-10 22:53:19,594 - INFO - Selecionado: qape2301.dbf
2025-04-10 22:53:19,668 - INFO - Selecionado: qape2302.dbf
2025-04-10 22:53:19,736 - INFO - Selecionado: qape2303.dbf
2025-04-10 22:53:19,792 - INFO - Selecionado: qape2304.dbf
2025-04-10 22:53:19,849 - INFO - Selecionado: qape2305.dbf
2025-04-10 22:53:19,905 - INFO - Selecionado: qape2306.dbf
2025-04-10 22:53:19,962 - INFO - Selecionado: qape2307.dbf
2025-04-10 22:53:20,014 - INFO - Selecionado: qape2308.dbf
2025-04-10 22:53:20,068 - INFO - Selecionado: qape2309.dbf
2025-04-10 22:53:20,121 - INFO - Selecionado: qape2310.dbf
2025-04-10 22:53:20,181 - INFO - Selecionado: qape2311.dbf
2025-04-10 22:53:20,244 - INFO - Selecionado: qape2312.dbf
2025-04-10 22:53:21,626 - INFO - Selecionado: qape2401.dbf
2025-04-10 22:53:21,701 - INFO - Selecionado: qape2402.dbf
2025-04-10 22:53:21,777 - INFO - Selecionado: qape2403.dbf
2025-04-10 22:53:21,834 - INFO - Selecionado: qape2404.dbf
2025-04-10 22:53:21,892 - INFO - Selecionado: qape2405.dbf
2025-04-10 22:53:21,950 - INFO - Selecionado: qape2406.dbf
2025-04-10 22:53:22,004 - INFO - Selecionado: qape2407.dbf
2025-04-10 22:53:22,060 - INFO - Selecionado: qape2408.dbf
2025-04-10 22:53:22,112 - INFO - Selecionado: qape2409.dbf
2025-04-10 22:53:22,167 - INFO - Selecionado: qape2410.dbf
2025-04-10 22:53:22,221 - INFO - Selecionado: qape2411.dbf
2025-04-10 22:53:22,279 - INFO - Selecionado: qape2412.dbf
2025-04-10 22:53:23,529 - INFO - Selecionado: qape2501.dbf
2025-04-10 22:53:23,586 - INFO - Selecionado: qape2502.dbf
2025-04-10 22:53:24,751 - INFO - Interagindo com outros elementos da página...
2025-04-10 22:53:24,859 - INFO - Esperando opções do dropdown de município serem carregadas...
2025-04-10 22:53:24,901 - INFO - Contando a posição do município...
2025-04-10 22:53:27,625 - INFO - Selecionando o município na posição 165 usando JavaScript...
2025-04-10 22:53:27,634 - INFO - Município selecionado.
2025-04-10 22:53:27,634 - INFO - Iniciando extração de dados...
2025-04-10 22:53:27,785 - INFO - Esperando pela tabela...
2025-04-10 22:54:00,056 - INFO - Capturando dados da tabela...
2025-04-10 22:54:01,853 - INFO - Dados da tabela capturados.
2025-04-10 22:54:01,853 - INFO - Dados da tabela capturados (apenas Média e Alta Complexidade):
2025-04-10 22:54:01,854 - INFO - [{'Complexidade': 'Média complexidade', '2011': '320.119', '2012': '343.759', '2013': '432.614', '2014': '498.391', '2015': '396.152', '2016': '348.982', '2017': '310.655', '2018': '647.323', '2019': '604.503', '2020': '387.252', '2021': '388.599', '2022': '558.209', '2023': '575.865', '2024': '639.008', '2025': '55.872', 'Total': '6.507.303'}, {'Complexidade': 'Alta complexidade', '2011': '-', '2012': '-', '2013': '500', '2014': '537', '2015': '479', '2016': '252', '2017': '43', '2018': '65', '2019': '54', '2020': '178', '2021': '223', '2022': '236', '2023': '371', '2024': '2.330', '2025': '301', 'Total': '5.569'}]
2025-04-10 22:54:01,854 - INFO - Salvando os dados em arquivo JSON...
2025-04-10 22:54:01,935 - INFO - Fechando todas as janelas restantes...
2025-04-10 22:54:02,051 - INFO - Processo concluído.
