2025-02-06 20:31:25,722 - INFO - Baixando SIH da UF 42...
2025-02-06 20:31:29,554 - INFO - Selecionando 'Grupo procedimento'...
2025-02-06 20:31:29,674 - INFO - Selecionando 'Ano processamento'...
2025-02-06 20:31:29,751 - INFO - Selecionando múltiplos itens no dropdown 'Arquivos'...
2025-02-06 20:31:32,309 - INFO - Selecionado: qisc1001.dbf
2025-02-06 20:31:32,366 - INFO - Selecionado: qisc1002.dbf
2025-02-06 20:31:32,424 - INFO - Selecionado: qisc1003.dbf
2025-02-06 20:31:32,475 - INFO - Selecionado: qisc1004.dbf
2025-02-06 20:31:32,528 - INFO - Selecionado: qisc1005.dbf
2025-02-06 20:31:32,582 - INFO - Selecionado: qisc1006.dbf
2025-02-06 20:31:32,631 - INFO - Selecionado: qisc1007.dbf
2025-02-06 20:31:32,681 - INFO - Selecionado: qisc1008.dbf
2025-02-06 20:31:32,733 - INFO - Selecionado: qisc1009.dbf
2025-02-06 20:31:32,783 - INFO - Selecionado: qisc1010.dbf
2025-02-06 20:31:32,829 - INFO - Selecionado: qisc1011.dbf
2025-02-06 20:31:32,879 - INFO - Selecionado: qisc1012.dbf
2025-02-06 20:31:34,035 - INFO - Selecionado: qisc1101.dbf
2025-02-06 20:31:34,087 - INFO - Selecionado: qisc1102.dbf
2025-02-06 20:31:34,137 - INFO - Selecionado: qisc1103.dbf
2025-02-06 20:31:34,187 - INFO - Selecionado: qisc1104.dbf
2025-02-06 20:31:34,235 - INFO - Selecionado: qisc1105.dbf
2025-02-06 20:31:34,284 - INFO - Selecionado: qisc1106.dbf
2025-02-06 20:31:34,346 - INFO - Selecionado: qisc1107.dbf
2025-02-06 20:31:34,394 - INFO - Selecionado: qisc1108.dbf
2025-02-06 20:31:34,444 - INFO - Selecionado: qisc1109.dbf
2025-02-06 20:31:34,490 - INFO - Selecionado: qisc1110.dbf
2025-02-06 20:31:34,540 - INFO - Selecionado: qisc1111.dbf
2025-02-06 20:31:34,596 - INFO - Selecionado: qisc1112.dbf
2025-02-06 20:31:35,742 - INFO - Selecionado: qisc1201.dbf
2025-02-06 20:31:35,791 - INFO - Selecionado: qisc1202.dbf
2025-02-06 20:31:35,841 - INFO - Selecionado: qisc1203.dbf
2025-02-06 20:31:35,890 - INFO - Selecionado: qisc1204.dbf
2025-02-06 20:31:35,939 - INFO - Selecionado: qisc1205.dbf
2025-02-06 20:31:35,987 - INFO - Selecionado: qisc1206.dbf
2025-02-06 20:31:36,039 - INFO - Selecionado: qisc1207.dbf
2025-02-06 20:31:36,091 - INFO - Selecionado: qisc1208.dbf
2025-02-06 20:31:36,137 - INFO - Selecionado: qisc1209.dbf
2025-02-06 20:31:36,187 - INFO - Selecionado: qisc1210.dbf
2025-02-06 20:31:36,233 - INFO - Selecionado: qisc1211.dbf
2025-02-06 20:31:36,281 - INFO - Selecionado: qisc1212.dbf
2025-02-06 20:31:37,370 - INFO - Selecionado: qisc1301.dbf
2025-02-06 20:31:37,421 - INFO - Selecionado: qisc1302.dbf
2025-02-06 20:31:37,472 - INFO - Selecionado: qisc1303.dbf
2025-02-06 20:31:37,521 - INFO - Selecionado: qisc1304.dbf
2025-02-06 20:31:37,569 - INFO - Selecionado: qisc1305.dbf
2025-02-06 20:31:37,619 - INFO - Selecionado: qisc1306.dbf
2025-02-06 20:31:37,668 - INFO - Selecionado: qisc1307.dbf
2025-02-06 20:31:37,719 - INFO - Selecionado: qisc1308.dbf
2025-02-06 20:31:37,769 - INFO - Selecionado: qisc1309.dbf
2025-02-06 20:31:37,823 - INFO - Selecionado: qisc1310.dbf
2025-02-06 20:31:37,875 - INFO - Selecionado: qisc1311.dbf
2025-02-06 20:31:37,924 - INFO - Selecionado: qisc1312.dbf
2025-02-06 20:31:39,048 - INFO - Selecionado: qisc1401.dbf
2025-02-06 20:31:39,101 - INFO - Selecionado: qisc1402.dbf
2025-02-06 20:31:39,154 - INFO - Selecionado: qisc1403.dbf
2025-02-06 20:31:39,203 - INFO - Selecionado: qisc1404.dbf
2025-02-06 20:31:39,250 - INFO - Selecionado: qisc1405.dbf
2025-02-06 20:31:39,301 - INFO - Selecionado: qisc1406.dbf
2025-02-06 20:31:39,355 - INFO - Selecionado: qisc1407.dbf
2025-02-06 20:31:39,404 - INFO - Selecionado: qisc1408.dbf
2025-02-06 20:31:39,454 - INFO - Selecionado: qisc1409.dbf
2025-02-06 20:31:39,502 - INFO - Selecionado: qisc1410.dbf
2025-02-06 20:31:39,556 - INFO - Selecionado: qisc1411.dbf
2025-02-06 20:31:39,606 - INFO - Selecionado: qisc1412.dbf
2025-02-06 20:31:40,750 - INFO - Selecionado: qisc1501.dbf
2025-02-06 20:31:40,803 - INFO - Selecionado: qisc1502.dbf
2025-02-06 20:31:40,855 - INFO - Selecionado: qisc1503.dbf
2025-02-06 20:31:40,905 - INFO - Selecionado: qisc1504.dbf
2025-02-06 20:31:40,954 - INFO - Selecionado: qisc1505.dbf
2025-02-06 20:31:41,001 - INFO - Selecionado: qisc1506.dbf
2025-02-06 20:31:41,050 - INFO - Selecionado: qisc1507.dbf
2025-02-06 20:31:41,100 - INFO - Selecionado: qisc1508.dbf
2025-02-06 20:31:41,149 - INFO - Selecionado: qisc1509.dbf
2025-02-06 20:31:41,198 - INFO - Selecionado: qisc1510.dbf
2025-02-06 20:31:41,248 - INFO - Selecionado: qisc1511.dbf
2025-02-06 20:31:41,296 - INFO - Selecionado: qisc1512.dbf
2025-02-06 20:31:42,375 - INFO - Selecionado: qisc1601.dbf
2025-02-06 20:31:42,429 - INFO - Selecionado: qisc1602.dbf
2025-02-06 20:31:42,492 - INFO - Selecionado: qisc1603.dbf
2025-02-06 20:31:42,540 - INFO - Selecionado: qisc1604.dbf
2025-02-06 20:31:42,592 - INFO - Selecionado: qisc1605.dbf
2025-02-06 20:31:42,642 - INFO - Selecionado: qisc1606.dbf
2025-02-06 20:31:42,718 - INFO - Selecionado: qisc1607.dbf
2025-02-06 20:31:42,794 - INFO - Selecionado: qisc1608.dbf
2025-02-06 20:31:42,862 - INFO - Selecionado: qisc1609.dbf
2025-02-06 20:31:42,911 - INFO - Selecionado: qisc1610.dbf
2025-02-06 20:31:42,960 - INFO - Selecionado: qisc1611.dbf
2025-02-06 20:31:43,012 - INFO - Selecionado: qisc1612.dbf
2025-02-06 20:31:44,072 - INFO - Selecionado: qisc1701.dbf
2025-02-06 20:31:44,125 - INFO - Selecionado: qisc1702.dbf
2025-02-06 20:31:44,177 - INFO - Selecionado: qisc1703.dbf
2025-02-06 20:31:44,226 - INFO - Selecionado: qisc1704.dbf
2025-02-06 20:31:44,279 - INFO - Selecionado: qisc1705.dbf
2025-02-06 20:31:44,333 - INFO - Selecionado: qisc1706.dbf
2025-02-06 20:31:44,384 - INFO - Selecionado: qisc1707.dbf
2025-02-06 20:31:44,433 - INFO - Selecionado: qisc1708.dbf
2025-02-06 20:31:44,483 - INFO - Selecionado: qisc1709.dbf
2025-02-06 20:31:44,532 - INFO - Selecionado: qisc1710.dbf
2025-02-06 20:31:44,585 - INFO - Selecionado: qisc1711.dbf
2025-02-06 20:31:44,634 - INFO - Selecionado: qisc1712.dbf
2025-02-06 20:31:45,707 - INFO - Selecionado: qisc1801.dbf
2025-02-06 20:31:45,758 - INFO - Selecionado: qisc1802.dbf
2025-02-06 20:31:45,810 - INFO - Selecionado: qisc1803.dbf
2025-02-06 20:31:45,859 - INFO - Selecionado: qisc1804.dbf
2025-02-06 20:31:45,910 - INFO - Selecionado: qisc1805.dbf
2025-02-06 20:31:45,959 - INFO - Selecionado: qisc1806.dbf
2025-02-06 20:31:46,007 - INFO - Selecionado: qisc1807.dbf
2025-02-06 20:31:46,054 - INFO - Selecionado: qisc1808.dbf
2025-02-06 20:31:46,104 - INFO - Selecionado: qisc1809.dbf
2025-02-06 20:31:46,153 - INFO - Selecionado: qisc1810.dbf
2025-02-06 20:31:46,201 - INFO - Selecionado: qisc1811.dbf
2025-02-06 20:31:46,250 - INFO - Selecionado: qisc1812.dbf
2025-02-06 20:31:47,317 - INFO - Selecionado: qisc1901.dbf
2025-02-06 20:31:47,370 - INFO - Selecionado: qisc1902.dbf
2025-02-06 20:31:47,423 - INFO - Selecionado: qisc1903.dbf
2025-02-06 20:31:47,475 - INFO - Selecionado: qisc1904.dbf
2025-02-06 20:31:47,524 - INFO - Selecionado: qisc1905.dbf
2025-02-06 20:31:47,571 - INFO - Selecionado: qisc1906.dbf
2025-02-06 20:31:47,620 - INFO - Selecionado: qisc1907.dbf
2025-02-06 20:31:47,668 - INFO - Selecionado: qisc1908.dbf
2025-02-06 20:31:47,718 - INFO - Selecionado: qisc1909.dbf
2025-02-06 20:31:47,768 - INFO - Selecionado: qisc1910.dbf
2025-02-06 20:31:47,818 - INFO - Selecionado: qisc1911.dbf
2025-02-06 20:31:47,870 - INFO - Selecionado: qisc1912.dbf
2025-02-06 20:31:49,047 - INFO - Selecionado: qisc2001.dbf
2025-02-06 20:31:49,102 - INFO - Selecionado: qisc2002.dbf
2025-02-06 20:31:49,154 - INFO - Selecionado: qisc2003.dbf
2025-02-06 20:31:49,205 - INFO - Selecionado: qisc2004.dbf
2025-02-06 20:31:49,254 - INFO - Selecionado: qisc2005.dbf
2025-02-06 20:31:49,306 - INFO - Selecionado: qisc2006.dbf
2025-02-06 20:31:49,362 - INFO - Selecionado: qisc2007.dbf
2025-02-06 20:31:49,411 - INFO - Selecionado: qisc2008.dbf
2025-02-06 20:31:49,462 - INFO - Selecionado: qisc2009.dbf
2025-02-06 20:31:49,512 - INFO - Selecionado: qisc2010.dbf
2025-02-06 20:31:49,560 - INFO - Selecionado: qisc2011.dbf
2025-02-06 20:31:49,610 - INFO - Selecionado: qisc2012.dbf
2025-02-06 20:31:50,712 - INFO - Selecionado: qisc2101.dbf
2025-02-06 20:31:50,767 - INFO - Selecionado: qisc2102.dbf
2025-02-06 20:31:50,820 - INFO - Selecionado: qisc2103.dbf
2025-02-06 20:31:50,871 - INFO - Selecionado: qisc2104.dbf
2025-02-06 20:31:50,919 - INFO - Selecionado: qisc2105.dbf
2025-02-06 20:31:50,969 - INFO - Selecionado: qisc2106.dbf
2025-02-06 20:31:51,024 - INFO - Selecionado: qisc2107.dbf
2025-02-06 20:31:51,075 - INFO - Selecionado: qisc2108.dbf
2025-02-06 20:31:51,126 - INFO - Selecionado: qisc2109.dbf
2025-02-06 20:31:51,175 - INFO - Selecionado: qisc2110.dbf
2025-02-06 20:31:51,224 - INFO - Selecionado: qisc2111.dbf
2025-02-06 20:31:51,275 - INFO - Selecionado: qisc2112.dbf
2025-02-06 20:31:52,341 - INFO - Selecionado: qisc2201.dbf
2025-02-06 20:31:52,393 - INFO - Selecionado: qisc2202.dbf
2025-02-06 20:31:52,448 - INFO - Selecionado: qisc2203.dbf
2025-02-06 20:31:52,500 - INFO - Selecionado: qisc2204.dbf
2025-02-06 20:31:52,550 - INFO - Selecionado: qisc2205.dbf
2025-02-06 20:31:52,602 - INFO - Selecionado: qisc2206.dbf
2025-02-06 20:31:52,651 - INFO - Selecionado: qisc2207.dbf
2025-02-06 20:31:52,702 - INFO - Selecionado: qisc2208.dbf
2025-02-06 20:31:52,751 - INFO - Selecionado: qisc2209.dbf
2025-02-06 20:31:52,800 - INFO - Selecionado: qisc2210.dbf
2025-02-06 20:31:52,852 - INFO - Selecionado: qisc2211.dbf
2025-02-06 20:31:52,902 - INFO - Selecionado: qisc2212.dbf
2025-02-06 20:31:53,992 - INFO - Selecionado: qisc2301.dbf
2025-02-06 20:31:54,043 - INFO - Selecionado: qisc2302.dbf
2025-02-06 20:31:54,098 - INFO - Selecionado: qisc2303.dbf
2025-02-06 20:31:54,153 - INFO - Selecionado: qisc2304.dbf
2025-02-06 20:31:54,205 - INFO - Selecionado: qisc2305.dbf
2025-02-06 20:31:54,256 - INFO - Selecionado: qisc2306.dbf
2025-02-06 20:31:54,307 - INFO - Selecionado: qisc2307.dbf
2025-02-06 20:31:54,363 - INFO - Selecionado: qisc2308.dbf
2025-02-06 20:31:54,414 - INFO - Selecionado: qisc2309.dbf
2025-02-06 20:31:54,464 - INFO - Selecionado: qisc2310.dbf
2025-02-06 20:31:54,515 - INFO - Selecionado: qisc2311.dbf
2025-02-06 20:31:54,564 - INFO - Selecionado: qisc2312.dbf
2025-02-06 20:31:55,650 - INFO - Selecionado: qisc2401.dbf
2025-02-06 20:31:55,703 - INFO - Selecionado: qisc2402.dbf
2025-02-06 20:31:55,790 - INFO - Selecionado: qisc2403.dbf
2025-02-06 20:31:55,865 - INFO - Selecionado: qisc2404.dbf
2025-02-06 20:31:55,925 - INFO - Selecionado: qisc2405.dbf
2025-02-06 20:31:55,973 - INFO - Selecionado: qisc2406.dbf
2025-02-06 20:31:56,023 - INFO - Selecionado: qisc2407.dbf
2025-02-06 20:31:56,074 - INFO - Selecionado: qisc2408.dbf
2025-02-06 20:31:56,125 - INFO - Selecionado: qisc2409.dbf
2025-02-06 20:31:56,176 - INFO - Selecionado: qisc2410.dbf
2025-02-06 20:31:56,226 - INFO - Selecionado: qisc2411.dbf
2025-02-06 20:31:58,105 - INFO - Interagindo com outros elementos da página...
2025-02-06 20:31:58,209 - INFO - Esperando opções do dropdown de município serem carregadas...
2025-02-06 20:31:58,228 - INFO - Contando a posição do município...
2025-02-06 20:31:58,865 - INFO - Selecionando o município na posição 40 usando JavaScript...
2025-02-06 20:31:58,874 - INFO - Município selecionado.
2025-02-06 20:31:58,874 - INFO - Iniciando extração de dados...
2025-02-06 20:31:58,997 - INFO - Esperando pela tabela na nova guia...
2025-02-06 20:40:56,676 - INFO - Baixando SIH da UF 42...
2025-02-06 20:41:00,765 - INFO - Selecionando 'Grupo procedimento'...
2025-02-06 20:41:00,892 - INFO - Selecionando 'Ano processamento'...
2025-02-06 20:41:00,964 - INFO - Selecionando múltiplos itens no dropdown 'Arquivos'...
2025-02-06 20:41:03,513 - INFO - Selecionado: qisc1001.dbf
2025-02-06 20:41:03,562 - INFO - Selecionado: qisc1002.dbf
2025-02-06 20:41:03,613 - INFO - Selecionado: qisc1003.dbf
2025-02-06 20:41:03,667 - INFO - Selecionado: qisc1004.dbf
2025-02-06 20:41:03,721 - INFO - Selecionado: qisc1005.dbf
2025-02-06 20:41:03,767 - INFO - Selecionado: qisc1006.dbf
2025-02-06 20:41:03,816 - INFO - Selecionado: qisc1007.dbf
2025-02-06 20:41:03,863 - INFO - Selecionado: qisc1008.dbf
2025-02-06 20:41:03,909 - INFO - Selecionado: qisc1009.dbf
2025-02-06 20:41:03,956 - INFO - Selecionado: qisc1010.dbf
2025-02-06 20:41:04,005 - INFO - Selecionado: qisc1011.dbf
2025-02-06 20:41:04,053 - INFO - Selecionado: qisc1012.dbf
2025-02-06 20:41:05,213 - INFO - Selecionado: qisc1101.dbf
2025-02-06 20:41:05,273 - INFO - Selecionado: qisc1102.dbf
2025-02-06 20:41:05,329 - INFO - Selecionado: qisc1103.dbf
2025-02-06 20:41:05,378 - INFO - Selecionado: qisc1104.dbf
2025-02-06 20:41:05,426 - INFO - Selecionado: qisc1105.dbf
2025-02-06 20:41:05,474 - INFO - Selecionado: qisc1106.dbf
2025-02-06 20:41:05,550 - INFO - Selecionado: qisc1107.dbf
2025-02-06 20:41:05,623 - INFO - Selecionado: qisc1108.dbf
2025-02-06 20:41:05,687 - INFO - Selecionado: qisc1109.dbf
2025-02-06 20:41:05,734 - INFO - Selecionado: qisc1110.dbf
2025-02-06 20:41:05,790 - INFO - Selecionado: qisc1111.dbf
2025-02-06 20:41:05,838 - INFO - Selecionado: qisc1112.dbf
2025-02-06 20:41:06,985 - INFO - Selecionado: qisc1201.dbf
2025-02-06 20:41:07,036 - INFO - Selecionado: qisc1202.dbf
2025-02-06 20:41:07,087 - INFO - Selecionado: qisc1203.dbf
2025-02-06 20:41:07,138 - INFO - Selecionado: qisc1204.dbf
2025-02-06 20:41:07,188 - INFO - Selecionado: qisc1205.dbf
2025-02-06 20:41:07,243 - INFO - Selecionado: qisc1206.dbf
2025-02-06 20:41:07,295 - INFO - Selecionado: qisc1207.dbf
2025-02-06 20:41:07,343 - INFO - Selecionado: qisc1208.dbf
2025-02-06 20:41:07,394 - INFO - Selecionado: qisc1209.dbf
2025-02-06 20:41:07,442 - INFO - Selecionado: qisc1210.dbf
2025-02-06 20:41:07,492 - INFO - Selecionado: qisc1211.dbf
2025-02-06 20:41:07,542 - INFO - Selecionado: qisc1212.dbf
2025-02-06 20:41:08,631 - INFO - Selecionado: qisc1301.dbf
2025-02-06 20:41:08,681 - INFO - Selecionado: qisc1302.dbf
2025-02-06 20:41:08,733 - INFO - Selecionado: qisc1303.dbf
2025-02-06 20:41:08,785 - INFO - Selecionado: qisc1304.dbf
2025-02-06 20:41:08,838 - INFO - Selecionado: qisc1305.dbf
2025-02-06 20:41:08,890 - INFO - Selecionado: qisc1306.dbf
2025-02-06 20:41:08,950 - INFO - Selecionado: qisc1307.dbf
2025-02-06 20:41:09,010 - INFO - Selecionado: qisc1308.dbf
2025-02-06 20:41:09,059 - INFO - Selecionado: qisc1309.dbf
2025-02-06 20:41:09,114 - INFO - Selecionado: qisc1310.dbf
2025-02-06 20:41:09,176 - INFO - Selecionado: qisc1311.dbf
2025-02-06 20:41:09,228 - INFO - Selecionado: qisc1312.dbf
2025-02-06 20:41:10,378 - INFO - Selecionado: qisc1401.dbf
2025-02-06 20:41:10,432 - INFO - Selecionado: qisc1402.dbf
2025-02-06 20:41:10,486 - INFO - Selecionado: qisc1403.dbf
2025-02-06 20:41:10,536 - INFO - Selecionado: qisc1404.dbf
2025-02-06 20:41:10,586 - INFO - Selecionado: qisc1405.dbf
2025-02-06 20:41:10,641 - INFO - Selecionado: qisc1406.dbf
2025-02-06 20:41:10,690 - INFO - Selecionado: qisc1407.dbf
2025-02-06 20:41:10,737 - INFO - Selecionado: qisc1408.dbf
2025-02-06 20:41:10,787 - INFO - Selecionado: qisc1409.dbf
2025-02-06 20:41:10,834 - INFO - Selecionado: qisc1410.dbf
2025-02-06 20:41:10,884 - INFO - Selecionado: qisc1411.dbf
2025-02-06 20:41:10,933 - INFO - Selecionado: qisc1412.dbf
2025-02-06 20:41:12,012 - INFO - Selecionado: qisc1501.dbf
2025-02-06 20:41:12,063 - INFO - Selecionado: qisc1502.dbf
2025-02-06 20:41:12,113 - INFO - Selecionado: qisc1503.dbf
2025-02-06 20:41:12,165 - INFO - Selecionado: qisc1504.dbf
2025-02-06 20:41:12,215 - INFO - Selecionado: qisc1505.dbf
2025-02-06 20:41:12,263 - INFO - Selecionado: qisc1506.dbf
2025-02-06 20:41:12,310 - INFO - Selecionado: qisc1507.dbf
2025-02-06 20:41:12,358 - INFO - Selecionado: qisc1508.dbf
2025-02-06 20:41:12,408 - INFO - Selecionado: qisc1509.dbf
2025-02-06 20:41:12,460 - INFO - Selecionado: qisc1510.dbf
2025-02-06 20:41:12,509 - INFO - Selecionado: qisc1511.dbf
2025-02-06 20:41:12,558 - INFO - Selecionado: qisc1512.dbf
2025-02-06 20:41:13,643 - INFO - Selecionado: qisc1601.dbf
2025-02-06 20:41:13,696 - INFO - Selecionado: qisc1602.dbf
2025-02-06 20:41:13,750 - INFO - Selecionado: qisc1603.dbf
2025-02-06 20:41:13,801 - INFO - Selecionado: qisc1604.dbf
2025-02-06 20:41:13,850 - INFO - Selecionado: qisc1605.dbf
2025-02-06 20:41:13,897 - INFO - Selecionado: qisc1606.dbf
2025-02-06 20:41:13,945 - INFO - Selecionado: qisc1607.dbf
2025-02-06 20:41:13,996 - INFO - Selecionado: qisc1608.dbf
2025-02-06 20:41:14,046 - INFO - Selecionado: qisc1609.dbf
2025-02-06 20:41:14,096 - INFO - Selecionado: qisc1610.dbf
2025-02-06 20:41:14,145 - INFO - Selecionado: qisc1611.dbf
2025-02-06 20:41:14,193 - INFO - Selecionado: qisc1612.dbf
2025-02-06 20:41:15,267 - INFO - Selecionado: qisc1701.dbf
2025-02-06 20:41:15,321 - INFO - Selecionado: qisc1702.dbf
2025-02-06 20:41:15,373 - INFO - Selecionado: qisc1703.dbf
2025-02-06 20:41:15,425 - INFO - Selecionado: qisc1704.dbf
2025-02-06 20:41:15,476 - INFO - Selecionado: qisc1705.dbf
2025-02-06 20:41:15,527 - INFO - Selecionado: qisc1706.dbf
2025-02-06 20:41:15,578 - INFO - Selecionado: qisc1707.dbf
2025-02-06 20:41:15,627 - INFO - Selecionado: qisc1708.dbf
2025-02-06 20:41:15,676 - INFO - Selecionado: qisc1709.dbf
2025-02-06 20:41:15,726 - INFO - Selecionado: qisc1710.dbf
2025-02-06 20:41:15,781 - INFO - Selecionado: qisc1711.dbf
2025-02-06 20:41:15,828 - INFO - Selecionado: qisc1712.dbf
2025-02-06 20:41:16,914 - INFO - Selecionado: qisc1801.dbf
2025-02-06 20:41:16,966 - INFO - Selecionado: qisc1802.dbf
2025-02-06 20:41:17,047 - INFO - Selecionado: qisc1803.dbf
2025-02-06 20:41:17,129 - INFO - Selecionado: qisc1804.dbf
2025-02-06 20:41:17,189 - INFO - Selecionado: qisc1805.dbf
2025-02-06 20:41:17,236 - INFO - Selecionado: qisc1806.dbf
2025-02-06 20:41:17,286 - INFO - Selecionado: qisc1807.dbf
2025-02-06 20:41:17,337 - INFO - Selecionado: qisc1808.dbf
2025-02-06 20:41:17,384 - INFO - Selecionado: qisc1809.dbf
2025-02-06 20:41:17,436 - INFO - Selecionado: qisc1810.dbf
2025-02-06 20:41:17,483 - INFO - Selecionado: qisc1811.dbf
2025-02-06 20:41:17,535 - INFO - Selecionado: qisc1812.dbf
2025-02-06 20:41:18,602 - INFO - Selecionado: qisc1901.dbf
2025-02-06 20:41:18,654 - INFO - Selecionado: qisc1902.dbf
2025-02-06 20:41:18,707 - INFO - Selecionado: qisc1903.dbf
2025-02-06 20:41:18,760 - INFO - Selecionado: qisc1904.dbf
2025-02-06 20:41:18,811 - INFO - Selecionado: qisc1905.dbf
2025-02-06 20:41:18,861 - INFO - Selecionado: qisc1906.dbf
2025-02-06 20:41:18,911 - INFO - Selecionado: qisc1907.dbf
2025-02-06 20:41:18,961 - INFO - Selecionado: qisc1908.dbf
2025-02-06 20:41:19,010 - INFO - Selecionado: qisc1909.dbf
2025-02-06 20:41:19,060 - INFO - Selecionado: qisc1910.dbf
2025-02-06 20:41:19,109 - INFO - Selecionado: qisc1911.dbf
2025-02-06 20:41:19,159 - INFO - Selecionado: qisc1912.dbf
2025-02-06 20:41:20,351 - INFO - Selecionado: qisc2001.dbf
2025-02-06 20:41:20,404 - INFO - Selecionado: qisc2002.dbf
2025-02-06 20:41:20,457 - INFO - Selecionado: qisc2003.dbf
2025-02-06 20:41:20,511 - INFO - Selecionado: qisc2004.dbf
2025-02-06 20:41:20,562 - INFO - Selecionado: qisc2005.dbf
2025-02-06 20:41:20,612 - INFO - Selecionado: qisc2006.dbf
2025-02-06 20:41:20,663 - INFO - Selecionado: qisc2007.dbf
2025-02-06 20:41:20,714 - INFO - Selecionado: qisc2008.dbf
2025-02-06 20:41:20,763 - INFO - Selecionado: qisc2009.dbf
2025-02-06 20:41:20,812 - INFO - Selecionado: qisc2010.dbf
2025-02-06 20:41:20,862 - INFO - Selecionado: qisc2011.dbf
2025-02-06 20:41:20,911 - INFO - Selecionado: qisc2012.dbf
2025-02-06 20:41:22,013 - INFO - Selecionado: qisc2101.dbf
2025-02-06 20:41:22,066 - INFO - Selecionado: qisc2102.dbf
2025-02-06 20:41:22,119 - INFO - Selecionado: qisc2103.dbf
2025-02-06 20:41:22,178 - INFO - Selecionado: qisc2104.dbf
2025-02-06 20:41:22,229 - INFO - Selecionado: qisc2105.dbf
2025-02-06 20:41:22,277 - INFO - Selecionado: qisc2106.dbf
2025-02-06 20:41:22,327 - INFO - Selecionado: qisc2107.dbf
2025-02-06 20:41:22,377 - INFO - Selecionado: qisc2108.dbf
2025-02-06 20:41:22,431 - INFO - Selecionado: qisc2109.dbf
2025-02-06 20:41:22,480 - INFO - Selecionado: qisc2110.dbf
2025-02-06 20:41:22,530 - INFO - Selecionado: qisc2111.dbf
2025-02-06 20:41:22,580 - INFO - Selecionado: qisc2112.dbf
2025-02-06 20:41:23,653 - INFO - Selecionado: qisc2201.dbf
2025-02-06 20:41:23,705 - INFO - Selecionado: qisc2202.dbf
2025-02-06 20:41:23,760 - INFO - Selecionado: qisc2203.dbf
2025-02-06 20:41:23,813 - INFO - Selecionado: qisc2204.dbf
2025-02-06 20:41:23,863 - INFO - Selecionado: qisc2205.dbf
2025-02-06 20:41:23,913 - INFO - Selecionado: qisc2206.dbf
2025-02-06 20:41:23,964 - INFO - Selecionado: qisc2207.dbf
2025-02-06 20:41:24,014 - INFO - Selecionado: qisc2208.dbf
2025-02-06 20:41:24,062 - INFO - Selecionado: qisc2209.dbf
2025-02-06 20:41:24,111 - INFO - Selecionado: qisc2210.dbf
2025-02-06 20:41:24,162 - INFO - Selecionado: qisc2211.dbf
2025-02-06 20:41:24,213 - INFO - Selecionado: qisc2212.dbf
2025-02-06 20:41:25,295 - INFO - Selecionado: qisc2301.dbf
2025-02-06 20:41:25,350 - INFO - Selecionado: qisc2302.dbf
2025-02-06 20:41:25,404 - INFO - Selecionado: qisc2303.dbf
2025-02-06 20:41:25,456 - INFO - Selecionado: qisc2304.dbf
2025-02-06 20:41:25,508 - INFO - Selecionado: qisc2305.dbf
2025-02-06 20:41:25,559 - INFO - Selecionado: qisc2306.dbf
2025-02-06 20:41:25,611 - INFO - Selecionado: qisc2307.dbf
2025-02-06 20:41:25,661 - INFO - Selecionado: qisc2308.dbf
2025-02-06 20:41:25,713 - INFO - Selecionado: qisc2309.dbf
2025-02-06 20:41:25,761 - INFO - Selecionado: qisc2310.dbf
2025-02-06 20:41:25,812 - INFO - Selecionado: qisc2311.dbf
2025-02-06 20:41:25,861 - INFO - Selecionado: qisc2312.dbf
2025-02-06 20:41:26,946 - INFO - Selecionado: qisc2401.dbf
2025-02-06 20:41:26,999 - INFO - Selecionado: qisc2402.dbf
2025-02-06 20:41:27,054 - INFO - Selecionado: qisc2403.dbf
2025-02-06 20:41:27,108 - INFO - Selecionado: qisc2404.dbf
2025-02-06 20:41:27,159 - INFO - Selecionado: qisc2405.dbf
2025-02-06 20:41:27,209 - INFO - Selecionado: qisc2406.dbf
2025-02-06 20:41:27,261 - INFO - Selecionado: qisc2407.dbf
2025-02-06 20:41:27,313 - INFO - Selecionado: qisc2408.dbf
2025-02-06 20:41:27,362 - INFO - Selecionado: qisc2409.dbf
2025-02-06 20:41:27,412 - INFO - Selecionado: qisc2410.dbf
2025-02-06 20:41:27,462 - INFO - Selecionado: qisc2411.dbf
2025-02-06 20:41:29,358 - INFO - Interagindo com outros elementos da página...
2025-02-06 20:41:29,463 - INFO - Esperando opções do dropdown de município serem carregadas...
2025-02-06 20:41:29,486 - INFO - Contando a posição do município...
2025-02-06 20:41:30,135 - INFO - Selecionando o município na posição 40 usando JavaScript...
2025-02-06 20:41:30,145 - INFO - Município selecionado.
2025-02-06 20:41:30,145 - INFO - Iniciando extração de dados...
2025-02-06 20:41:30,360 - INFO - Esperando pela tabela na nova guia...
2025-02-06 20:47:39,860 - INFO - Baixando SIH da UF 42...
2025-02-06 20:47:44,062 - INFO - Selecionando 'Grupo procedimento'...
2025-02-06 20:47:44,179 - INFO - Selecionando 'Ano processamento'...
2025-02-06 20:47:44,255 - INFO - Selecionando múltiplos itens no dropdown 'Arquivos'...
2025-02-06 20:47:46,819 - INFO - Selecionado: qisc1001.dbf
2025-02-06 20:47:46,875 - INFO - Selecionado: qisc1002.dbf
2025-02-06 20:47:46,927 - INFO - Selecionado: qisc1003.dbf
2025-02-06 20:47:46,978 - INFO - Selecionado: qisc1004.dbf
2025-02-06 20:47:47,027 - INFO - Selecionado: qisc1005.dbf
2025-02-06 20:47:47,075 - INFO - Selecionado: qisc1006.dbf
2025-02-06 20:47:47,130 - INFO - Selecionado: qisc1007.dbf
2025-02-06 20:47:47,204 - INFO - Selecionado: qisc1008.dbf
2025-02-06 20:47:47,293 - INFO - Selecionado: qisc1009.dbf
2025-02-06 20:47:47,353 - INFO - Selecionado: qisc1010.dbf
2025-02-06 20:47:47,402 - INFO - Selecionado: qisc1011.dbf
2025-02-06 20:47:47,452 - INFO - Selecionado: qisc1012.dbf
2025-02-06 20:47:48,613 - INFO - Selecionado: qisc1101.dbf
2025-02-06 20:47:48,665 - INFO - Selecionado: qisc1102.dbf
2025-02-06 20:47:48,719 - INFO - Selecionado: qisc1103.dbf
2025-02-06 20:47:48,771 - INFO - Selecionado: qisc1104.dbf
2025-02-06 20:47:48,819 - INFO - Selecionado: qisc1105.dbf
2025-02-06 20:47:48,867 - INFO - Selecionado: qisc1106.dbf
2025-02-06 20:47:48,917 - INFO - Selecionado: qisc1107.dbf
2025-02-06 20:47:48,966 - INFO - Selecionado: qisc1108.dbf
2025-02-06 20:47:49,014 - INFO - Selecionado: qisc1109.dbf
2025-02-06 20:47:49,064 - INFO - Selecionado: qisc1110.dbf
2025-02-06 20:47:49,111 - INFO - Selecionado: qisc1111.dbf
2025-02-06 20:47:49,169 - INFO - Selecionado: qisc1112.dbf
2025-02-06 20:47:50,321 - INFO - Selecionado: qisc1201.dbf
2025-02-06 20:47:50,373 - INFO - Selecionado: qisc1202.dbf
2025-02-06 20:47:50,424 - INFO - Selecionado: qisc1203.dbf
2025-02-06 20:47:50,473 - INFO - Selecionado: qisc1204.dbf
2025-02-06 20:47:50,521 - INFO - Selecionado: qisc1205.dbf
2025-02-06 20:47:50,569 - INFO - Selecionado: qisc1206.dbf
2025-02-06 20:47:50,617 - INFO - Selecionado: qisc1207.dbf
2025-02-06 20:47:50,667 - INFO - Selecionado: qisc1208.dbf
2025-02-06 20:47:50,715 - INFO - Selecionado: qisc1209.dbf
2025-02-06 20:47:50,763 - INFO - Selecionado: qisc1210.dbf
2025-02-06 20:47:50,811 - INFO - Selecionado: qisc1211.dbf
2025-02-06 20:47:50,860 - INFO - Selecionado: qisc1212.dbf
2025-02-06 20:47:51,988 - INFO - Selecionado: qisc1301.dbf
2025-02-06 20:47:52,044 - INFO - Selecionado: qisc1302.dbf
2025-02-06 20:47:52,104 - INFO - Selecionado: qisc1303.dbf
2025-02-06 20:47:52,158 - INFO - Selecionado: qisc1304.dbf
2025-02-06 20:47:52,207 - INFO - Selecionado: qisc1305.dbf
2025-02-06 20:47:52,255 - INFO - Selecionado: qisc1306.dbf
2025-02-06 20:47:52,304 - INFO - Selecionado: qisc1307.dbf
2025-02-06 20:47:52,355 - INFO - Selecionado: qisc1308.dbf
2025-02-06 20:47:52,410 - INFO - Selecionado: qisc1309.dbf
2025-02-06 20:47:52,473 - INFO - Selecionado: qisc1310.dbf
2025-02-06 20:47:52,529 - INFO - Selecionado: qisc1311.dbf
2025-02-06 20:47:52,575 - INFO - Selecionado: qisc1312.dbf
2025-02-06 20:47:53,713 - INFO - Selecionado: qisc1401.dbf
2025-02-06 20:47:53,770 - INFO - Selecionado: qisc1402.dbf
2025-02-06 20:47:53,822 - INFO - Selecionado: qisc1403.dbf
2025-02-06 20:47:53,872 - INFO - Selecionado: qisc1404.dbf
2025-02-06 20:47:53,920 - INFO - Selecionado: qisc1405.dbf
2025-02-06 20:47:53,971 - INFO - Selecionado: qisc1406.dbf
2025-02-06 20:47:54,020 - INFO - Selecionado: qisc1407.dbf
2025-02-06 20:47:54,074 - INFO - Selecionado: qisc1408.dbf
2025-02-06 20:47:54,128 - INFO - Selecionado: qisc1409.dbf
2025-02-06 20:47:54,176 - INFO - Selecionado: qisc1410.dbf
2025-02-06 20:47:54,225 - INFO - Selecionado: qisc1411.dbf
2025-02-06 20:47:54,273 - INFO - Selecionado: qisc1412.dbf
2025-02-06 20:47:55,329 - INFO - Selecionado: qisc1501.dbf
2025-02-06 20:47:55,380 - INFO - Selecionado: qisc1502.dbf
2025-02-06 20:47:55,431 - INFO - Selecionado: qisc1503.dbf
2025-02-06 20:47:55,481 - INFO - Selecionado: qisc1504.dbf
2025-02-06 20:47:55,531 - INFO - Selecionado: qisc1505.dbf
2025-02-06 20:47:55,579 - INFO - Selecionado: qisc1506.dbf
2025-02-06 20:47:55,637 - INFO - Selecionado: qisc1507.dbf
2025-02-06 20:47:55,691 - INFO - Selecionado: qisc1508.dbf
2025-02-06 20:47:55,741 - INFO - Selecionado: qisc1509.dbf
2025-02-06 20:47:55,790 - INFO - Selecionado: qisc1510.dbf
2025-02-06 20:47:55,838 - INFO - Selecionado: qisc1511.dbf
2025-02-06 20:47:55,888 - INFO - Selecionado: qisc1512.dbf
2025-02-06 20:47:56,963 - INFO - Selecionado: qisc1601.dbf
2025-02-06 20:47:57,013 - INFO - Selecionado: qisc1602.dbf
2025-02-06 20:47:57,065 - INFO - Selecionado: qisc1603.dbf
2025-02-06 20:47:57,118 - INFO - Selecionado: qisc1604.dbf
2025-02-06 20:47:57,167 - INFO - Selecionado: qisc1605.dbf
2025-02-06 20:47:57,214 - INFO - Selecionado: qisc1606.dbf
2025-02-06 20:47:57,263 - INFO - Selecionado: qisc1607.dbf
2025-02-06 20:47:57,309 - INFO - Selecionado: qisc1608.dbf
2025-02-06 20:47:57,360 - INFO - Selecionado: qisc1609.dbf
2025-02-06 20:47:57,409 - INFO - Selecionado: qisc1610.dbf
2025-02-06 20:47:57,459 - INFO - Selecionado: qisc1611.dbf
2025-02-06 20:47:57,507 - INFO - Selecionado: qisc1612.dbf
2025-02-06 20:47:58,589 - INFO - Selecionado: qisc1701.dbf
2025-02-06 20:47:58,639 - INFO - Selecionado: qisc1702.dbf
2025-02-06 20:47:58,690 - INFO - Selecionado: qisc1703.dbf
2025-02-06 20:47:58,739 - INFO - Selecionado: qisc1704.dbf
2025-02-06 20:47:58,787 - INFO - Selecionado: qisc1705.dbf
2025-02-06 20:47:58,835 - INFO - Selecionado: qisc1706.dbf
2025-02-06 20:47:58,887 - INFO - Selecionado: qisc1707.dbf
2025-02-06 20:47:58,935 - INFO - Selecionado: qisc1708.dbf
2025-02-06 20:47:58,987 - INFO - Selecionado: qisc1709.dbf
2025-02-06 20:47:59,068 - INFO - Selecionado: qisc1710.dbf
2025-02-06 20:47:59,146 - INFO - Selecionado: qisc1711.dbf
2025-02-06 20:47:59,206 - INFO - Selecionado: qisc1712.dbf
2025-02-06 20:48:00,288 - INFO - Selecionado: qisc1801.dbf
2025-02-06 20:48:00,339 - INFO - Selecionado: qisc1802.dbf
2025-02-06 20:48:00,391 - INFO - Selecionado: qisc1803.dbf
2025-02-06 20:48:00,443 - INFO - Selecionado: qisc1804.dbf
2025-02-06 20:48:00,492 - INFO - Selecionado: qisc1805.dbf
2025-02-06 20:48:00,541 - INFO - Selecionado: qisc1806.dbf
2025-02-06 20:48:00,589 - INFO - Selecionado: qisc1807.dbf
2025-02-06 20:48:00,638 - INFO - Selecionado: qisc1808.dbf
2025-02-06 20:48:00,686 - INFO - Selecionado: qisc1809.dbf
2025-02-06 20:48:00,734 - INFO - Selecionado: qisc1810.dbf
2025-02-06 20:48:00,789 - INFO - Selecionado: qisc1811.dbf
2025-02-06 20:48:00,840 - INFO - Selecionado: qisc1812.dbf
2025-02-06 20:48:01,895 - INFO - Selecionado: qisc1901.dbf
2025-02-06 20:48:01,946 - INFO - Selecionado: qisc1902.dbf
2025-02-06 20:48:02,000 - INFO - Selecionado: qisc1903.dbf
2025-02-06 20:48:02,061 - INFO - Selecionado: qisc1904.dbf
2025-02-06 20:48:02,111 - INFO - Selecionado: qisc1905.dbf
2025-02-06 20:48:02,160 - INFO - Selecionado: qisc1906.dbf
2025-02-06 20:48:02,211 - INFO - Selecionado: qisc1907.dbf
2025-02-06 20:48:02,260 - INFO - Selecionado: qisc1908.dbf
2025-02-06 20:48:02,309 - INFO - Selecionado: qisc1909.dbf
2025-02-06 20:48:02,357 - INFO - Selecionado: qisc1910.dbf
2025-02-06 20:48:02,405 - INFO - Selecionado: qisc1911.dbf
2025-02-06 20:48:02,455 - INFO - Selecionado: qisc1912.dbf
2025-02-06 20:48:03,608 - INFO - Selecionado: qisc2001.dbf
2025-02-06 20:48:03,659 - INFO - Selecionado: qisc2002.dbf
2025-02-06 20:48:03,712 - INFO - Selecionado: qisc2003.dbf
2025-02-06 20:48:03,761 - INFO - Selecionado: qisc2004.dbf
2025-02-06 20:48:03,812 - INFO - Selecionado: qisc2005.dbf
2025-02-06 20:48:03,862 - INFO - Selecionado: qisc2006.dbf
2025-02-06 20:48:03,913 - INFO - Selecionado: qisc2007.dbf
2025-02-06 20:48:03,963 - INFO - Selecionado: qisc2008.dbf
2025-02-06 20:48:04,011 - INFO - Selecionado: qisc2009.dbf
2025-02-06 20:48:04,061 - INFO - Selecionado: qisc2010.dbf
2025-02-06 20:48:04,110 - INFO - Selecionado: qisc2011.dbf
2025-02-06 20:48:04,159 - INFO - Selecionado: qisc2012.dbf
2025-02-06 20:48:05,270 - INFO - Selecionado: qisc2101.dbf
2025-02-06 20:48:05,321 - INFO - Selecionado: qisc2102.dbf
2025-02-06 20:48:05,374 - INFO - Selecionado: qisc2103.dbf
2025-02-06 20:48:05,425 - INFO - Selecionado: qisc2104.dbf
2025-02-06 20:48:05,476 - INFO - Selecionado: qisc2105.dbf
2025-02-06 20:48:05,524 - INFO - Selecionado: qisc2106.dbf
2025-02-06 20:48:05,573 - INFO - Selecionado: qisc2107.dbf
2025-02-06 20:48:05,621 - INFO - Selecionado: qisc2108.dbf
2025-02-06 20:48:05,671 - INFO - Selecionado: qisc2109.dbf
2025-02-06 20:48:05,722 - INFO - Selecionado: qisc2110.dbf
2025-02-06 20:48:05,772 - INFO - Selecionado: qisc2111.dbf
2025-02-06 20:48:05,820 - INFO - Selecionado: qisc2112.dbf
2025-02-06 20:48:06,889 - INFO - Selecionado: qisc2201.dbf
2025-02-06 20:48:06,942 - INFO - Selecionado: qisc2202.dbf
2025-02-06 20:48:06,996 - INFO - Selecionado: qisc2203.dbf
2025-02-06 20:48:07,046 - INFO - Selecionado: qisc2204.dbf
2025-02-06 20:48:07,098 - INFO - Selecionado: qisc2205.dbf
2025-02-06 20:48:07,148 - INFO - Selecionado: qisc2206.dbf
2025-02-06 20:48:07,200 - INFO - Selecionado: qisc2207.dbf
2025-02-06 20:48:07,251 - INFO - Selecionado: qisc2208.dbf
2025-02-06 20:48:07,300 - INFO - Selecionado: qisc2209.dbf
2025-02-06 20:48:07,351 - INFO - Selecionado: qisc2210.dbf
2025-02-06 20:48:07,402 - INFO - Selecionado: qisc2211.dbf
2025-02-06 20:48:07,453 - INFO - Selecionado: qisc2212.dbf
2025-02-06 20:48:08,556 - INFO - Selecionado: qisc2301.dbf
2025-02-06 20:48:08,608 - INFO - Selecionado: qisc2302.dbf
2025-02-06 20:48:08,664 - INFO - Selecionado: qisc2303.dbf
2025-02-06 20:48:08,717 - INFO - Selecionado: qisc2304.dbf
2025-02-06 20:48:08,768 - INFO - Selecionado: qisc2305.dbf
2025-02-06 20:48:08,817 - INFO - Selecionado: qisc2306.dbf
2025-02-06 20:48:08,869 - INFO - Selecionado: qisc2307.dbf
2025-02-06 20:48:08,919 - INFO - Selecionado: qisc2308.dbf
2025-02-06 20:48:08,971 - INFO - Selecionado: qisc2309.dbf
2025-02-06 20:48:09,022 - INFO - Selecionado: qisc2310.dbf
2025-02-06 20:48:09,071 - INFO - Selecionado: qisc2311.dbf
2025-02-06 20:48:09,121 - INFO - Selecionado: qisc2312.dbf
2025-02-06 20:48:10,184 - INFO - Selecionado: qisc2401.dbf
2025-02-06 20:48:10,239 - INFO - Selecionado: qisc2402.dbf
2025-02-06 20:48:10,292 - INFO - Selecionado: qisc2403.dbf
2025-02-06 20:48:10,344 - INFO - Selecionado: qisc2404.dbf
2025-02-06 20:48:10,395 - INFO - Selecionado: qisc2405.dbf
2025-02-06 20:48:10,444 - INFO - Selecionado: qisc2406.dbf
2025-02-06 20:48:10,496 - INFO - Selecionado: qisc2407.dbf
2025-02-06 20:48:10,546 - INFO - Selecionado: qisc2408.dbf
2025-02-06 20:48:10,604 - INFO - Selecionado: qisc2409.dbf
2025-02-06 20:48:10,655 - INFO - Selecionado: qisc2410.dbf
2025-02-06 20:48:10,707 - INFO - Selecionado: qisc2411.dbf
2025-02-06 20:48:12,577 - INFO - Interagindo com outros elementos da página...
2025-02-06 20:48:12,685 - INFO - Esperando opções do dropdown de município serem carregadas...
2025-02-06 20:48:12,707 - INFO - Contando a posição do município...
2025-02-06 20:48:13,461 - INFO - Selecionando o município na posição 40 usando JavaScript...
2025-02-06 20:48:13,471 - INFO - Município selecionado.
2025-02-06 20:48:13,472 - INFO - Iniciando extração de dados...
2025-02-06 20:48:13,594 - INFO - Esperando pela tabela na nova guia...
2025-02-06 20:54:56,993 - INFO - Baixando SIH da UF 42...
2025-02-06 20:55:02,017 - INFO - Selecionando 'Grupo procedimento'...
2025-02-06 20:55:02,136 - INFO - Selecionando 'Ano processamento'...
2025-02-06 20:55:02,209 - INFO - Selecionando múltiplos itens no dropdown 'Arquivos'...
2025-02-06 20:55:04,756 - INFO - Selecionado: qisc1001.dbf
2025-02-06 20:55:04,806 - INFO - Selecionado: qisc1002.dbf
2025-02-06 20:55:04,857 - INFO - Selecionado: qisc1003.dbf
2025-02-06 20:55:04,907 - INFO - Selecionado: qisc1004.dbf
2025-02-06 20:55:04,960 - INFO - Selecionado: qisc1005.dbf
2025-02-06 20:55:05,013 - INFO - Selecionado: qisc1006.dbf
2025-02-06 20:55:05,062 - INFO - Selecionado: qisc1007.dbf
2025-02-06 20:55:05,110 - INFO - Selecionado: qisc1008.dbf
2025-02-06 20:55:05,156 - INFO - Selecionado: qisc1009.dbf
2025-02-06 20:55:05,204 - INFO - Selecionado: qisc1010.dbf
2025-02-06 20:55:05,251 - INFO - Selecionado: qisc1011.dbf
2025-02-06 20:55:05,299 - INFO - Selecionado: qisc1012.dbf
2025-02-06 20:55:06,454 - INFO - Selecionado: qisc1101.dbf
2025-02-06 20:55:06,504 - INFO - Selecionado: qisc1102.dbf
2025-02-06 20:55:06,555 - INFO - Selecionado: qisc1103.dbf
2025-02-06 20:55:06,605 - INFO - Selecionado: qisc1104.dbf
2025-02-06 20:55:06,653 - INFO - Selecionado: qisc1105.dbf
2025-02-06 20:55:06,709 - INFO - Selecionado: qisc1106.dbf
2025-02-06 20:55:06,757 - INFO - Selecionado: qisc1107.dbf
2025-02-06 20:55:06,803 - INFO - Selecionado: qisc1108.dbf
2025-02-06 20:55:06,851 - INFO - Selecionado: qisc1109.dbf
2025-02-06 20:55:06,899 - INFO - Selecionado: qisc1110.dbf
2025-02-06 20:55:06,946 - INFO - Selecionado: qisc1111.dbf
2025-02-06 20:55:07,001 - INFO - Selecionado: qisc1112.dbf
2025-02-06 20:55:08,147 - INFO - Selecionado: qisc1201.dbf
2025-02-06 20:55:08,201 - INFO - Selecionado: qisc1202.dbf
2025-02-06 20:55:08,253 - INFO - Selecionado: qisc1203.dbf
2025-02-06 20:55:08,302 - INFO - Selecionado: qisc1204.dbf
2025-02-06 20:55:08,352 - INFO - Selecionado: qisc1205.dbf
2025-02-06 20:55:08,399 - INFO - Selecionado: qisc1206.dbf
2025-02-06 20:55:08,450 - INFO - Selecionado: qisc1207.dbf
2025-02-06 20:55:08,498 - INFO - Selecionado: qisc1208.dbf
2025-02-06 20:55:08,546 - INFO - Selecionado: qisc1209.dbf
2025-02-06 20:55:08,593 - INFO - Selecionado: qisc1210.dbf
2025-02-06 20:55:08,641 - INFO - Selecionado: qisc1211.dbf
2025-02-06 20:55:08,688 - INFO - Selecionado: qisc1212.dbf
2025-02-06 20:55:09,767 - INFO - Selecionado: qisc1301.dbf
2025-02-06 20:55:09,822 - INFO - Selecionado: qisc1302.dbf
2025-02-06 20:55:09,879 - INFO - Selecionado: qisc1303.dbf
2025-02-06 20:55:09,927 - INFO - Selecionado: qisc1304.dbf
2025-02-06 20:55:09,976 - INFO - Selecionado: qisc1305.dbf
2025-02-06 20:55:10,024 - INFO - Selecionado: qisc1306.dbf
2025-02-06 20:55:10,071 - INFO - Selecionado: qisc1307.dbf
2025-02-06 20:55:10,119 - INFO - Selecionado: qisc1308.dbf
2025-02-06 20:55:10,172 - INFO - Selecionado: qisc1309.dbf
2025-02-06 20:55:10,222 - INFO - Selecionado: qisc1310.dbf
2025-02-06 20:55:10,290 - INFO - Selecionado: qisc1311.dbf
2025-02-06 20:55:10,348 - INFO - Selecionado: qisc1312.dbf
2025-02-06 20:55:11,448 - INFO - Selecionado: qisc1401.dbf
2025-02-06 20:55:11,499 - INFO - Selecionado: qisc1402.dbf
2025-02-06 20:55:11,561 - INFO - Selecionado: qisc1403.dbf
2025-02-06 20:55:11,617 - INFO - Selecionado: qisc1404.dbf
2025-02-06 20:55:11,668 - INFO - Selecionado: qisc1405.dbf
2025-02-06 20:55:11,721 - INFO - Selecionado: qisc1406.dbf
2025-02-06 20:55:11,770 - INFO - Selecionado: qisc1407.dbf
2025-02-06 20:55:11,819 - INFO - Selecionado: qisc1408.dbf
2025-02-06 20:55:11,867 - INFO - Selecionado: qisc1409.dbf
2025-02-06 20:55:11,916 - INFO - Selecionado: qisc1410.dbf
2025-02-06 20:55:11,968 - INFO - Selecionado: qisc1411.dbf
2025-02-06 20:55:12,015 - INFO - Selecionado: qisc1412.dbf
2025-02-06 20:55:13,081 - INFO - Selecionado: qisc1501.dbf
2025-02-06 20:55:13,135 - INFO - Selecionado: qisc1502.dbf
2025-02-06 20:55:13,187 - INFO - Selecionado: qisc1503.dbf
2025-02-06 20:55:13,236 - INFO - Selecionado: qisc1504.dbf
2025-02-06 20:55:13,286 - INFO - Selecionado: qisc1505.dbf
2025-02-06 20:55:13,333 - INFO - Selecionado: qisc1506.dbf
2025-02-06 20:55:13,385 - INFO - Selecionado: qisc1507.dbf
2025-02-06 20:55:13,436 - INFO - Selecionado: qisc1508.dbf
2025-02-06 20:55:13,487 - INFO - Selecionado: qisc1509.dbf
2025-02-06 20:55:13,544 - INFO - Selecionado: qisc1510.dbf
2025-02-06 20:55:13,593 - INFO - Selecionado: qisc1511.dbf
2025-02-06 20:55:13,640 - INFO - Selecionado: qisc1512.dbf
2025-02-06 20:55:14,714 - INFO - Selecionado: qisc1601.dbf
2025-02-06 20:55:14,764 - INFO - Selecionado: qisc1602.dbf
2025-02-06 20:55:14,817 - INFO - Selecionado: qisc1603.dbf
2025-02-06 20:55:14,867 - INFO - Selecionado: qisc1604.dbf
2025-02-06 20:55:14,918 - INFO - Selecionado: qisc1605.dbf
2025-02-06 20:55:14,966 - INFO - Selecionado: qisc1606.dbf
2025-02-06 20:55:15,013 - INFO - Selecionado: qisc1607.dbf
2025-02-06 20:55:15,062 - INFO - Selecionado: qisc1608.dbf
2025-02-06 20:55:15,112 - INFO - Selecionado: qisc1609.dbf
2025-02-06 20:55:15,161 - INFO - Selecionado: qisc1610.dbf
2025-02-06 20:55:15,210 - INFO - Selecionado: qisc1611.dbf
2025-02-06 20:55:15,284 - INFO - Selecionado: qisc1612.dbf
2025-02-06 20:55:16,422 - INFO - Selecionado: qisc1701.dbf
2025-02-06 20:55:16,474 - INFO - Selecionado: qisc1702.dbf
2025-02-06 20:55:16,527 - INFO - Selecionado: qisc1703.dbf
2025-02-06 20:55:16,580 - INFO - Selecionado: qisc1704.dbf
2025-02-06 20:55:16,630 - INFO - Selecionado: qisc1705.dbf
2025-02-06 20:55:16,683 - INFO - Selecionado: qisc1706.dbf
2025-02-06 20:55:16,734 - INFO - Selecionado: qisc1707.dbf
2025-02-06 20:55:16,783 - INFO - Selecionado: qisc1708.dbf
2025-02-06 20:55:16,841 - INFO - Selecionado: qisc1709.dbf
2025-02-06 20:55:16,889 - INFO - Selecionado: qisc1710.dbf
2025-02-06 20:55:16,936 - INFO - Selecionado: qisc1711.dbf
2025-02-06 20:55:16,986 - INFO - Selecionado: qisc1712.dbf
2025-02-06 20:55:18,054 - INFO - Selecionado: qisc1801.dbf
2025-02-06 20:55:18,105 - INFO - Selecionado: qisc1802.dbf
2025-02-06 20:55:18,158 - INFO - Selecionado: qisc1803.dbf
2025-02-06 20:55:18,211 - INFO - Selecionado: qisc1804.dbf
2025-02-06 20:55:18,262 - INFO - Selecionado: qisc1805.dbf
2025-02-06 20:55:18,312 - INFO - Selecionado: qisc1806.dbf
2025-02-06 20:55:18,367 - INFO - Selecionado: qisc1807.dbf
2025-02-06 20:55:18,414 - INFO - Selecionado: qisc1808.dbf
2025-02-06 20:55:18,464 - INFO - Selecionado: qisc1809.dbf
2025-02-06 20:55:18,513 - INFO - Selecionado: qisc1810.dbf
2025-02-06 20:55:18,563 - INFO - Selecionado: qisc1811.dbf
2025-02-06 20:55:18,611 - INFO - Selecionado: qisc1812.dbf
2025-02-06 20:55:19,665 - INFO - Selecionado: qisc1901.dbf
2025-02-06 20:55:19,717 - INFO - Selecionado: qisc1902.dbf
2025-02-06 20:55:19,770 - INFO - Selecionado: qisc1903.dbf
2025-02-06 20:55:19,819 - INFO - Selecionado: qisc1904.dbf
2025-02-06 20:55:19,871 - INFO - Selecionado: qisc1905.dbf
2025-02-06 20:55:19,920 - INFO - Selecionado: qisc1906.dbf
2025-02-06 20:55:19,982 - INFO - Selecionado: qisc1907.dbf
2025-02-06 20:55:20,032 - INFO - Selecionado: qisc1908.dbf
2025-02-06 20:55:20,081 - INFO - Selecionado: qisc1909.dbf
2025-02-06 20:55:20,129 - INFO - Selecionado: qisc1910.dbf
2025-02-06 20:55:20,178 - INFO - Selecionado: qisc1911.dbf
2025-02-06 20:55:20,227 - INFO - Selecionado: qisc1912.dbf
2025-02-06 20:55:21,398 - INFO - Selecionado: qisc2001.dbf
2025-02-06 20:55:21,449 - INFO - Selecionado: qisc2002.dbf
2025-02-06 20:55:21,501 - INFO - Selecionado: qisc2003.dbf
2025-02-06 20:55:21,553 - INFO - Selecionado: qisc2004.dbf
2025-02-06 20:55:21,601 - INFO - Selecionado: qisc2005.dbf
2025-02-06 20:55:21,649 - INFO - Selecionado: qisc2006.dbf
2025-02-06 20:55:21,704 - INFO - Selecionado: qisc2007.dbf
2025-02-06 20:55:21,753 - INFO - Selecionado: qisc2008.dbf
2025-02-06 20:55:21,801 - INFO - Selecionado: qisc2009.dbf
2025-02-06 20:55:21,852 - INFO - Selecionado: qisc2010.dbf
2025-02-06 20:55:21,902 - INFO - Selecionado: qisc2011.dbf
2025-02-06 20:55:21,953 - INFO - Selecionado: qisc2012.dbf
2025-02-06 20:55:23,050 - INFO - Selecionado: qisc2101.dbf
2025-02-06 20:55:23,103 - INFO - Selecionado: qisc2102.dbf
2025-02-06 20:55:23,164 - INFO - Selecionado: qisc2103.dbf
2025-02-06 20:55:23,219 - INFO - Selecionado: qisc2104.dbf
2025-02-06 20:55:23,268 - INFO - Selecionado: qisc2105.dbf
2025-02-06 20:55:23,321 - INFO - Selecionado: qisc2106.dbf
2025-02-06 20:55:23,369 - INFO - Selecionado: qisc2107.dbf
2025-02-06 20:55:23,421 - INFO - Selecionado: qisc2108.dbf
2025-02-06 20:55:23,471 - INFO - Selecionado: qisc2109.dbf
2025-02-06 20:55:23,522 - INFO - Selecionado: qisc2110.dbf
2025-02-06 20:55:23,571 - INFO - Selecionado: qisc2111.dbf
2025-02-06 20:55:23,620 - INFO - Selecionado: qisc2112.dbf
2025-02-06 20:55:24,677 - INFO - Selecionado: qisc2201.dbf
2025-02-06 20:55:24,730 - INFO - Selecionado: qisc2202.dbf
2025-02-06 20:55:24,790 - INFO - Selecionado: qisc2203.dbf
2025-02-06 20:55:24,842 - INFO - Selecionado: qisc2204.dbf
2025-02-06 20:55:24,894 - INFO - Selecionado: qisc2205.dbf
2025-02-06 20:55:24,943 - INFO - Selecionado: qisc2206.dbf
2025-02-06 20:55:24,993 - INFO - Selecionado: qisc2207.dbf
2025-02-06 20:55:25,043 - INFO - Selecionado: qisc2208.dbf
2025-02-06 20:55:25,095 - INFO - Selecionado: qisc2209.dbf
2025-02-06 20:55:25,146 - INFO - Selecionado: qisc2210.dbf
2025-02-06 20:55:25,197 - INFO - Selecionado: qisc2211.dbf
2025-02-06 20:55:25,246 - INFO - Selecionado: qisc2212.dbf
2025-02-06 20:55:26,327 - INFO - Selecionado: qisc2301.dbf
2025-02-06 20:55:26,381 - INFO - Selecionado: qisc2302.dbf
2025-02-06 20:55:26,435 - INFO - Selecionado: qisc2303.dbf
2025-02-06 20:55:26,487 - INFO - Selecionado: qisc2304.dbf
2025-02-06 20:55:26,536 - INFO - Selecionado: qisc2305.dbf
2025-02-06 20:55:26,587 - INFO - Selecionado: qisc2306.dbf
2025-02-06 20:55:26,634 - INFO - Selecionado: qisc2307.dbf
2025-02-06 20:55:26,690 - INFO - Selecionado: qisc2308.dbf
2025-02-06 20:55:26,741 - INFO - Selecionado: qisc2309.dbf
2025-02-06 20:55:26,791 - INFO - Selecionado: qisc2310.dbf
2025-02-06 20:55:26,839 - INFO - Selecionado: qisc2311.dbf
2025-02-06 20:55:26,889 - INFO - Selecionado: qisc2312.dbf
2025-02-06 20:55:27,949 - INFO - Selecionado: qisc2401.dbf
2025-02-06 20:55:28,002 - INFO - Selecionado: qisc2402.dbf
2025-02-06 20:55:28,088 - INFO - Selecionado: qisc2403.dbf
2025-02-06 20:55:28,167 - INFO - Selecionado: qisc2404.dbf
2025-02-06 20:55:28,229 - INFO - Selecionado: qisc2405.dbf
2025-02-06 20:55:28,280 - INFO - Selecionado: qisc2406.dbf
2025-02-06 20:55:28,331 - INFO - Selecionado: qisc2407.dbf
2025-02-06 20:55:28,380 - INFO - Selecionado: qisc2408.dbf
2025-02-06 20:55:28,431 - INFO - Selecionado: qisc2409.dbf
2025-02-06 20:55:28,479 - INFO - Selecionado: qisc2410.dbf
2025-02-06 20:55:28,531 - INFO - Selecionado: qisc2411.dbf
2025-02-06 20:55:30,439 - INFO - Interagindo com outros elementos da página...
2025-02-06 20:55:30,546 - INFO - Esperando opções do dropdown de município serem carregadas...
2025-02-06 20:55:30,568 - INFO - Contando a posição do município...
2025-02-06 20:55:31,215 - INFO - Selecionando o município na posição 40 usando JavaScript...
2025-02-06 20:55:31,222 - INFO - Município selecionado.
2025-02-06 20:55:31,223 - INFO - Iniciando extração de dados...
2025-02-06 20:55:31,344 - INFO - Esperando pela tabela na nova guia...
2025-02-06 21:03:50,827 - INFO - Baixando SIH da UF 42...
2025-02-06 21:03:54,809 - INFO - Selecionando 'Grupo procedimento'...
2025-02-06 21:03:54,919 - INFO - Selecionando 'Ano processamento'...
2025-02-06 21:03:54,995 - INFO - Selecionando múltiplos itens no dropdown 'Arquivos'...
2025-02-06 21:03:57,567 - INFO - Selecionado: qisc1001.dbf
2025-02-06 21:03:57,621 - INFO - Selecionado: qisc1002.dbf
2025-02-06 21:03:57,681 - INFO - Selecionado: qisc1003.dbf
2025-02-06 21:03:57,732 - INFO - Selecionado: qisc1004.dbf
2025-02-06 21:03:57,781 - INFO - Selecionado: qisc1005.dbf
2025-02-06 21:03:57,837 - INFO - Selecionado: qisc1006.dbf
2025-02-06 21:03:57,887 - INFO - Selecionado: qisc1007.dbf
2025-02-06 21:03:57,937 - INFO - Selecionado: qisc1008.dbf
2025-02-06 21:03:57,985 - INFO - Selecionado: qisc1009.dbf
2025-02-06 21:03:58,031 - INFO - Selecionado: qisc1010.dbf
2025-02-06 21:03:58,081 - INFO - Selecionado: qisc1011.dbf
2025-02-06 21:03:58,127 - INFO - Selecionado: qisc1012.dbf
2025-02-06 21:03:59,297 - INFO - Selecionado: qisc1101.dbf
2025-02-06 21:03:59,348 - INFO - Selecionado: qisc1102.dbf
2025-02-06 21:03:59,398 - INFO - Selecionado: qisc1103.dbf
2025-02-06 21:03:59,449 - INFO - Selecionado: qisc1104.dbf
2025-02-06 21:03:59,505 - INFO - Selecionado: qisc1105.dbf
2025-02-06 21:03:59,554 - INFO - Selecionado: qisc1106.dbf
2025-02-06 21:03:59,602 - INFO - Selecionado: qisc1107.dbf
2025-02-06 21:03:59,649 - INFO - Selecionado: qisc1108.dbf
2025-02-06 21:03:59,696 - INFO - Selecionado: qisc1109.dbf
2025-02-06 21:03:59,742 - INFO - Selecionado: qisc1110.dbf
2025-02-06 21:03:59,788 - INFO - Selecionado: qisc1111.dbf
2025-02-06 21:03:59,845 - INFO - Selecionado: qisc1112.dbf
2025-02-06 21:04:01,016 - INFO - Selecionado: qisc1201.dbf
2025-02-06 21:04:01,067 - INFO - Selecionado: qisc1202.dbf
2025-02-06 21:04:01,118 - INFO - Selecionado: qisc1203.dbf
2025-02-06 21:04:01,168 - INFO - Selecionado: qisc1204.dbf
2025-02-06 21:04:01,218 - INFO - Selecionado: qisc1205.dbf
2025-02-06 21:04:01,266 - INFO - Selecionado: qisc1206.dbf
2025-02-06 21:04:01,315 - INFO - Selecionado: qisc1207.dbf
2025-02-06 21:04:01,364 - INFO - Selecionado: qisc1208.dbf
2025-02-06 21:04:01,411 - INFO - Selecionado: qisc1209.dbf
2025-02-06 21:04:01,460 - INFO - Selecionado: qisc1210.dbf
2025-02-06 21:04:01,507 - INFO - Selecionado: qisc1211.dbf
2025-02-06 21:04:01,554 - INFO - Selecionado: qisc1212.dbf
2025-02-06 21:04:02,653 - INFO - Selecionado: qisc1301.dbf
2025-02-06 21:04:02,704 - INFO - Selecionado: qisc1302.dbf
2025-02-06 21:04:02,758 - INFO - Selecionado: qisc1303.dbf
2025-02-06 21:04:02,810 - INFO - Selecionado: qisc1304.dbf
2025-02-06 21:04:02,867 - INFO - Selecionado: qisc1305.dbf
2025-02-06 21:04:02,915 - INFO - Selecionado: qisc1306.dbf
2025-02-06 21:04:02,964 - INFO - Selecionado: qisc1307.dbf
2025-02-06 21:04:03,012 - INFO - Selecionado: qisc1308.dbf
2025-02-06 21:04:03,063 - INFO - Selecionado: qisc1309.dbf
2025-02-06 21:04:03,111 - INFO - Selecionado: qisc1310.dbf
2025-02-06 21:04:03,164 - INFO - Selecionado: qisc1311.dbf
2025-02-06 21:04:03,211 - INFO - Selecionado: qisc1312.dbf
2025-02-06 21:04:04,346 - INFO - Selecionado: qisc1401.dbf
2025-02-06 21:04:04,399 - INFO - Selecionado: qisc1402.dbf
2025-02-06 21:04:04,464 - INFO - Selecionado: qisc1403.dbf
2025-02-06 21:04:04,521 - INFO - Selecionado: qisc1404.dbf
2025-02-06 21:04:04,570 - INFO - Selecionado: qisc1405.dbf
2025-02-06 21:04:04,620 - INFO - Selecionado: qisc1406.dbf
2025-02-06 21:04:04,680 - INFO - Selecionado: qisc1407.dbf
2025-02-06 21:04:04,728 - INFO - Selecionado: qisc1408.dbf
2025-02-06 21:04:04,779 - INFO - Selecionado: qisc1409.dbf
2025-02-06 21:04:04,828 - INFO - Selecionado: qisc1410.dbf
2025-02-06 21:04:04,877 - INFO - Selecionado: qisc1411.dbf
2025-02-06 21:04:04,927 - INFO - Selecionado: qisc1412.dbf
2025-02-06 21:04:06,045 - INFO - Selecionado: qisc1501.dbf
2025-02-06 21:04:06,096 - INFO - Selecionado: qisc1502.dbf
2025-02-06 21:04:06,147 - INFO - Selecionado: qisc1503.dbf
2025-02-06 21:04:06,197 - INFO - Selecionado: qisc1504.dbf
2025-02-06 21:04:06,245 - INFO - Selecionado: qisc1505.dbf
2025-02-06 21:04:06,294 - INFO - Selecionado: qisc1506.dbf
2025-02-06 21:04:06,343 - INFO - Selecionado: qisc1507.dbf
2025-02-06 21:04:06,427 - INFO - Selecionado: qisc1508.dbf
2025-02-06 21:04:06,502 - INFO - Selecionado: qisc1509.dbf
2025-02-06 21:04:06,560 - INFO - Selecionado: qisc1510.dbf
2025-02-06 21:04:06,609 - INFO - Selecionado: qisc1511.dbf
2025-02-06 21:04:06,658 - INFO - Selecionado: qisc1512.dbf
2025-02-06 21:04:07,705 - INFO - Selecionado: qisc1601.dbf
2025-02-06 21:04:07,758 - INFO - Selecionado: qisc1602.dbf
2025-02-06 21:04:07,811 - INFO - Selecionado: qisc1603.dbf
2025-02-06 21:04:07,863 - INFO - Selecionado: qisc1604.dbf
2025-02-06 21:04:07,911 - INFO - Selecionado: qisc1605.dbf
2025-02-06 21:04:07,959 - INFO - Selecionado: qisc1606.dbf
2025-02-06 21:04:08,008 - INFO - Selecionado: qisc1607.dbf
2025-02-06 21:04:08,055 - INFO - Selecionado: qisc1608.dbf
2025-02-06 21:04:08,105 - INFO - Selecionado: qisc1609.dbf
2025-02-06 21:04:08,152 - INFO - Selecionado: qisc1610.dbf
2025-02-06 21:04:08,202 - INFO - Selecionado: qisc1611.dbf
2025-02-06 21:04:08,253 - INFO - Selecionado: qisc1612.dbf
2025-02-06 21:04:09,332 - INFO - Selecionado: qisc1701.dbf
2025-02-06 21:04:09,382 - INFO - Selecionado: qisc1702.dbf
2025-02-06 21:04:09,433 - INFO - Selecionado: qisc1703.dbf
2025-02-06 21:04:09,488 - INFO - Selecionado: qisc1704.dbf
2025-02-06 21:04:09,541 - INFO - Selecionado: qisc1705.dbf
2025-02-06 21:04:09,591 - INFO - Selecionado: qisc1706.dbf
2025-02-06 21:04:09,641 - INFO - Selecionado: qisc1707.dbf
2025-02-06 21:04:09,690 - INFO - Selecionado: qisc1708.dbf
2025-02-06 21:04:09,740 - INFO - Selecionado: qisc1709.dbf
2025-02-06 21:04:09,788 - INFO - Selecionado: qisc1710.dbf
2025-02-06 21:04:09,838 - INFO - Selecionado: qisc1711.dbf
2025-02-06 21:04:09,887 - INFO - Selecionado: qisc1712.dbf
2025-02-06 21:04:10,964 - INFO - Selecionado: qisc1801.dbf
2025-02-06 21:04:11,015 - INFO - Selecionado: qisc1802.dbf
2025-02-06 21:04:11,069 - INFO - Selecionado: qisc1803.dbf
2025-02-06 21:04:11,120 - INFO - Selecionado: qisc1804.dbf
2025-02-06 21:04:11,172 - INFO - Selecionado: qisc1805.dbf
2025-02-06 21:04:11,220 - INFO - Selecionado: qisc1806.dbf
2025-02-06 21:04:11,270 - INFO - Selecionado: qisc1807.dbf
2025-02-06 21:04:11,317 - INFO - Selecionado: qisc1808.dbf
2025-02-06 21:04:11,371 - INFO - Selecionado: qisc1809.dbf
2025-02-06 21:04:11,421 - INFO - Selecionado: qisc1810.dbf
2025-02-06 21:04:11,471 - INFO - Selecionado: qisc1811.dbf
2025-02-06 21:04:11,519 - INFO - Selecionado: qisc1812.dbf
2025-02-06 21:04:12,567 - INFO - Selecionado: qisc1901.dbf
2025-02-06 21:04:12,631 - INFO - Selecionado: qisc1902.dbf
2025-02-06 21:04:12,683 - INFO - Selecionado: qisc1903.dbf
2025-02-06 21:04:12,733 - INFO - Selecionado: qisc1904.dbf
2025-02-06 21:04:12,783 - INFO - Selecionado: qisc1905.dbf
2025-02-06 21:04:12,832 - INFO - Selecionado: qisc1906.dbf
2025-02-06 21:04:12,882 - INFO - Selecionado: qisc1907.dbf
2025-02-06 21:04:12,931 - INFO - Selecionado: qisc1908.dbf
2025-02-06 21:04:12,981 - INFO - Selecionado: qisc1909.dbf
2025-02-06 21:04:13,029 - INFO - Selecionado: qisc1910.dbf
2025-02-06 21:04:13,078 - INFO - Selecionado: qisc1911.dbf
2025-02-06 21:04:13,126 - INFO - Selecionado: qisc1912.dbf
2025-02-06 21:04:14,267 - INFO - Selecionado: qisc2001.dbf
2025-02-06 21:04:14,320 - INFO - Selecionado: qisc2002.dbf
2025-02-06 21:04:14,373 - INFO - Selecionado: qisc2003.dbf
2025-02-06 21:04:14,423 - INFO - Selecionado: qisc2004.dbf
2025-02-06 21:04:14,480 - INFO - Selecionado: qisc2005.dbf
2025-02-06 21:04:14,534 - INFO - Selecionado: qisc2006.dbf
2025-02-06 21:04:14,586 - INFO - Selecionado: qisc2007.dbf
2025-02-06 21:04:14,635 - INFO - Selecionado: qisc2008.dbf
2025-02-06 21:04:14,684 - INFO - Selecionado: qisc2009.dbf
2025-02-06 21:04:14,736 - INFO - Selecionado: qisc2010.dbf
2025-02-06 21:04:14,785 - INFO - Selecionado: qisc2011.dbf
2025-02-06 21:04:14,834 - INFO - Selecionado: qisc2012.dbf
2025-02-06 21:04:15,945 - INFO - Selecionado: qisc2101.dbf
2025-02-06 21:04:15,997 - INFO - Selecionado: qisc2102.dbf
2025-02-06 21:04:16,050 - INFO - Selecionado: qisc2103.dbf
2025-02-06 21:04:16,101 - INFO - Selecionado: qisc2104.dbf
2025-02-06 21:04:16,149 - INFO - Selecionado: qisc2105.dbf
2025-02-06 21:04:16,201 - INFO - Selecionado: qisc2106.dbf
2025-02-06 21:04:16,252 - INFO - Selecionado: qisc2107.dbf
2025-02-06 21:04:16,304 - INFO - Selecionado: qisc2108.dbf
2025-02-06 21:04:16,360 - INFO - Selecionado: qisc2109.dbf
2025-02-06 21:04:16,411 - INFO - Selecionado: qisc2110.dbf
2025-02-06 21:04:16,462 - INFO - Selecionado: qisc2111.dbf
2025-02-06 21:04:16,513 - INFO - Selecionado: qisc2112.dbf
2025-02-06 21:04:17,600 - INFO - Selecionado: qisc2201.dbf
2025-02-06 21:04:17,678 - INFO - Selecionado: qisc2202.dbf
2025-02-06 21:04:17,759 - INFO - Selecionado: qisc2203.dbf
2025-02-06 21:04:17,830 - INFO - Selecionado: qisc2204.dbf
2025-02-06 21:04:17,879 - INFO - Selecionado: qisc2205.dbf
2025-02-06 21:04:17,929 - INFO - Selecionado: qisc2206.dbf
2025-02-06 21:04:17,979 - INFO - Selecionado: qisc2207.dbf
2025-02-06 21:04:18,030 - INFO - Selecionado: qisc2208.dbf
2025-02-06 21:04:18,078 - INFO - Selecionado: qisc2209.dbf
2025-02-06 21:04:18,128 - INFO - Selecionado: qisc2210.dbf
2025-02-06 21:04:18,179 - INFO - Selecionado: qisc2211.dbf
2025-02-06 21:04:18,229 - INFO - Selecionado: qisc2212.dbf
2025-02-06 21:04:19,295 - INFO - Selecionado: qisc2301.dbf
2025-02-06 21:04:19,348 - INFO - Selecionado: qisc2302.dbf
2025-02-06 21:04:19,402 - INFO - Selecionado: qisc2303.dbf
2025-02-06 21:04:19,454 - INFO - Selecionado: qisc2304.dbf
2025-02-06 21:04:19,516 - INFO - Selecionado: qisc2305.dbf
2025-02-06 21:04:19,567 - INFO - Selecionado: qisc2306.dbf
2025-02-06 21:04:19,625 - INFO - Selecionado: qisc2307.dbf
2025-02-06 21:04:19,672 - INFO - Selecionado: qisc2308.dbf
2025-02-06 21:04:19,724 - INFO - Selecionado: qisc2309.dbf
2025-02-06 21:04:19,775 - INFO - Selecionado: qisc2310.dbf
2025-02-06 21:04:19,826 - INFO - Selecionado: qisc2311.dbf
2025-02-06 21:04:19,876 - INFO - Selecionado: qisc2312.dbf
2025-02-06 21:04:20,973 - INFO - Selecionado: qisc2401.dbf
2025-02-06 21:04:21,029 - INFO - Selecionado: qisc2402.dbf
2025-02-06 21:04:21,083 - INFO - Selecionado: qisc2403.dbf
2025-02-06 21:04:21,137 - INFO - Selecionado: qisc2404.dbf
2025-02-06 21:04:21,186 - INFO - Selecionado: qisc2405.dbf
2025-02-06 21:04:21,241 - INFO - Selecionado: qisc2406.dbf
2025-02-06 21:04:21,295 - INFO - Selecionado: qisc2407.dbf
2025-02-06 21:04:21,348 - INFO - Selecionado: qisc2408.dbf
2025-02-06 21:04:21,400 - INFO - Selecionado: qisc2409.dbf
2025-02-06 21:04:21,452 - INFO - Selecionado: qisc2410.dbf
2025-02-06 21:04:21,503 - INFO - Selecionado: qisc2411.dbf
2025-02-06 21:04:22,502 - INFO - Interagindo com outros elementos da página...
2025-02-06 21:04:22,612 - INFO - Esperando opções do dropdown de município serem carregadas...
2025-02-06 21:04:22,631 - INFO - Contando a posição do município...
2025-02-06 21:04:23,272 - INFO - Selecionando o município na posição 40 usando JavaScript...
2025-02-06 21:04:23,283 - INFO - Município selecionado.
2025-02-06 21:04:23,283 - INFO - Iniciando extração de dados...
2025-02-06 21:04:23,401 - INFO - Esperando pela tabela na nova guia...
2025-02-06 21:38:00,054 - INFO - Baixando SIH da UF 42...
2025-02-06 21:38:04,941 - INFO - Selecionando 'Grupo procedimento'...
2025-02-06 21:38:05,054 - INFO - Selecionando 'Ano processamento'...
2025-02-06 21:38:05,130 - INFO - Selecionando múltiplos itens no dropdown 'Arquivos'...
2025-02-06 21:38:07,626 - INFO - Selecionado: qisc1101.dbf
2025-02-06 21:38:07,677 - INFO - Selecionado: qisc1102.dbf
2025-02-06 21:38:07,728 - INFO - Selecionado: qisc1103.dbf
2025-02-06 21:38:07,777 - INFO - Selecionado: qisc1104.dbf
2025-02-06 21:38:07,826 - INFO - Selecionado: qisc1105.dbf
2025-02-06 21:38:07,875 - INFO - Selecionado: qisc1106.dbf
2025-02-06 21:38:07,928 - INFO - Selecionado: qisc1107.dbf
2025-02-06 21:38:07,976 - INFO - Selecionado: qisc1108.dbf
2025-02-06 21:38:08,028 - INFO - Selecionado: qisc1109.dbf
2025-02-06 21:38:08,080 - INFO - Selecionado: qisc1110.dbf
2025-02-06 21:38:08,128 - INFO - Selecionado: qisc1111.dbf
2025-02-06 21:38:08,176 - INFO - Selecionado: qisc1112.dbf
2025-02-06 21:38:09,347 - INFO - Selecionado: qisc1201.dbf
2025-02-06 21:38:09,398 - INFO - Selecionado: qisc1202.dbf
2025-02-06 21:38:09,448 - INFO - Selecionado: qisc1203.dbf
2025-02-06 21:38:09,501 - INFO - Selecionado: qisc1204.dbf
2025-02-06 21:38:09,557 - INFO - Selecionado: qisc1205.dbf
2025-02-06 21:38:09,607 - INFO - Selecionado: qisc1206.dbf
2025-02-06 21:38:09,681 - INFO - Selecionado: qisc1207.dbf
2025-02-06 21:38:09,750 - INFO - Selecionado: qisc1208.dbf
2025-02-06 21:38:09,797 - INFO - Selecionado: qisc1209.dbf
2025-02-06 21:38:09,845 - INFO - Selecionado: qisc1210.dbf
2025-02-06 21:38:09,901 - INFO - Selecionado: qisc1211.dbf
2025-02-06 21:38:09,955 - INFO - Selecionado: qisc1212.dbf
2025-02-06 21:38:11,046 - INFO - Selecionado: qisc1301.dbf
2025-02-06 21:38:11,099 - INFO - Selecionado: qisc1302.dbf
2025-02-06 21:38:11,152 - INFO - Selecionado: qisc1303.dbf
2025-02-06 21:38:11,202 - INFO - Selecionado: qisc1304.dbf
2025-02-06 21:38:11,252 - INFO - Selecionado: qisc1305.dbf
2025-02-06 21:38:11,301 - INFO - Selecionado: qisc1306.dbf
2025-02-06 21:38:11,349 - INFO - Selecionado: qisc1307.dbf
2025-02-06 21:38:11,400 - INFO - Selecionado: qisc1308.dbf
2025-02-06 21:38:11,447 - INFO - Selecionado: qisc1309.dbf
2025-02-06 21:38:11,500 - INFO - Selecionado: qisc1310.dbf
2025-02-06 21:38:11,549 - INFO - Selecionado: qisc1311.dbf
2025-02-06 21:38:11,600 - INFO - Selecionado: qisc1312.dbf
2025-02-06 21:38:12,721 - INFO - Selecionado: qisc1401.dbf
2025-02-06 21:38:12,779 - INFO - Selecionado: qisc1402.dbf
2025-02-06 21:38:12,831 - INFO - Selecionado: qisc1403.dbf
2025-02-06 21:38:12,882 - INFO - Selecionado: qisc1404.dbf
2025-02-06 21:38:12,938 - INFO - Selecionado: qisc1405.dbf
2025-02-06 21:38:12,993 - INFO - Selecionado: qisc1406.dbf
2025-02-06 21:38:13,049 - INFO - Selecionado: qisc1407.dbf
2025-02-06 21:38:13,103 - INFO - Selecionado: qisc1408.dbf
2025-02-06 21:38:13,155 - INFO - Selecionado: qisc1409.dbf
2025-02-06 21:38:13,212 - INFO - Selecionado: qisc1410.dbf
2025-02-06 21:38:13,262 - INFO - Selecionado: qisc1411.dbf
2025-02-06 21:38:13,311 - INFO - Selecionado: qisc1412.dbf
2025-02-06 21:38:14,450 - INFO - Selecionado: qisc1501.dbf
2025-02-06 21:38:14,505 - INFO - Selecionado: qisc1502.dbf
2025-02-06 21:38:14,560 - INFO - Selecionado: qisc1503.dbf
2025-02-06 21:38:14,610 - INFO - Selecionado: qisc1504.dbf
2025-02-06 21:38:14,657 - INFO - Selecionado: qisc1505.dbf
2025-02-06 21:38:14,707 - INFO - Selecionado: qisc1506.dbf
2025-02-06 21:38:14,763 - INFO - Selecionado: qisc1507.dbf
2025-02-06 21:38:14,819 - INFO - Selecionado: qisc1508.dbf
2025-02-06 21:38:14,871 - INFO - Selecionado: qisc1509.dbf
2025-02-06 21:38:14,926 - INFO - Selecionado: qisc1510.dbf
2025-02-06 21:38:14,975 - INFO - Selecionado: qisc1511.dbf
2025-02-06 21:38:15,029 - INFO - Selecionado: qisc1512.dbf
2025-02-06 21:38:16,101 - INFO - Selecionado: qisc1601.dbf
2025-02-06 21:38:16,155 - INFO - Selecionado: qisc1602.dbf
2025-02-06 21:38:16,209 - INFO - Selecionado: qisc1603.dbf
2025-02-06 21:38:16,259 - INFO - Selecionado: qisc1604.dbf
2025-02-06 21:38:16,307 - INFO - Selecionado: qisc1605.dbf
2025-02-06 21:38:16,356 - INFO - Selecionado: qisc1606.dbf
2025-02-06 21:38:16,408 - INFO - Selecionado: qisc1607.dbf
2025-02-06 21:38:16,460 - INFO - Selecionado: qisc1608.dbf
2025-02-06 21:38:16,510 - INFO - Selecionado: qisc1609.dbf
2025-02-06 21:38:16,557 - INFO - Selecionado: qisc1610.dbf
2025-02-06 21:38:16,608 - INFO - Selecionado: qisc1611.dbf
2025-02-06 21:38:16,657 - INFO - Selecionado: qisc1612.dbf
2025-02-06 21:38:17,742 - INFO - Selecionado: qisc1701.dbf
2025-02-06 21:38:17,792 - INFO - Selecionado: qisc1702.dbf
2025-02-06 21:38:17,850 - INFO - Selecionado: qisc1703.dbf
2025-02-06 21:38:17,898 - INFO - Selecionado: qisc1704.dbf
2025-02-06 21:38:17,949 - INFO - Selecionado: qisc1705.dbf
2025-02-06 21:38:17,996 - INFO - Selecionado: qisc1706.dbf
2025-02-06 21:38:18,046 - INFO - Selecionado: qisc1707.dbf
2025-02-06 21:38:18,096 - INFO - Selecionado: qisc1708.dbf
2025-02-06 21:38:18,145 - INFO - Selecionado: qisc1709.dbf
2025-02-06 21:38:18,194 - INFO - Selecionado: qisc1710.dbf
2025-02-06 21:38:18,243 - INFO - Selecionado: qisc1711.dbf
2025-02-06 21:38:18,292 - INFO - Selecionado: qisc1712.dbf
2025-02-06 21:38:19,431 - INFO - Selecionado: qisc1801.dbf
2025-02-06 21:38:19,483 - INFO - Selecionado: qisc1802.dbf
2025-02-06 21:38:19,538 - INFO - Selecionado: qisc1803.dbf
2025-02-06 21:38:19,591 - INFO - Selecionado: qisc1804.dbf
2025-02-06 21:38:19,641 - INFO - Selecionado: qisc1805.dbf
2025-02-06 21:38:19,691 - INFO - Selecionado: qisc1806.dbf
2025-02-06 21:38:19,742 - INFO - Selecionado: qisc1807.dbf
2025-02-06 21:38:19,791 - INFO - Selecionado: qisc1808.dbf
2025-02-06 21:38:19,842 - INFO - Selecionado: qisc1809.dbf
2025-02-06 21:38:19,896 - INFO - Selecionado: qisc1810.dbf
2025-02-06 21:38:19,947 - INFO - Selecionado: qisc1811.dbf
2025-02-06 21:38:19,995 - INFO - Selecionado: qisc1812.dbf
2025-02-06 21:38:21,185 - INFO - Selecionado: qisc1901.dbf
2025-02-06 21:38:21,239 - INFO - Selecionado: qisc1902.dbf
2025-02-06 21:38:21,311 - INFO - Selecionado: qisc1903.dbf
2025-02-06 21:38:21,381 - INFO - Selecionado: qisc1904.dbf
2025-02-06 21:38:21,445 - INFO - Selecionado: qisc1905.dbf
2025-02-06 21:38:21,508 - INFO - Selecionado: qisc1906.dbf
2025-02-06 21:38:21,571 - INFO - Selecionado: qisc1907.dbf
2025-02-06 21:38:21,629 - INFO - Selecionado: qisc1908.dbf
2025-02-06 21:38:21,678 - INFO - Selecionado: qisc1909.dbf
2025-02-06 21:38:21,761 - INFO - Selecionado: qisc1910.dbf
2025-02-06 21:38:21,820 - INFO - Selecionado: qisc1911.dbf
2025-02-06 21:38:21,868 - INFO - Selecionado: qisc1912.dbf
2025-02-06 21:38:23,075 - INFO - Selecionado: qisc2001.dbf
2025-02-06 21:38:23,126 - INFO - Selecionado: qisc2002.dbf
2025-02-06 21:38:23,179 - INFO - Selecionado: qisc2003.dbf
2025-02-06 21:38:23,231 - INFO - Selecionado: qisc2004.dbf
2025-02-06 21:38:23,281 - INFO - Selecionado: qisc2005.dbf
2025-02-06 21:38:23,328 - INFO - Selecionado: qisc2006.dbf
2025-02-06 21:38:23,377 - INFO - Selecionado: qisc2007.dbf
2025-02-06 21:38:23,426 - INFO - Selecionado: qisc2008.dbf
2025-02-06 21:38:23,476 - INFO - Selecionado: qisc2009.dbf
2025-02-06 21:38:23,524 - INFO - Selecionado: qisc2010.dbf
2025-02-06 21:38:23,575 - INFO - Selecionado: qisc2011.dbf
2025-02-06 21:38:23,623 - INFO - Selecionado: qisc2012.dbf
2025-02-06 21:38:24,764 - INFO - Selecionado: qisc2101.dbf
2025-02-06 21:38:24,817 - INFO - Selecionado: qisc2102.dbf
2025-02-06 21:38:24,877 - INFO - Selecionado: qisc2103.dbf
2025-02-06 21:38:24,933 - INFO - Selecionado: qisc2104.dbf
2025-02-06 21:38:24,984 - INFO - Selecionado: qisc2105.dbf
2025-02-06 21:38:25,034 - INFO - Selecionado: qisc2106.dbf
2025-02-06 21:38:25,085 - INFO - Selecionado: qisc2107.dbf
2025-02-06 21:38:25,134 - INFO - Selecionado: qisc2108.dbf
2025-02-06 21:38:25,184 - INFO - Selecionado: qisc2109.dbf
2025-02-06 21:38:25,232 - INFO - Selecionado: qisc2110.dbf
2025-02-06 21:38:25,283 - INFO - Selecionado: qisc2111.dbf
2025-02-06 21:38:25,333 - INFO - Selecionado: qisc2112.dbf
2025-02-06 21:38:26,428 - INFO - Selecionado: qisc2201.dbf
2025-02-06 21:38:26,481 - INFO - Selecionado: qisc2202.dbf
2025-02-06 21:38:26,534 - INFO - Selecionado: qisc2203.dbf
2025-02-06 21:38:26,584 - INFO - Selecionado: qisc2204.dbf
2025-02-06 21:38:26,639 - INFO - Selecionado: qisc2205.dbf
2025-02-06 21:38:26,689 - INFO - Selecionado: qisc2206.dbf
2025-02-06 21:38:26,739 - INFO - Selecionado: qisc2207.dbf
2025-02-06 21:38:26,789 - INFO - Selecionado: qisc2208.dbf
2025-02-06 21:38:26,839 - INFO - Selecionado: qisc2209.dbf
2025-02-06 21:38:26,888 - INFO - Selecionado: qisc2210.dbf
2025-02-06 21:38:26,939 - INFO - Selecionado: qisc2211.dbf
2025-02-06 21:38:26,988 - INFO - Selecionado: qisc2212.dbf
2025-02-06 21:38:28,077 - INFO - Selecionado: qisc2301.dbf
2025-02-06 21:38:28,129 - INFO - Selecionado: qisc2302.dbf
2025-02-06 21:38:28,182 - INFO - Selecionado: qisc2303.dbf
2025-02-06 21:38:28,232 - INFO - Selecionado: qisc2304.dbf
2025-02-06 21:38:28,284 - INFO - Selecionado: qisc2305.dbf
2025-02-06 21:38:28,341 - INFO - Selecionado: qisc2306.dbf
2025-02-06 21:38:28,393 - INFO - Selecionado: qisc2307.dbf
2025-02-06 21:38:28,442 - INFO - Selecionado: qisc2308.dbf
2025-02-06 21:38:28,492 - INFO - Selecionado: qisc2309.dbf
2025-02-06 21:38:28,541 - INFO - Selecionado: qisc2310.dbf
2025-02-06 21:38:28,592 - INFO - Selecionado: qisc2311.dbf
2025-02-06 21:38:28,642 - INFO - Selecionado: qisc2312.dbf
2025-02-06 21:38:29,736 - INFO - Selecionado: qisc2401.dbf
2025-02-06 21:38:29,791 - INFO - Selecionado: qisc2402.dbf
2025-02-06 21:38:29,845 - INFO - Selecionado: qisc2403.dbf
2025-02-06 21:38:29,905 - INFO - Selecionado: qisc2404.dbf
2025-02-06 21:38:29,957 - INFO - Selecionado: qisc2405.dbf
2025-02-06 21:38:30,009 - INFO - Selecionado: qisc2406.dbf
2025-02-06 21:38:30,060 - INFO - Selecionado: qisc2407.dbf
2025-02-06 21:38:30,113 - INFO - Selecionado: qisc2408.dbf
2025-02-06 21:38:30,163 - INFO - Selecionado: qisc2409.dbf
2025-02-06 21:38:30,214 - INFO - Selecionado: qisc2410.dbf
2025-02-06 21:38:30,265 - INFO - Selecionado: qisc2411.dbf
2025-02-06 21:38:31,248 - INFO - Interagindo com outros elementos da página...
2025-02-06 21:38:31,362 - INFO - Esperando opções do dropdown de município serem carregadas...
2025-02-06 21:38:31,381 - INFO - Contando a posição do município...
2025-02-06 21:38:34,412 - INFO - Selecionando o município na posição 205 usando JavaScript...
2025-02-06 21:38:34,420 - INFO - Município selecionado.
2025-02-06 21:38:34,420 - INFO - Iniciando extração de dados...
2025-02-06 21:38:34,559 - INFO - Esperando pela tabela na nova guia...
2025-04-10 22:54:02,542 - INFO - Baixando SIH da UF 26...
2025-04-10 22:54:06,467 - INFO - Selecionando 'Grupo procedimento'...
2025-04-10 22:54:06,585 - INFO - Selecionando 'Ano processamento'...
2025-04-10 22:54:06,661 - INFO - Selecionando múltiplos itens no dropdown 'Arquivos'...
2025-04-10 22:54:09,610 - INFO - Selecionado: qipe1101.dbf
2025-04-10 22:54:09,664 - INFO - Selecionado: qipe1102.dbf
2025-04-10 22:54:09,719 - INFO - Selecionado: qipe1103.dbf
2025-04-10 22:54:09,767 - INFO - Selecionado: qipe1104.dbf
2025-04-10 22:54:09,818 - INFO - Selecionado: qipe1105.dbf
2025-04-10 22:54:09,865 - INFO - Selecionado: qipe1106.dbf
2025-04-10 22:54:09,921 - INFO - Selecionado: qipe1107.dbf
2025-04-10 22:54:09,975 - INFO - Selecionado: qipe1108.dbf
2025-04-10 22:54:10,029 - INFO - Selecionado: qipe1109.dbf
2025-04-10 22:54:10,078 - INFO - Selecionado: qipe1110.dbf
2025-04-10 22:54:10,129 - INFO - Selecionado: qipe1111.dbf
2025-04-10 22:54:10,179 - INFO - Selecionado: qipe1112.dbf
2025-04-10 22:54:11,460 - INFO - Selecionado: qipe1201.dbf
2025-04-10 22:54:11,513 - INFO - Selecionado: qipe1202.dbf
2025-04-10 22:54:11,571 - INFO - Selecionado: qipe1203.dbf
2025-04-10 22:54:11,631 - INFO - Selecionado: qipe1204.dbf
2025-04-10 22:54:11,679 - INFO - Selecionado: qipe1205.dbf
2025-04-10 22:54:11,729 - INFO - Selecionado: qipe1206.dbf
2025-04-10 22:54:11,778 - INFO - Selecionado: qipe1207.dbf
2025-04-10 22:54:11,829 - INFO - Selecionado: qipe1208.dbf
2025-04-10 22:54:11,879 - INFO - Selecionado: qipe1209.dbf
2025-04-10 22:54:11,929 - INFO - Selecionado: qipe1210.dbf
2025-04-10 22:54:11,978 - INFO - Selecionado: qipe1211.dbf
2025-04-10 22:54:12,027 - INFO - Selecionado: qipe1212.dbf
2025-04-10 22:54:13,190 - INFO - Selecionado: qipe1301.dbf
2025-04-10 22:54:13,244 - INFO - Selecionado: qipe1302.dbf
2025-04-10 22:54:13,301 - INFO - Selecionado: qipe1303.dbf
2025-04-10 22:54:13,354 - INFO - Selecionado: qipe1304.dbf
2025-04-10 22:54:13,403 - INFO - Selecionado: qipe1305.dbf
2025-04-10 22:54:13,456 - INFO - Selecionado: qipe1306.dbf
2025-04-10 22:54:13,509 - INFO - Selecionado: qipe1307.dbf
2025-04-10 22:54:13,561 - INFO - Selecionado: qipe1308.dbf
2025-04-10 22:54:13,626 - INFO - Selecionado: qipe1309.dbf
2025-04-10 22:54:13,677 - INFO - Selecionado: qipe1310.dbf
2025-04-10 22:54:13,736 - INFO - Selecionado: qipe1311.dbf
2025-04-10 22:54:13,783 - INFO - Selecionado: qipe1312.dbf
2025-04-10 22:54:15,003 - INFO - Selecionado: qipe1401.dbf
2025-04-10 22:54:15,055 - INFO - Selecionado: qipe1402.dbf
2025-04-10 22:54:15,109 - INFO - Selecionado: qipe1403.dbf
2025-04-10 22:54:15,165 - INFO - Selecionado: qipe1404.dbf
2025-04-10 22:54:15,216 - INFO - Selecionado: qipe1405.dbf
2025-04-10 22:54:15,273 - INFO - Selecionado: qipe1406.dbf
2025-04-10 22:54:15,323 - INFO - Selecionado: qipe1407.dbf
2025-04-10 22:54:15,375 - INFO - Selecionado: qipe1408.dbf
2025-04-10 22:54:15,427 - INFO - Selecionado: qipe1409.dbf
2025-04-10 22:54:15,477 - INFO - Selecionado: qipe1410.dbf
2025-04-10 22:54:15,529 - INFO - Selecionado: qipe1411.dbf
2025-04-10 22:54:15,584 - INFO - Selecionado: qipe1412.dbf
2025-04-10 22:54:16,788 - INFO - Selecionado: qipe1501.dbf
2025-04-10 22:54:16,840 - INFO - Selecionado: qipe1502.dbf
2025-04-10 22:54:16,894 - INFO - Selecionado: qipe1503.dbf
2025-04-10 22:54:16,947 - INFO - Selecionado: qipe1504.dbf
2025-04-10 22:54:17,001 - INFO - Selecionado: qipe1505.dbf
2025-04-10 22:54:17,055 - INFO - Selecionado: qipe1506.dbf
2025-04-10 22:54:17,103 - INFO - Selecionado: qipe1507.dbf
2025-04-10 22:54:17,162 - INFO - Selecionado: qipe1508.dbf
2025-04-10 22:54:17,275 - INFO - Selecionado: qipe1509.dbf
2025-04-10 22:54:17,336 - INFO - Selecionado: qipe1510.dbf
2025-04-10 22:54:17,393 - INFO - Selecionado: qipe1511.dbf
2025-04-10 22:54:17,453 - INFO - Selecionado: qipe1512.dbf
2025-04-10 22:54:18,627 - INFO - Selecionado: qipe1601.dbf
2025-04-10 22:54:18,682 - INFO - Selecionado: qipe1602.dbf
2025-04-10 22:54:18,742 - INFO - Selecionado: qipe1603.dbf
2025-04-10 22:54:18,796 - INFO - Selecionado: qipe1604.dbf
2025-04-10 22:54:18,848 - INFO - Selecionado: qipe1605.dbf
2025-04-10 22:54:18,898 - INFO - Selecionado: qipe1606.dbf
2025-04-10 22:54:18,948 - INFO - Selecionado: qipe1607.dbf
2025-04-10 22:54:18,999 - INFO - Selecionado: qipe1608.dbf
2025-04-10 22:54:19,049 - INFO - Selecionado: qipe1609.dbf
2025-04-10 22:54:19,099 - INFO - Selecionado: qipe1610.dbf
2025-04-10 22:54:19,150 - INFO - Selecionado: qipe1611.dbf
2025-04-10 22:54:19,202 - INFO - Selecionado: qipe1612.dbf
2025-04-10 22:54:20,377 - INFO - Selecionado: qipe1701.dbf
2025-04-10 22:54:20,430 - INFO - Selecionado: qipe1702.dbf
2025-04-10 22:54:20,485 - INFO - Selecionado: qipe1703.dbf
2025-04-10 22:54:20,537 - INFO - Selecionado: qipe1704.dbf
2025-04-10 22:54:20,589 - INFO - Selecionado: qipe1705.dbf
2025-04-10 22:54:20,639 - INFO - Selecionado: qipe1706.dbf
2025-04-10 22:54:20,692 - INFO - Selecionado: qipe1707.dbf
2025-04-10 22:54:20,743 - INFO - Selecionado: qipe1708.dbf
2025-04-10 22:54:20,797 - INFO - Selecionado: qipe1709.dbf
2025-04-10 22:54:20,846 - INFO - Selecionado: qipe1710.dbf
2025-04-10 22:54:20,897 - INFO - Selecionado: qipe1711.dbf
2025-04-10 22:54:20,946 - INFO - Selecionado: qipe1712.dbf
2025-04-10 22:54:22,107 - INFO - Selecionado: qipe1801.dbf
2025-04-10 22:54:22,169 - INFO - Selecionado: qipe1802.dbf
2025-04-10 22:54:22,227 - INFO - Selecionado: qipe1803.dbf
2025-04-10 22:54:22,282 - INFO - Selecionado: qipe1804.dbf
2025-04-10 22:54:22,333 - INFO - Selecionado: qipe1805.dbf
2025-04-10 22:54:22,383 - INFO - Selecionado: qipe1806.dbf
2025-04-10 22:54:22,436 - INFO - Selecionado: qipe1807.dbf
2025-04-10 22:54:22,485 - INFO - Selecionado: qipe1808.dbf
2025-04-10 22:54:22,540 - INFO - Selecionado: qipe1809.dbf
2025-04-10 22:54:22,589 - INFO - Selecionado: qipe1810.dbf
2025-04-10 22:54:22,646 - INFO - Selecionado: qipe1811.dbf
2025-04-10 22:54:22,698 - INFO - Selecionado: qipe1812.dbf
2025-04-10 22:54:23,865 - INFO - Selecionado: qipe1901.dbf
2025-04-10 22:54:23,919 - INFO - Selecionado: qipe1902.dbf
2025-04-10 22:54:23,974 - INFO - Selecionado: qipe1903.dbf
2025-04-10 22:54:24,024 - INFO - Selecionado: qipe1904.dbf
2025-04-10 22:54:24,077 - INFO - Selecionado: qipe1905.dbf
2025-04-10 22:54:24,130 - INFO - Selecionado: qipe1906.dbf
2025-04-10 22:54:24,182 - INFO - Selecionado: qipe1907.dbf
2025-04-10 22:54:24,232 - INFO - Selecionado: qipe1908.dbf
2025-04-10 22:54:24,281 - INFO - Selecionado: qipe1909.dbf
2025-04-10 22:54:24,331 - INFO - Selecionado: qipe1910.dbf
2025-04-10 22:54:24,380 - INFO - Selecionado: qipe1911.dbf
2025-04-10 22:54:24,433 - INFO - Selecionado: qipe1912.dbf
2025-04-10 22:54:25,858 - INFO - Selecionado: qipe2001.dbf
2025-04-10 22:54:25,913 - INFO - Selecionado: qipe2002.dbf
2025-04-10 22:54:25,969 - INFO - Selecionado: qipe2003.dbf
2025-04-10 22:54:26,021 - INFO - Selecionado: qipe2004.dbf
2025-04-10 22:54:26,075 - INFO - Selecionado: qipe2005.dbf
2025-04-10 22:54:26,136 - INFO - Selecionado: qipe2006.dbf
2025-04-10 22:54:26,188 - INFO - Selecionado: qipe2007.dbf
2025-04-10 22:54:26,240 - INFO - Selecionado: qipe2008.dbf
2025-04-10 22:54:26,293 - INFO - Selecionado: qipe2009.dbf
2025-04-10 22:54:26,367 - INFO - Selecionado: qipe2010.dbf
2025-04-10 22:54:26,464 - INFO - Selecionado: qipe2011.dbf
2025-04-10 22:54:26,515 - INFO - Selecionado: qipe2012.dbf
2025-04-10 22:54:27,693 - INFO - Selecionado: qipe2101.dbf
2025-04-10 22:54:27,748 - INFO - Selecionado: qipe2102.dbf
2025-04-10 22:54:27,801 - INFO - Selecionado: qipe2103.dbf
2025-04-10 22:54:27,853 - INFO - Selecionado: qipe2104.dbf
2025-04-10 22:54:27,903 - INFO - Selecionado: qipe2105.dbf
2025-04-10 22:54:27,955 - INFO - Selecionado: qipe2106.dbf
2025-04-10 22:54:28,004 - INFO - Selecionado: qipe2107.dbf
2025-04-10 22:54:28,056 - INFO - Selecionado: qipe2108.dbf
2025-04-10 22:54:28,107 - INFO - Selecionado: qipe2109.dbf
2025-04-10 22:54:28,156 - INFO - Selecionado: qipe2110.dbf
2025-04-10 22:54:28,209 - INFO - Selecionado: qipe2111.dbf
2025-04-10 22:54:28,260 - INFO - Selecionado: qipe2112.dbf
2025-04-10 22:54:29,406 - INFO - Selecionado: qipe2201.dbf
2025-04-10 22:54:29,463 - INFO - Selecionado: qipe2202.dbf
2025-04-10 22:54:29,519 - INFO - Selecionado: qipe2203.dbf
2025-04-10 22:54:29,571 - INFO - Selecionado: qipe2204.dbf
2025-04-10 22:54:29,671 - INFO - Selecionado: qipe2205.dbf
2025-04-10 22:54:29,740 - INFO - Selecionado: qipe2206.dbf
2025-04-10 22:54:29,792 - INFO - Selecionado: qipe2207.dbf
2025-04-10 22:54:29,846 - INFO - Selecionado: qipe2208.dbf
2025-04-10 22:54:29,897 - INFO - Selecionado: qipe2209.dbf
2025-04-10 22:54:29,950 - INFO - Selecionado: qipe2210.dbf
2025-04-10 22:54:30,001 - INFO - Selecionado: qipe2211.dbf
2025-04-10 22:54:30,053 - INFO - Selecionado: qipe2212.dbf
2025-04-10 22:54:31,222 - INFO - Selecionado: qipe2301.dbf
2025-04-10 22:54:31,278 - INFO - Selecionado: qipe2302.dbf
2025-04-10 22:54:31,333 - INFO - Selecionado: qipe2303.dbf
2025-04-10 22:54:31,386 - INFO - Selecionado: qipe2304.dbf
2025-04-10 22:54:31,439 - INFO - Selecionado: qipe2305.dbf
2025-04-10 22:54:31,490 - INFO - Selecionado: qipe2306.dbf
2025-04-10 22:54:31,541 - INFO - Selecionado: qipe2307.dbf
2025-04-10 22:54:31,594 - INFO - Selecionado: qipe2308.dbf
2025-04-10 22:54:31,648 - INFO - Selecionado: qipe2309.dbf
2025-04-10 22:54:31,698 - INFO - Selecionado: qipe2310.dbf
2025-04-10 22:54:31,752 - INFO - Selecionado: qipe2311.dbf
2025-04-10 22:54:31,803 - INFO - Selecionado: qipe2312.dbf
2025-04-10 22:54:33,000 - INFO - Selecionado: qipe2401.dbf
2025-04-10 22:54:33,053 - INFO - Selecionado: qipe2402.dbf
2025-04-10 22:54:33,110 - INFO - Selecionado: qipe2403.dbf
2025-04-10 22:54:33,165 - INFO - Selecionado: qipe2404.dbf
2025-04-10 22:54:33,216 - INFO - Selecionado: qipe2405.dbf
2025-04-10 22:54:33,278 - INFO - Selecionado: qipe2406.dbf
2025-04-10 22:54:33,331 - INFO - Selecionado: qipe2407.dbf
2025-04-10 22:54:33,381 - INFO - Selecionado: qipe2408.dbf
2025-04-10 22:54:33,433 - INFO - Selecionado: qipe2409.dbf
2025-04-10 22:54:33,485 - INFO - Selecionado: qipe2410.dbf
2025-04-10 22:54:33,539 - INFO - Selecionado: qipe2411.dbf
2025-04-10 22:54:33,597 - INFO - Selecionado: qipe2412.dbf
2025-04-10 22:54:34,690 - INFO - Selecionado: qipe2501.dbf
2025-04-10 22:54:34,748 - INFO - Selecionado: qipe2502.dbf
2025-04-10 22:54:35,788 - INFO - Interagindo com outros elementos da página...
2025-04-10 22:54:35,902 - INFO - Esperando opções do dropdown de município serem carregadas...
2025-04-10 22:54:35,923 - INFO - Contando a posição do município...
2025-04-10 22:54:39,228 - INFO - Selecionando o município na posição 165 usando JavaScript...
2025-04-10 22:54:39,236 - INFO - Município selecionado.
2025-04-10 22:54:39,236 - INFO - Iniciando extração de dados...
2025-04-10 22:54:39,382 - INFO - Esperando pela tabela na nova guia...
2025-04-10 22:54:40,829 - INFO - Capturando dados da tabela com Selenium...
2025-04-10 22:54:41,027 - INFO - Headers: ['Grupo procedimento', '2011', '2012', '2013', '2014', '2015', '2016', '2017', '2018', '2019', '2020', '2021', '2022', '2023', '2024', '2025', 'Total']
2025-04-10 22:54:41,430 - INFO - Dados da tabela capturados.
2025-04-10 22:54:41,430 - INFO - Dados da tabela capturados:
2025-04-10 22:54:41,430 - INFO - [{'Grupo procedimento': '03 Procedimentos clinicos', '2011': 2560.0, '2012': 2290.0, '2013': 2170.0, '2014': 2181.0, '2015': 2077.0, '2016': 2130.0, '2017': 2106.0, '2018': 1995.0, '2019': 1854.0, '2020': 1447.0, '2021': 1446.0, '2022': 1327.0, '2023': 1418.0, '2024': 1155.0, '2025': 138.0, 'Total': 26294.0}, {'Grupo procedimento': '04 Procedimentos cirurgicos', '2011': 1274.0, '2012': 1451.0, '2013': 1719.0, '2014': 1631.0, '2015': 1342.0, '2016': 1396.0, '2017': 1154.0, '2018': 1204.0, '2019': 975.0, '2020': 265.0, '2021': 226.0, '2022': 445.0, '2023': 634.0, '2024': 884.0, '2025': 31.0, 'Total': 14631.0}]
2025-04-10 22:54:41,430 - INFO - Salvando os dados em arquivo JSON...
2025-04-10 22:54:41,492 - INFO - Fechando todas as janelas restantes...
2025-04-10 22:54:41,602 - INFO - Processo concluído.
